Copyright 1986-2022 Xilinx, Inc. All Rights Reserved. Copyright 2022-2024 Advanced Micro Devices, Inc. All Rights Reserved.
--------------------------------------------------------------------------------------------------------------------------------------------------
| Tool Version      : Vivado v.2024.1 (lin64) Build 5076996 Wed May 22 18:36:09 MDT 2024
| Date              : Tue Jun 16 09:40:16 2026
| Host              : iamjames77-MS-7D76 running 64-bit Ubuntu 22.04.5 LTS
| Command           : report_timing_summary -file timing_summary.rpt
| Design            : rmsnorm_rope_source_path
| Device            : xczu7ev-ffvc1156
| Speed File        : -2  PRODUCTION 1.30 05-15-2022
| Design State      : Routed
| Temperature Grade : E
--------------------------------------------------------------------------------------------------------------------------------------------------

Timing Summary Report

------------------------------------------------------------------------------------------------
| Timer Settings
| --------------
------------------------------------------------------------------------------------------------

  Enable Multi Corner Analysis               :  Yes
  Enable Pessimism Removal                   :  Yes
  Pessimism Removal Resolution               :  Nearest Common Node
  Enable Input Delay Default Clock           :  No
  Enable Preset / Clear Arcs                 :  No
  Disable Flight Delays                      :  No
  Ignore I/O Paths                           :  No
  Timing Early Launch at Borrowing Latches   :  No
  Borrow Time for Max Delay Exceptions       :  Yes
  Merge Timing Exceptions                    :  Yes
  Inter-SLR Compensation                     :  Conservative

  Corner  Analyze    Analyze    
  Name    Max Paths  Min Paths  
  ------  ---------  ---------  
  Slow    Yes        Yes        
  Fast    Yes        Yes        


------------------------------------------------------------------------------------------------
| Report Methodology
| ------------------
------------------------------------------------------------------------------------------------

No report available as report_methodology has not been run prior. Run report_methodology on the current design for the summary of methodology violations.



check_timing report

Table of Contents
-----------------
1. checking no_clock (0)
2. checking constant_clock (0)
3. checking pulse_width_clock (0)
4. checking unconstrained_internal_endpoints (0)
5. checking no_input_delay (8)
6. checking no_output_delay (193)
7. checking multiple_clock (0)
8. checking generated_clocks (0)
9. checking loops (0)
10. checking partial_input_delay (0)
11. checking partial_output_delay (0)
12. checking latch_loops (0)

1. checking no_clock (0)
------------------------
 There are 0 register/latch pins with no clock.


2. checking constant_clock (0)
------------------------------
 There are 0 register/latch pins with constant_clock.


3. checking pulse_width_clock (0)
---------------------------------
 There are 0 register/latch pins which need pulse_width check


4. checking unconstrained_internal_endpoints (0)
------------------------------------------------
 There are 0 pins that are not constrained for maximum delay.

 There are 0 pins that are not constrained for maximum delay due to constant clock.


5. checking no_input_delay (8)
------------------------------
 There are 8 input ports with no input delay specified. (HIGH)

 There are 0 input ports with no input delay but user has a false path constraint.


6. checking no_output_delay (193)
---------------------------------
 There are 193 ports with no output delay specified. (HIGH)

 There are 0 ports with no output delay but user has a false path constraint

 There are 0 ports with no output delay but with a timing clock defined on it or propagating through it


7. checking multiple_clock (0)
------------------------------
 There are 0 register/latch pins with multiple clocks.


8. checking generated_clocks (0)
--------------------------------
 There are 0 generated clocks that are not connected to a clock source.


9. checking loops (0)
---------------------
 There are 0 combinational loops in the design.


10. checking partial_input_delay (0)
------------------------------------
 There are 0 input ports with partial input delay specified.


11. checking partial_output_delay (0)
-------------------------------------
 There are 0 ports with partial output delay specified.


12. checking latch_loops (0)
----------------------------
 There are 0 combinational latch loops in the design through latch input



------------------------------------------------------------------------------------------------
| Design Timing Summary
| ---------------------
------------------------------------------------------------------------------------------------

    WNS(ns)      TNS(ns)  TNS Failing Endpoints  TNS Total Endpoints      WHS(ns)      THS(ns)  THS Failing Endpoints  THS Total Endpoints     WPWS(ns)     TPWS(ns)  TPWS Failing Endpoints  TPWS Total Endpoints  
    -------      -------  ---------------------  -------------------      -------      -------  ---------------------  -------------------     --------     --------  ----------------------  --------------------  
      1.660        0.000                      0                  450        0.057        0.000                      0                  450        2.225        0.000                       0                   206  


All user specified timing constraints are met.


------------------------------------------------------------------------------------------------
| Clock Summary
| -------------
------------------------------------------------------------------------------------------------

Clock  Waveform(ns)         Period(ns)      Frequency(MHz)
-----  ------------         ----------      --------------
aclk   {0.000 2.500}        5.000           200.000         


------------------------------------------------------------------------------------------------
| Intra Clock Table
| -----------------
------------------------------------------------------------------------------------------------

Clock             WNS(ns)      TNS(ns)  TNS Failing Endpoints  TNS Total Endpoints      WHS(ns)      THS(ns)  THS Failing Endpoints  THS Total Endpoints     WPWS(ns)     TPWS(ns)  TPWS Failing Endpoints  TPWS Total Endpoints  
-----             -------      -------  ---------------------  -------------------      -------      -------  ---------------------  -------------------     --------     --------  ----------------------  --------------------  
aclk                1.660        0.000                      0                  450        0.057        0.000                      0                  450        2.225        0.000                       0                   206  


------------------------------------------------------------------------------------------------
| Inter Clock Table
| -----------------
------------------------------------------------------------------------------------------------

From Clock    To Clock          WNS(ns)      TNS(ns)  TNS Failing Endpoints  TNS Total Endpoints      WHS(ns)      THS(ns)  THS Failing Endpoints  THS Total Endpoints  
----------    --------          -------      -------  ---------------------  -------------------      -------      -------  ---------------------  -------------------  


------------------------------------------------------------------------------------------------
| Other Path Groups Table
| -----------------------
------------------------------------------------------------------------------------------------

Path Group    From Clock    To Clock          WNS(ns)      TNS(ns)  TNS Failing Endpoints  TNS Total Endpoints      WHS(ns)      THS(ns)  THS Failing Endpoints  THS Total Endpoints  
----------    ----------    --------          -------      -------  ---------------------  -------------------      -------      -------  ---------------------  -------------------  


------------------------------------------------------------------------------------------------
| Timing Details
| --------------
------------------------------------------------------------------------------------------------


---------------------------------------------------------------------------------------------------
From Clock:  aclk
  To Clock:  aclk

Setup :            0  Failing Endpoints,  Worst Slack        1.660ns,  Total Violation        0.000ns
Hold  :            0  Failing Endpoints,  Worst Slack        0.057ns,  Total Violation        0.000ns
PW    :            0  Failing Endpoints,  Worst Slack        2.225ns,  Total Violation        0.000ns
---------------------------------------------------------------------------------------------------


Max Delay Paths
--------------------------------------------------------------------------------------
Slack (MET) :             1.660ns  (required time - arrival time)
  Source:                 norm_selector_r_reg[0]/C
                            (rising edge-triggered cell FDRE clocked by aclk  {rise@0.000ns fall@2.500ns period=5.000ns})
  Destination:            rms_output_r_reg[53]/D
                            (rising edge-triggered cell FDRE clocked by aclk  {rise@0.000ns fall@2.500ns period=5.000ns})
  Path Group:             aclk
  Path Type:              Setup (Max at Slow Process Corner)
  Requirement:            5.000ns  (aclk rise@5.000ns - aclk rise@0.000ns)
  Data Path Delay:        3.275ns  (logic 1.892ns (57.764%)  route 1.383ns (42.236%))
  Logic Levels:           8  (DSP_A_B_DATA=1 DSP_ALU=1 DSP_M_DATA=1 DSP_MULTIPLIER=1 DSP_OUTPUT=1 DSP_PREADD_DATA=1 LUT1=1 LUT2=1)
  Clock Path Skew:        -0.054ns (DCD - SCD + CPR)
    Destination Clock Delay (DCD):    2.120ns = ( 7.120 - 5.000 ) 
    Source Clock Delay      (SCD):    2.826ns
    Clock Pessimism Removal (CPR):    0.652ns
  Clock Uncertainty:      0.035ns  ((TSJ^2 + TIJ^2)^1/2 + DJ) / 2 + PE
    Total System Jitter     (TSJ):    0.071ns
    Total Input Jitter      (TIJ):    0.000ns
    Discrete Jitter          (DJ):    0.000ns
    Phase Error              (PE):    0.000ns
  Clock Net Delay (Source):      1.597ns (routing 0.767ns, distribution 0.830ns)
  Clock Net Delay (Destination): 1.437ns (routing 0.696ns, distribution 0.741ns)

    Location             Delay type                Incr(ns)  Path(ns)    Netlist Resource(s)
  -------------------------------------------------------------------    -------------------
                         (clock aclk rise edge)       0.000     0.000 r  
    M9                                                0.000     0.000 r  aclk (IN)
                         net (fo=0)                   0.000     0.000    aclk_IBUF_inst/I
    M9                   INBUF (Prop_INBUF_HDIOB_M_PAD_O)
                                                      0.997     0.997 r  aclk_IBUF_inst/INBUF_INST/O
                         net (fo=1, routed)           0.000     0.997    aclk_IBUF_inst/OUT
    M9                   IBUFCTRL (Prop_IBUFCTRL_HDIOB_M_I_O)
                                                      0.000     0.997 r  aclk_IBUF_inst/IBUFCTRL_INST/O
                         net (fo=1, routed)           0.204     1.201    aclk_IBUF
    BUFGCE_HDIO_X2Y0     BUFGCE (Prop_BUFCE_BUFGCE_HDIO_I_O)
                                                      0.028     1.229 r  aclk_IBUF_BUFG_inst/O
    X2Y3 (CLOCK_ROOT)    net (fo=229, routed)         1.597     2.826    aclk_IBUF_BUFG
    SLICE_X69Y210        FDRE                                         r  norm_selector_r_reg[0]/C
  -------------------------------------------------------------------    -------------------
    SLICE_X69Y210        FDRE (Prop_DFF2_SLICEL_C_Q)
                                                      0.081     2.907 r  norm_selector_r_reg[0]/Q
                         net (fo=23, routed)          0.505     3.412    in30
    SLICE_X70Y200        LUT1 (Prop_H6LUT_SLICEM_I0_O)
                                                      0.152     3.564 f  rms_apply_at0_return0_i_1/O
                         net (fo=20, routed)          0.275     3.839    rms_apply_at1_return0/B[5]
    DSP48E2_X7Y78        DSP_A_B_DATA (Prop_DSP_A_B_DATA_DSP48E2_B[5]_B2_DATA[5])
                                                      0.151     3.990 r  rms_apply_at1_return0/DSP_A_B_DATA_INST/B2_DATA[5]
                         net (fo=1, routed)           0.000     3.990    rms_apply_at1_return0/DSP_A_B_DATA.B2_DATA<5>
    DSP48E2_X7Y78        DSP_PREADD_DATA (Prop_DSP_PREADD_DATA_DSP48E2_B2_DATA[5]_B2B1[5])
                                                      0.073     4.063 r  rms_apply_at1_return0/DSP_PREADD_DATA_INST/B2B1[5]
                         net (fo=1, routed)           0.000     4.063    rms_apply_at1_return0/DSP_PREADD_DATA.B2B1<5>
    DSP48E2_X7Y78        DSP_MULTIPLIER (Prop_DSP_MULTIPLIER_DSP48E2_B2B1[5]_V[28])
                                                      0.609     4.672 f  rms_apply_at1_return0/DSP_MULTIPLIER_INST/V[28]
                         net (fo=1, routed)           0.000     4.672    rms_apply_at1_return0/DSP_MULTIPLIER.V<28>
    DSP48E2_X7Y78        DSP_M_DATA (Prop_DSP_M_DATA_DSP48E2_V[28]_V_DATA[28])
                                                      0.046     4.718 r  rms_apply_at1_return0/DSP_M_DATA_INST/V_DATA[28]
                         net (fo=1, routed)           0.000     4.718    rms_apply_at1_return0/DSP_M_DATA.V_DATA<28>
    DSP48E2_X7Y78        DSP_ALU (Prop_DSP_ALU_DSP48E2_V_DATA[28]_ALU_OUT[28])
                                                      0.571     5.289 f  rms_apply_at1_return0/DSP_ALU_INST/ALU_OUT[28]
                         net (fo=1, routed)           0.000     5.289    rms_apply_at1_return0/DSP_ALU.ALU_OUT<28>
    DSP48E2_X7Y78        DSP_OUTPUT (Prop_DSP_OUTPUT_DSP48E2_ALU_OUT[28]_P[28])
                                                      0.109     5.398 r  rms_apply_at1_return0/DSP_OUTPUT_INST/P[28]
                         net (fo=1, routed)           0.162     5.560    rms_apply_at1_return0_n_77
    SLICE_X69Y198        LUT2 (Prop_A5LUT_SLICEL_I1_O)
                                                      0.100     5.660 r  rms_output_r[53]_i_1/O
                         net (fo=2, routed)           0.442     6.102    rms_output_r1_in[53]
    SLICE_X67Y195        FDRE                                         r  rms_output_r_reg[53]/D
  -------------------------------------------------------------------    -------------------

                         (clock aclk rise edge)       5.000     5.000 r  
    M9                                                0.000     5.000 r  aclk (IN)
                         net (fo=0)                   0.000     5.000    aclk_IBUF_inst/I
    M9                   INBUF (Prop_INBUF_HDIOB_M_PAD_O)
                                                      0.490     5.490 r  aclk_IBUF_inst/INBUF_INST/O
                         net (fo=1, routed)           0.000     5.490    aclk_IBUF_inst/OUT
    M9                   IBUFCTRL (Prop_IBUFCTRL_HDIOB_M_I_O)
                                                      0.000     5.490 r  aclk_IBUF_inst/IBUFCTRL_INST/O
                         net (fo=1, routed)           0.169     5.659    aclk_IBUF
    BUFGCE_HDIO_X2Y0     BUFGCE (Prop_BUFCE_BUFGCE_HDIO_I_O)
                                                      0.024     5.683 r  aclk_IBUF_BUFG_inst/O
    X2Y3 (CLOCK_ROOT)    net (fo=229, routed)         1.437     7.120    aclk_IBUF_BUFG
    SLICE_X67Y195        FDRE                                         r  rms_output_r_reg[53]/C
                         clock pessimism              0.652     7.772    
                         clock uncertainty           -0.035     7.737    
    SLICE_X67Y195        FDRE (Setup_EFF2_SLICEM_C_D)
                                                      0.025     7.762    rms_output_r_reg[53]
  -------------------------------------------------------------------
                         required time                          7.762    
                         arrival time                          -6.102    
  -------------------------------------------------------------------
                         slack                                  1.660    





Min Delay Paths
--------------------------------------------------------------------------------------
Slack (MET) :             0.057ns  (arrival time - required time)
  Source:                 FSM_sequential_state_r_reg[0]/C
                            (rising edge-triggered cell FDRE clocked by aclk  {rise@0.000ns fall@2.500ns period=5.000ns})
  Destination:            done_r_reg/D
                            (rising edge-triggered cell FDRE clocked by aclk  {rise@0.000ns fall@2.500ns period=5.000ns})
  Path Group:             aclk
  Path Type:              Hold (Min at Fast Process Corner)
  Requirement:            0.000ns  (aclk rise@0.000ns - aclk rise@0.000ns)
  Data Path Delay:        0.110ns  (logic 0.072ns (65.327%)  route 0.038ns (34.673%))
  Logic Levels:           1  (LUT4=1)
  Clock Path Skew:        0.006ns (DCD - SCD - CPR)
    Destination Clock Delay (DCD):    1.759ns
    Source Clock Delay      (SCD):    1.326ns
    Clock Pessimism Removal (CPR):    0.427ns
  Clock Net Delay (Source):      0.887ns (routing 0.424ns, distribution 0.463ns)
  Clock Net Delay (Destination): 1.008ns (routing 0.476ns, distribution 0.532ns)

    Location             Delay type                Incr(ns)  Path(ns)    Netlist Resource(s)
  -------------------------------------------------------------------    -------------------
                         (clock aclk rise edge)       0.000     0.000 r  
    M9                                                0.000     0.000 r  aclk (IN)
                         net (fo=0)                   0.000     0.000    aclk_IBUF_inst/I
    M9                   INBUF (Prop_INBUF_HDIOB_M_PAD_O)
                                                      0.331     0.331 r  aclk_IBUF_inst/INBUF_INST/O
                         net (fo=1, routed)           0.000     0.331    aclk_IBUF_inst/OUT
    M9                   IBUFCTRL (Prop_IBUFCTRL_HDIOB_M_I_O)
                                                      0.000     0.331 r  aclk_IBUF_inst/IBUFCTRL_INST/O
                         net (fo=1, routed)           0.091     0.422    aclk_IBUF
    BUFGCE_HDIO_X2Y0     BUFGCE (Prop_BUFCE_BUFGCE_HDIO_I_O)
                                                      0.017     0.439 r  aclk_IBUF_BUFG_inst/O
    X2Y3 (CLOCK_ROOT)    net (fo=229, routed)         0.887     1.326    aclk_IBUF_BUFG
    SLICE_X69Y206        FDRE                                         r  FSM_sequential_state_r_reg[0]/C
  -------------------------------------------------------------------    -------------------
    SLICE_X69Y206        FDRE (Prop_DFF_SLICEL_C_Q)
                                                      0.039     1.365 f  FSM_sequential_state_r_reg[0]/Q
                         net (fo=40, routed)          0.032     1.398    state_r[0]
    SLICE_X69Y206        LUT4 (Prop_D5LUT_SLICEL_I2_O)
                                                      0.033     1.431 r  done_r_i_2/O
                         net (fo=1, routed)           0.006     1.437    done_r_i_2_n_0
    SLICE_X69Y206        FDRE                                         r  done_r_reg/D
  -------------------------------------------------------------------    -------------------

                         (clock aclk rise edge)       0.000     0.000 r  
    M9                                                0.000     0.000 r  aclk (IN)
                         net (fo=0)                   0.000     0.000    aclk_IBUF_inst/I
    M9                   INBUF (Prop_INBUF_HDIOB_M_PAD_O)
                                                      0.619     0.619 r  aclk_IBUF_inst/INBUF_INST/O
                         net (fo=1, routed)           0.000     0.619    aclk_IBUF_inst/OUT
    M9                   IBUFCTRL (Prop_IBUFCTRL_HDIOB_M_I_O)
                                                      0.000     0.619 r  aclk_IBUF_inst/IBUFCTRL_INST/O
                         net (fo=1, routed)           0.113     0.732    aclk_IBUF
    BUFGCE_HDIO_X2Y0     BUFGCE (Prop_BUFCE_BUFGCE_HDIO_I_O)
                                                      0.019     0.751 r  aclk_IBUF_BUFG_inst/O
    X2Y3 (CLOCK_ROOT)    net (fo=229, routed)         1.008     1.759    aclk_IBUF_BUFG
    SLICE_X69Y206        FDRE                                         r  done_r_reg/C
                         clock pessimism             -0.427     1.332    
    SLICE_X69Y206        FDRE (Hold_DFF2_SLICEL_C_D)
                                                      0.047     1.379    done_r_reg
  -------------------------------------------------------------------
                         required time                         -1.379    
                         arrival time                           1.437    
  -------------------------------------------------------------------
                         slack                                  0.057    





Pulse Width Checks
--------------------------------------------------------------------------------------
Clock Name:         aclk
Waveform(ns):       { 0.000 2.500 }
Period(ns):         5.000
Sources:            { aclk }

Check Type        Corner  Lib Pin   Reference Pin  Required(ns)  Actual(ns)  Slack(ns)  Location          Pin
Min Period        n/a     BUFGCE/I  n/a            1.290         5.000       3.710      BUFGCE_HDIO_X2Y0  aclk_IBUF_BUFG_inst/I
Low Pulse Width   Slow    FDRE/C    n/a            0.275         2.500       2.225      SLICE_X69Y206     FSM_sequential_state_r_reg[0]/C
High Pulse Width  Slow    FDRE/C    n/a            0.275         2.500       2.225      SLICE_X69Y206     FSM_sequential_state_r_reg[0]/C



