Copyright 1986-2022 Xilinx, Inc. All Rights Reserved. Copyright 2022-2024 Advanced Micro Devices, Inc. All Rights Reserved.
--------------------------------------------------------------------------------------------------------------------------------------------------
| Tool Version      : Vivado v.2024.1 (lin64) Build 5076996 Wed May 22 18:36:09 MDT 2024
| Date              : Tue Jun 16 09:51:53 2026
| Host              : iamjames77-MS-7D76 running 64-bit Ubuntu 22.04.5 LTS
| Command           : report_timing_summary -file timing_summary.rpt
| Design            : token_loop_axi_attention_fixture
| Device            : xczu7ev-ffvc1156
| Speed File        : -2  PRODUCTION 1.30 05-15-2022
| Design State      : Routed
| Temperature Grade : E
--------------------------------------------------------------------------------------------------------------------------------------------------

Timing Summary Report

------------------------------------------------------------------------------------------------
| Timer Settings
| --------------
------------------------------------------------------------------------------------------------

  Enable Multi Corner Analysis               :  Yes
  Enable Pessimism Removal                   :  Yes
  Pessimism Removal Resolution               :  Nearest Common Node
  Enable Input Delay Default Clock           :  No
  Enable Preset / Clear Arcs                 :  No
  Disable Flight Delays                      :  No
  Ignore I/O Paths                           :  No
  Timing Early Launch at Borrowing Latches   :  No
  Borrow Time for Max Delay Exceptions       :  Yes
  Merge Timing Exceptions                    :  Yes
  Inter-SLR Compensation                     :  Conservative

  Corner  Analyze    Analyze    
  Name    Max Paths  Min Paths  
  ------  ---------  ---------  
  Slow    Yes        Yes        
  Fast    Yes        Yes        


------------------------------------------------------------------------------------------------
| Report Methodology
| ------------------
------------------------------------------------------------------------------------------------

No report available as report_methodology has not been run prior. Run report_methodology on the current design for the summary of methodology violations.



check_timing report

Table of Contents
-----------------
1. checking no_clock (0)
2. checking constant_clock (0)
3. checking pulse_width_clock (0)
4. checking unconstrained_internal_endpoints (0)
5. checking no_input_delay (2)
6. checking no_output_delay (90)
7. checking multiple_clock (0)
8. checking generated_clocks (0)
9. checking loops (0)
10. checking partial_input_delay (0)
11. checking partial_output_delay (0)
12. checking latch_loops (0)

1. checking no_clock (0)
------------------------
 There are 0 register/latch pins with no clock.


2. checking constant_clock (0)
------------------------------
 There are 0 register/latch pins with constant_clock.


3. checking pulse_width_clock (0)
---------------------------------
 There are 0 register/latch pins which need pulse_width check


4. checking unconstrained_internal_endpoints (0)
------------------------------------------------
 There are 0 pins that are not constrained for maximum delay.

 There are 0 pins that are not constrained for maximum delay due to constant clock.


5. checking no_input_delay (2)
------------------------------
 There are 2 input ports with no input delay specified. (HIGH)

 There are 0 input ports with no input delay but user has a false path constraint.


6. checking no_output_delay (90)
--------------------------------
 There are 90 ports with no output delay specified. (HIGH)

 There are 0 ports with no output delay but user has a false path constraint

 There are 0 ports with no output delay but with a timing clock defined on it or propagating through it


7. checking multiple_clock (0)
------------------------------
 There are 0 register/latch pins with multiple clocks.


8. checking generated_clocks (0)
--------------------------------
 There are 0 generated clocks that are not connected to a clock source.


9. checking loops (0)
---------------------
 There are 0 combinational loops in the design.


10. checking partial_input_delay (0)
------------------------------------
 There are 0 input ports with partial input delay specified.


11. checking partial_output_delay (0)
-------------------------------------
 There are 0 ports with partial output delay specified.


12. checking latch_loops (0)
----------------------------
 There are 0 combinational latch loops in the design through latch input



------------------------------------------------------------------------------------------------
| Design Timing Summary
| ---------------------
------------------------------------------------------------------------------------------------

    WNS(ns)      TNS(ns)  TNS Failing Endpoints  TNS Total Endpoints      WHS(ns)      THS(ns)  THS Failing Endpoints  THS Total Endpoints     WPWS(ns)     TPWS(ns)  TPWS Failing Endpoints  TPWS Total Endpoints  
    -------      -------  ---------------------  -------------------      -------      -------  ---------------------  -------------------     --------     --------  ----------------------  --------------------  
      2.277        0.000                      0                  754        0.026        0.000                      0                  754        2.225        0.000                       0                   393  


All user specified timing constraints are met.


------------------------------------------------------------------------------------------------
| Clock Summary
| -------------
------------------------------------------------------------------------------------------------

Clock  Waveform(ns)         Period(ns)      Frequency(MHz)
-----  ------------         ----------      --------------
aclk   {0.000 2.500}        5.000           200.000         


------------------------------------------------------------------------------------------------
| Intra Clock Table
| -----------------
------------------------------------------------------------------------------------------------

Clock             WNS(ns)      TNS(ns)  TNS Failing Endpoints  TNS Total Endpoints      WHS(ns)      THS(ns)  THS Failing Endpoints  THS Total Endpoints     WPWS(ns)     TPWS(ns)  TPWS Failing Endpoints  TPWS Total Endpoints  
-----             -------      -------  ---------------------  -------------------      -------      -------  ---------------------  -------------------     --------     --------  ----------------------  --------------------  
aclk                2.277        0.000                      0                  754        0.026        0.000                      0                  754        2.225        0.000                       0                   393  


------------------------------------------------------------------------------------------------
| Inter Clock Table
| -----------------
------------------------------------------------------------------------------------------------

From Clock    To Clock          WNS(ns)      TNS(ns)  TNS Failing Endpoints  TNS Total Endpoints      WHS(ns)      THS(ns)  THS Failing Endpoints  THS Total Endpoints  
----------    --------          -------      -------  ---------------------  -------------------      -------      -------  ---------------------  -------------------  


------------------------------------------------------------------------------------------------
| Other Path Groups Table
| -----------------------
------------------------------------------------------------------------------------------------

Path Group    From Clock    To Clock          WNS(ns)      TNS(ns)  TNS Failing Endpoints  TNS Total Endpoints      WHS(ns)      THS(ns)  THS Failing Endpoints  THS Total Endpoints  
----------    ----------    --------          -------      -------  ---------------------  -------------------      -------      -------  ---------------------  -------------------  


------------------------------------------------------------------------------------------------
| Timing Details
| --------------
------------------------------------------------------------------------------------------------


---------------------------------------------------------------------------------------------------
From Clock:  aclk
  To Clock:  aclk

Setup :            0  Failing Endpoints,  Worst Slack        2.277ns,  Total Violation        0.000ns
Hold  :            0  Failing Endpoints,  Worst Slack        0.026ns,  Total Violation        0.000ns
PW    :            0  Failing Endpoints,  Worst Slack        2.225ns,  Total Violation        0.000ns
---------------------------------------------------------------------------------------------------


Max Delay Paths
--------------------------------------------------------------------------------------
Slack (MET) :             2.277ns  (required time - arrival time)
  Source:                 u_top_fsm_axi_attention_fixture/u_layer_fsm_axi_attention_fixture/u_decoder_child_axi_attention_datapath/u_attention_kv_cache_fixture/value_cache_r_reg[1][3][2]/C
                            (rising edge-triggered cell FDRE clocked by aclk  {rise@0.000ns fall@2.500ns period=5.000ns})
  Destination:            u_top_fsm_axi_attention_fixture/u_layer_fsm_axi_attention_fixture/u_decoder_child_axi_attention_datapath/u_attention_kv_cache_fixture/score1_r_reg[16]/D
                            (rising edge-triggered cell FDRE clocked by aclk  {rise@0.000ns fall@2.500ns period=5.000ns})
  Path Group:             aclk
  Path Type:              Setup (Max at Slow Process Corner)
  Requirement:            5.000ns  (aclk rise@5.000ns - aclk rise@0.000ns)
  Data Path Delay:        2.546ns  (logic 1.385ns (54.409%)  route 1.161ns (45.591%))
  Logic Levels:           10  (CARRY8=6 LUT1=1 LUT2=3)
  Clock Path Skew:        -0.167ns (DCD - SCD + CPR)
    Destination Clock Delay (DCD):    2.034ns = ( 7.034 - 5.000 ) 
    Source Clock Delay      (SCD):    2.556ns
    Clock Pessimism Removal (CPR):    0.354ns
  Clock Uncertainty:      0.035ns  ((TSJ^2 + TIJ^2)^1/2 + DJ) / 2 + PE
    Total System Jitter     (TSJ):    0.071ns
    Total Input Jitter      (TIJ):    0.000ns
    Discrete Jitter          (DJ):    0.000ns
    Phase Error              (PE):    0.000ns
  Clock Net Delay (Source):      1.674ns (routing 0.682ns, distribution 0.992ns)
  Clock Net Delay (Destination): 1.444ns (routing 0.619ns, distribution 0.825ns)

    Location             Delay type                Incr(ns)  Path(ns)    Netlist Resource(s)
  -------------------------------------------------------------------    -------------------
                         (clock aclk rise edge)       0.000     0.000 r  
    AF18                                              0.000     0.000 r  aclk (IN)
                         net (fo=0)                   0.000     0.000    aclk_IBUF_inst/I
    AF18                 INBUF (Prop_INBUF_HPIOB_M_PAD_O)
                                                      0.530     0.530 r  aclk_IBUF_inst/INBUF_INST/O
                         net (fo=1, routed)           0.000     0.530    aclk_IBUF_inst/OUT
    AF18                 IBUFCTRL (Prop_IBUFCTRL_HPIOB_M_I_O)
                                                      0.000     0.530 r  aclk_IBUF_inst/IBUFCTRL_INST/O
                         net (fo=1, routed)           0.323     0.853    aclk_IBUF
    BUFGCE_X1Y39         BUFGCE (Prop_BUFCE_BUFGCE_I_O)
                                                      0.028     0.881 r  aclk_IBUF_BUFG_inst/O
    X1Y2 (CLOCK_ROOT)    net (fo=392, routed)         1.674     2.556    u_top_fsm_axi_attention_fixture/u_layer_fsm_axi_attention_fixture/u_decoder_child_axi_attention_datapath/u_attention_kv_cache_fixture/aclk_IBUF_BUFG
    SLICE_X66Y182        FDRE                                         r  u_top_fsm_axi_attention_fixture/u_layer_fsm_axi_attention_fixture/u_decoder_child_axi_attention_datapath/u_attention_kv_cache_fixture/value_cache_r_reg[1][3][2]/C
  -------------------------------------------------------------------    -------------------
    SLICE_X66Y182        FDRE (Prop_HFF2_SLICEL_C_Q)
                                                      0.080     2.636 r  u_top_fsm_axi_attention_fixture/u_layer_fsm_axi_attention_fixture/u_decoder_child_axi_attention_datapath/u_attention_kv_cache_fixture/value_cache_r_reg[1][3][2]/Q
                         net (fo=122, routed)         0.273     2.909    u_top_fsm_axi_attention_fixture/u_layer_fsm_axi_attention_fixture/u_decoder_child_axi_attention_datapath/u_attention_kv_cache_fixture/value_cache_r_reg[1][3][2]_0
    SLICE_X66Y179        CARRY8 (Prop_CARRY8_SLICEL_S[0]_CO[3])
                                                      0.184     3.093 f  u_top_fsm_axi_attention_fixture/u_layer_fsm_axi_attention_fixture/u_decoder_child_axi_attention_datapath/u_attention_kv_cache_fixture/dot_key_slot0_return2_carry/CO[3]
                         net (fo=10, routed)          0.142     3.235    u_top_fsm_axi_attention_fixture/u_layer_fsm_axi_attention_fixture/u_decoder_child_axi_attention_datapath/u_attention_kv_cache_fixture/dot_key_slot0_return2_carry_n_4
    SLICE_X66Y180        LUT1 (Prop_F6LUT_SLICEL_I0_O)
                                                      0.123     3.358 r  u_top_fsm_axi_attention_fixture/u_layer_fsm_axi_attention_fixture/u_decoder_child_axi_attention_datapath/u_attention_kv_cache_fixture/dot_key_slot0_return_carry_i_3/O
                         net (fo=1, routed)           0.011     3.369    u_top_fsm_axi_attention_fixture/u_layer_fsm_axi_attention_fixture/u_decoder_child_axi_attention_datapath/u_attention_kv_cache_fixture/dot_key_slot0_return_carry_i_3_n_0
    SLICE_X66Y180        CARRY8 (Prop_CARRY8_SLICEL_S[5]_CO[7])
                                                      0.155     3.524 r  u_top_fsm_axi_attention_fixture/u_layer_fsm_axi_attention_fixture/u_decoder_child_axi_attention_datapath/u_attention_kv_cache_fixture/dot_key_slot0_return_carry/CO[7]
                         net (fo=1, routed)           0.026     3.550    u_top_fsm_axi_attention_fixture/u_layer_fsm_axi_attention_fixture/u_decoder_child_axi_attention_datapath/u_attention_kv_cache_fixture/dot_key_slot0_return_carry_n_0
    SLICE_X66Y181        CARRY8 (Prop_CARRY8_SLICEL_CI_O[0])
                                                      0.056     3.606 r  u_top_fsm_axi_attention_fixture/u_layer_fsm_axi_attention_fixture/u_decoder_child_axi_attention_datapath/u_attention_kv_cache_fixture/dot_key_slot0_return_carry__0/O[0]
                         net (fo=1, routed)           0.169     3.775    u_top_fsm_axi_attention_fixture/u_layer_fsm_axi_attention_fixture/u_decoder_child_axi_attention_datapath/u_attention_kv_cache_fixture/C[8]
    SLICE_X67Y180        LUT2 (Prop_G6LUT_SLICEM_I1_O)
                                                      0.090     3.865 r  u_top_fsm_axi_attention_fixture/u_layer_fsm_axi_attention_fixture/u_decoder_child_axi_attention_datapath/u_attention_kv_cache_fixture/dot_key_slot0_return__24_carry_i_3/O
                         net (fo=1, routed)           0.016     3.881    u_top_fsm_axi_attention_fixture/u_layer_fsm_axi_attention_fixture/u_decoder_child_axi_attention_datapath/u_attention_kv_cache_fixture/dot_key_slot0_return__24_carry_i_3_n_0
    SLICE_X67Y180        CARRY8 (Prop_CARRY8_SLICEM_S[6]_CO[7])
                                                      0.117     3.998 r  u_top_fsm_axi_attention_fixture/u_layer_fsm_axi_attention_fixture/u_decoder_child_axi_attention_datapath/u_attention_kv_cache_fixture/dot_key_slot0_return__24_carry/CO[7]
                         net (fo=1, routed)           0.026     4.024    u_top_fsm_axi_attention_fixture/u_layer_fsm_axi_attention_fixture/u_decoder_child_axi_attention_datapath/u_attention_kv_cache_fixture/dot_key_slot0_return__24_carry_n_0
    SLICE_X67Y181        CARRY8 (Prop_CARRY8_SLICEM_CI_O[0])
                                                      0.056     4.080 r  u_top_fsm_axi_attention_fixture/u_layer_fsm_axi_attention_fixture/u_decoder_child_axi_attention_datapath/u_attention_kv_cache_fixture/dot_key_slot0_return__24_carry__0/O[0]
                         net (fo=1, routed)           0.229     4.309    u_top_fsm_axi_attention_fixture/u_layer_fsm_axi_attention_fixture/u_decoder_child_axi_attention_datapath/u_attention_kv_cache_fixture/PCIN[10]
    SLICE_X68Y181        LUT2 (Prop_B6LUT_SLICEL_I1_O)
                                                      0.124     4.433 r  u_top_fsm_axi_attention_fixture/u_layer_fsm_axi_attention_fixture/u_decoder_child_axi_attention_datapath/u_attention_kv_cache_fixture/score1_r[16]_i_9/O
                         net (fo=1, routed)           0.009     4.442    u_top_fsm_axi_attention_fixture/u_layer_fsm_axi_attention_fixture/u_decoder_child_axi_attention_datapath/u_attention_kv_cache_fixture/score1_r[16]_i_9_n_0
    SLICE_X68Y181        CARRY8 (Prop_CARRY8_SLICEL_S[1]_O[7])
                                                      0.234     4.676 r  u_top_fsm_axi_attention_fixture/u_layer_fsm_axi_attention_fixture/u_decoder_child_axi_attention_datapath/u_attention_kv_cache_fixture/score1_r_reg[16]_i_2/O[7]
                         net (fo=1, routed)           0.225     4.901    u_top_fsm_axi_attention_fixture/u_layer_fsm_axi_attention_fixture/u_decoder_child_axi_attention_datapath/u_attention_kv_cache_fixture/dot_key_slot0_return[16]
    SLICE_X67Y179        LUT2 (Prop_F5LUT_SLICEM_I1_O)
                                                      0.166     5.067 r  u_top_fsm_axi_attention_fixture/u_layer_fsm_axi_attention_fixture/u_decoder_child_axi_attention_datapath/u_attention_kv_cache_fixture/score1_r[16]_i_1/O
                         net (fo=1, routed)           0.034     5.101    u_top_fsm_axi_attention_fixture/u_layer_fsm_axi_attention_fixture/u_decoder_child_axi_attention_datapath/u_attention_kv_cache_fixture/score1_r[16]_i_1_n_0
    SLICE_X67Y179        FDRE                                         r  u_top_fsm_axi_attention_fixture/u_layer_fsm_axi_attention_fixture/u_decoder_child_axi_attention_datapath/u_attention_kv_cache_fixture/score1_r_reg[16]/D
  -------------------------------------------------------------------    -------------------

                         (clock aclk rise edge)       5.000     5.000 r  
    AF18                                              0.000     5.000 r  aclk (IN)
                         net (fo=0)                   0.000     5.000    aclk_IBUF_inst/I
    AF18                 INBUF (Prop_INBUF_HPIOB_M_PAD_O)
                                                      0.280     5.280 r  aclk_IBUF_inst/INBUF_INST/O
                         net (fo=1, routed)           0.000     5.280    aclk_IBUF_inst/OUT
    AF18                 IBUFCTRL (Prop_IBUFCTRL_HPIOB_M_I_O)
                                                      0.000     5.280 r  aclk_IBUF_inst/IBUFCTRL_INST/O
                         net (fo=1, routed)           0.286     5.566    aclk_IBUF
    BUFGCE_X1Y39         BUFGCE (Prop_BUFCE_BUFGCE_I_O)
                                                      0.024     5.590 r  aclk_IBUF_BUFG_inst/O
    X1Y2 (CLOCK_ROOT)    net (fo=392, routed)         1.444     7.034    u_top_fsm_axi_attention_fixture/u_layer_fsm_axi_attention_fixture/u_decoder_child_axi_attention_datapath/u_attention_kv_cache_fixture/aclk_IBUF_BUFG
    SLICE_X67Y179        FDRE                                         r  u_top_fsm_axi_attention_fixture/u_layer_fsm_axi_attention_fixture/u_decoder_child_axi_attention_datapath/u_attention_kv_cache_fixture/score1_r_reg[16]/C
                         clock pessimism              0.354     7.388    
                         clock uncertainty           -0.035     7.353    
    SLICE_X67Y179        FDRE (Setup_FFF2_SLICEM_C_D)
                                                      0.025     7.378    u_top_fsm_axi_attention_fixture/u_layer_fsm_axi_attention_fixture/u_decoder_child_axi_attention_datapath/u_attention_kv_cache_fixture/score1_r_reg[16]
  -------------------------------------------------------------------
                         required time                          7.378    
                         arrival time                          -5.101    
  -------------------------------------------------------------------
                         slack                                  2.277    





Min Delay Paths
--------------------------------------------------------------------------------------
Slack (MET) :             0.026ns  (arrival time - required time)
  Source:                 u_top_fsm_axi_attention_fixture/u_layer_fsm_axi_attention_fixture/u_decoder_child_axi_attention_datapath/u_projection_axi_stream_integration/compute_idx_r_reg[1]/C
                            (rising edge-triggered cell FDRE clocked by aclk  {rise@0.000ns fall@2.500ns period=5.000ns})
  Destination:            u_top_fsm_axi_attention_fixture/u_layer_fsm_axi_attention_fixture/u_decoder_child_axi_attention_datapath/u_projection_axi_stream_integration/compute_idx_r_reg[3]/D
                            (rising edge-triggered cell FDRE clocked by aclk  {rise@0.000ns fall@2.500ns period=5.000ns})
  Path Group:             aclk
  Path Type:              Hold (Min at Slow Process Corner)
  Requirement:            0.000ns  (aclk rise@0.000ns - aclk rise@0.000ns)
  Data Path Delay:        0.175ns  (logic 0.097ns (55.489%)  route 0.078ns (44.511%))
  Logic Levels:           1  (LUT5=1)
  Clock Path Skew:        0.088ns (DCD - SCD - CPR)
    Destination Clock Delay (DCD):    2.591ns
    Source Clock Delay      (SCD):    2.100ns
    Clock Pessimism Removal (CPR):    0.403ns
  Clock Net Delay (Source):      1.509ns (routing 0.619ns, distribution 0.890ns)
  Clock Net Delay (Destination): 1.709ns (routing 0.682ns, distribution 1.027ns)

    Location             Delay type                Incr(ns)  Path(ns)    Netlist Resource(s)
  -------------------------------------------------------------------    -------------------
                         (clock aclk rise edge)       0.000     0.000 r  
    AF18                                              0.000     0.000 r  aclk (IN)
                         net (fo=0)                   0.000     0.000    aclk_IBUF_inst/I
    AF18                 INBUF (Prop_INBUF_HPIOB_M_PAD_O)
                                                      0.280     0.280 r  aclk_IBUF_inst/INBUF_INST/O
                         net (fo=1, routed)           0.000     0.280    aclk_IBUF_inst/OUT
    AF18                 IBUFCTRL (Prop_IBUFCTRL_HPIOB_M_I_O)
                                                      0.000     0.280 r  aclk_IBUF_inst/IBUFCTRL_INST/O
                         net (fo=1, routed)           0.286     0.566    aclk_IBUF
    BUFGCE_X1Y39         BUFGCE (Prop_BUFCE_BUFGCE_I_O)
                                                      0.024     0.590 r  aclk_IBUF_BUFG_inst/O
    X1Y2 (CLOCK_ROOT)    net (fo=392, routed)         1.509     2.100    u_top_fsm_axi_attention_fixture/u_layer_fsm_axi_attention_fixture/u_decoder_child_axi_attention_datapath/u_projection_axi_stream_integration/aclk_IBUF_BUFG
    SLICE_X72Y184        FDRE                                         r  u_top_fsm_axi_attention_fixture/u_layer_fsm_axi_attention_fixture/u_decoder_child_axi_attention_datapath/u_projection_axi_stream_integration/compute_idx_r_reg[1]/C
  -------------------------------------------------------------------    -------------------
    SLICE_X72Y184        FDRE (Prop_HFF2_SLICEL_C_Q)
                                                      0.059     2.159 r  u_top_fsm_axi_attention_fixture/u_layer_fsm_axi_attention_fixture/u_decoder_child_axi_attention_datapath/u_projection_axi_stream_integration/compute_idx_r_reg[1]/Q
                         net (fo=6, routed)           0.065     2.223    u_top_fsm_axi_attention_fixture/u_layer_fsm_axi_attention_fixture/u_decoder_child_axi_attention_datapath/u_projection_axi_stream_integration/compute_idx_r_reg_n_0_[1]
    SLICE_X73Y184        LUT5 (Prop_D5LUT_SLICEM_I1_O)
                                                      0.038     2.261 r  u_top_fsm_axi_attention_fixture/u_layer_fsm_axi_attention_fixture/u_decoder_child_axi_attention_datapath/u_projection_axi_stream_integration/compute_idx_r[3]_i_1/O
                         net (fo=1, routed)           0.013     2.274    u_top_fsm_axi_attention_fixture/u_layer_fsm_axi_attention_fixture/u_decoder_child_axi_attention_datapath/u_projection_axi_stream_integration/p_1_in[3]
    SLICE_X73Y184        FDRE                                         r  u_top_fsm_axi_attention_fixture/u_layer_fsm_axi_attention_fixture/u_decoder_child_axi_attention_datapath/u_projection_axi_stream_integration/compute_idx_r_reg[3]/D
  -------------------------------------------------------------------    -------------------

                         (clock aclk rise edge)       0.000     0.000 r  
    AF18                                              0.000     0.000 r  aclk (IN)
                         net (fo=0)                   0.000     0.000    aclk_IBUF_inst/I
    AF18                 INBUF (Prop_INBUF_HPIOB_M_PAD_O)
                                                      0.530     0.530 r  aclk_IBUF_inst/INBUF_INST/O
                         net (fo=1, routed)           0.000     0.530    aclk_IBUF_inst/OUT
    AF18                 IBUFCTRL (Prop_IBUFCTRL_HPIOB_M_I_O)
                                                      0.000     0.530 r  aclk_IBUF_inst/IBUFCTRL_INST/O
                         net (fo=1, routed)           0.323     0.853    aclk_IBUF
    BUFGCE_X1Y39         BUFGCE (Prop_BUFCE_BUFGCE_I_O)
                                                      0.028     0.881 r  aclk_IBUF_BUFG_inst/O
    X1Y2 (CLOCK_ROOT)    net (fo=392, routed)         1.709     2.591    u_top_fsm_axi_attention_fixture/u_layer_fsm_axi_attention_fixture/u_decoder_child_axi_attention_datapath/u_projection_axi_stream_integration/aclk_IBUF_BUFG
    SLICE_X73Y184        FDRE                                         r  u_top_fsm_axi_attention_fixture/u_layer_fsm_axi_attention_fixture/u_decoder_child_axi_attention_datapath/u_projection_axi_stream_integration/compute_idx_r_reg[3]/C
                         clock pessimism             -0.403     2.188    
    SLICE_X73Y184        FDRE (Hold_DFF2_SLICEM_C_D)
                                                      0.061     2.249    u_top_fsm_axi_attention_fixture/u_layer_fsm_axi_attention_fixture/u_decoder_child_axi_attention_datapath/u_projection_axi_stream_integration/compute_idx_r_reg[3]
  -------------------------------------------------------------------
                         required time                         -2.249    
                         arrival time                           2.274    
  -------------------------------------------------------------------
                         slack                                  0.026    





Pulse Width Checks
--------------------------------------------------------------------------------------
Clock Name:         aclk
Waveform(ns):       { 0.000 2.500 }
Period(ns):         5.000
Sources:            { aclk }

Check Type        Corner  Lib Pin   Reference Pin  Required(ns)  Actual(ns)  Slack(ns)  Location       Pin
Min Period        n/a     BUFGCE/I  n/a            1.290         5.000       3.710      BUFGCE_X1Y39   aclk_IBUF_BUFG_inst/I
Low Pulse Width   Slow    FDRE/C    n/a            0.275         2.500       2.225      SLICE_X71Y193  FSM_sequential_state_r_reg[0]/C
High Pulse Width  Slow    FDRE/C    n/a            0.275         2.500       2.225      SLICE_X71Y193  FSM_sequential_state_r_reg[0]/C



