Copyright 1986-2022 Xilinx, Inc. All Rights Reserved. Copyright 2022-2024 Advanced Micro Devices, Inc. All Rights Reserved.
--------------------------------------------------------------------------------------------------------------------------------------------------
| Tool Version      : Vivado v.2024.1 (lin64) Build 5076996 Wed May 22 18:36:09 MDT 2024
| Date              : Tue Jun 16 09:54:30 2026
| Host              : iamjames77-MS-7D76 running 64-bit Ubuntu 22.04.5 LTS
| Command           : report_timing_summary -file timing_summary.rpt
| Design            : top_fsm_axi_decoder_block_fixture
| Device            : xczu7ev-ffvc1156
| Speed File        : -2  PRODUCTION 1.30 05-15-2022
| Design State      : Routed
| Temperature Grade : E
--------------------------------------------------------------------------------------------------------------------------------------------------

Timing Summary Report

------------------------------------------------------------------------------------------------
| Timer Settings
| --------------
------------------------------------------------------------------------------------------------

  Enable Multi Corner Analysis               :  Yes
  Enable Pessimism Removal                   :  Yes
  Pessimism Removal Resolution               :  Nearest Common Node
  Enable Input Delay Default Clock           :  No
  Enable Preset / Clear Arcs                 :  No
  Disable Flight Delays                      :  No
  Ignore I/O Paths                           :  No
  Timing Early Launch at Borrowing Latches   :  No
  Borrow Time for Max Delay Exceptions       :  Yes
  Merge Timing Exceptions                    :  Yes
  Inter-SLR Compensation                     :  Conservative

  Corner  Analyze    Analyze    
  Name    Max Paths  Min Paths  
  ------  ---------  ---------  
  Slow    Yes        Yes        
  Fast    Yes        Yes        


------------------------------------------------------------------------------------------------
| Report Methodology
| ------------------
------------------------------------------------------------------------------------------------

No report available as report_methodology has not been run prior. Run report_methodology on the current design for the summary of methodology violations.



check_timing report

Table of Contents
-----------------
1. checking no_clock (0)
2. checking constant_clock (0)
3. checking pulse_width_clock (0)
4. checking unconstrained_internal_endpoints (0)
5. checking no_input_delay (2)
6. checking no_output_delay (91)
7. checking multiple_clock (0)
8. checking generated_clocks (0)
9. checking loops (0)
10. checking partial_input_delay (0)
11. checking partial_output_delay (0)
12. checking latch_loops (0)

1. checking no_clock (0)
------------------------
 There are 0 register/latch pins with no clock.


2. checking constant_clock (0)
------------------------------
 There are 0 register/latch pins with constant_clock.


3. checking pulse_width_clock (0)
---------------------------------
 There are 0 register/latch pins which need pulse_width check


4. checking unconstrained_internal_endpoints (0)
------------------------------------------------
 There are 0 pins that are not constrained for maximum delay.

 There are 0 pins that are not constrained for maximum delay due to constant clock.


5. checking no_input_delay (2)
------------------------------
 There are 2 input ports with no input delay specified. (HIGH)

 There are 0 input ports with no input delay but user has a false path constraint.


6. checking no_output_delay (91)
--------------------------------
 There are 91 ports with no output delay specified. (HIGH)

 There are 0 ports with no output delay but user has a false path constraint

 There are 0 ports with no output delay but with a timing clock defined on it or propagating through it


7. checking multiple_clock (0)
------------------------------
 There are 0 register/latch pins with multiple clocks.


8. checking generated_clocks (0)
--------------------------------
 There are 0 generated clocks that are not connected to a clock source.


9. checking loops (0)
---------------------
 There are 0 combinational loops in the design.


10. checking partial_input_delay (0)
------------------------------------
 There are 0 input ports with partial input delay specified.


11. checking partial_output_delay (0)
-------------------------------------
 There are 0 ports with partial output delay specified.


12. checking latch_loops (0)
----------------------------
 There are 0 combinational latch loops in the design through latch input



------------------------------------------------------------------------------------------------
| Design Timing Summary
| ---------------------
------------------------------------------------------------------------------------------------

    WNS(ns)      TNS(ns)  TNS Failing Endpoints  TNS Total Endpoints      WHS(ns)      THS(ns)  THS Failing Endpoints  THS Total Endpoints     WPWS(ns)     TPWS(ns)  TPWS Failing Endpoints  TPWS Total Endpoints  
    -------      -------  ---------------------  -------------------      -------      -------  ---------------------  -------------------     --------     --------  ----------------------  --------------------  
      1.260        0.000                      0                 2026        0.005        0.000                      0                 2026        2.225        0.000                       0                   836  


All user specified timing constraints are met.


------------------------------------------------------------------------------------------------
| Clock Summary
| -------------
------------------------------------------------------------------------------------------------

Clock  Waveform(ns)         Period(ns)      Frequency(MHz)
-----  ------------         ----------      --------------
aclk   {0.000 2.500}        5.000           200.000         


------------------------------------------------------------------------------------------------
| Intra Clock Table
| -----------------
------------------------------------------------------------------------------------------------

Clock             WNS(ns)      TNS(ns)  TNS Failing Endpoints  TNS Total Endpoints      WHS(ns)      THS(ns)  THS Failing Endpoints  THS Total Endpoints     WPWS(ns)     TPWS(ns)  TPWS Failing Endpoints  TPWS Total Endpoints  
-----             -------      -------  ---------------------  -------------------      -------      -------  ---------------------  -------------------     --------     --------  ----------------------  --------------------  
aclk                1.260        0.000                      0                 2026        0.005        0.000                      0                 2026        2.225        0.000                       0                   836  


------------------------------------------------------------------------------------------------
| Inter Clock Table
| -----------------
------------------------------------------------------------------------------------------------

From Clock    To Clock          WNS(ns)      TNS(ns)  TNS Failing Endpoints  TNS Total Endpoints      WHS(ns)      THS(ns)  THS Failing Endpoints  THS Total Endpoints  
----------    --------          -------      -------  ---------------------  -------------------      -------      -------  ---------------------  -------------------  


------------------------------------------------------------------------------------------------
| Other Path Groups Table
| -----------------------
------------------------------------------------------------------------------------------------

Path Group    From Clock    To Clock          WNS(ns)      TNS(ns)  TNS Failing Endpoints  TNS Total Endpoints      WHS(ns)      THS(ns)  THS Failing Endpoints  THS Total Endpoints  
----------    ----------    --------          -------      -------  ---------------------  -------------------      -------      -------  ---------------------  -------------------  


------------------------------------------------------------------------------------------------
| Timing Details
| --------------
------------------------------------------------------------------------------------------------


---------------------------------------------------------------------------------------------------
From Clock:  aclk
  To Clock:  aclk

Setup :            0  Failing Endpoints,  Worst Slack        1.260ns,  Total Violation        0.000ns
Hold  :            0  Failing Endpoints,  Worst Slack        0.005ns,  Total Violation        0.000ns
PW    :            0  Failing Endpoints,  Worst Slack        2.225ns,  Total Violation        0.000ns
---------------------------------------------------------------------------------------------------


Max Delay Paths
--------------------------------------------------------------------------------------
Slack (MET) :             1.260ns  (required time - arrival time)
  Source:                 u_layer_fsm_axi_decoder_block_fixture/u_decoder_block_axi_attention_mlp_fixture/u_residual_mlp_fixture/(null)[0].value_i0__0/DSP_A_B_DATA_INST/CLK
                            (rising edge-triggered cell DSP_A_B_DATA clocked by aclk  {rise@0.000ns fall@2.500ns period=5.000ns})
  Destination:            u_layer_fsm_axi_decoder_block_fixture/u_decoder_block_axi_attention_mlp_fixture/u_residual_mlp_fixture/(null)[0].value_i0__4/DSP_A_B_DATA_INST/A[11]
                            (rising edge-triggered cell DSP_A_B_DATA clocked by aclk  {rise@0.000ns fall@2.500ns period=5.000ns})
  Path Group:             aclk
  Path Type:              Setup (Max at Slow Process Corner)
  Requirement:            5.000ns  (aclk rise@5.000ns - aclk rise@0.000ns)
  Data Path Delay:        3.338ns  (logic 2.114ns (63.327%)  route 1.224ns (36.673%))
  Logic Levels:           9  (CARRY8=2 DSP_ALU=1 DSP_M_DATA=1 DSP_MULTIPLIER=1 DSP_OUTPUT=1 DSP_PREADD_DATA=1 LUT2=1 LUT3=1)
  Clock Path Skew:        -0.106ns (DCD - SCD + CPR)
    Destination Clock Delay (DCD):    2.561ns = ( 7.561 - 5.000 ) 
    Source Clock Delay      (SCD):    3.359ns
    Clock Pessimism Removal (CPR):    0.693ns
  Clock Uncertainty:      0.035ns  ((TSJ^2 + TIJ^2)^1/2 + DJ) / 2 + PE
    Total System Jitter     (TSJ):    0.071ns
    Total Input Jitter      (TIJ):    0.000ns
    Discrete Jitter          (DJ):    0.000ns
    Phase Error              (PE):    0.000ns
  Clock Net Delay (Source):      2.065ns (routing 1.191ns, distribution 0.874ns)
  Clock Net Delay (Destination): 1.813ns (routing 1.080ns, distribution 0.733ns)

    Location             Delay type                Incr(ns)  Path(ns)    Netlist Resource(s)
  -------------------------------------------------------------------    -------------------
                         (clock aclk rise edge)       0.000     0.000 r  
    C3                                                0.000     0.000 r  aclk (IN)
                         net (fo=0)                   0.000     0.000    aclk_IBUF_inst/I
    C3                   INBUF (Prop_INBUF_HDIOB_M_PAD_O)
                                                      1.062     1.062 r  aclk_IBUF_inst/INBUF_INST/O
                         net (fo=1, routed)           0.000     1.062    aclk_IBUF_inst/OUT
    C3                   IBUFCTRL (Prop_IBUFCTRL_HDIOB_M_I_O)
                                                      0.000     1.062 r  aclk_IBUF_inst/IBUFCTRL_INST/O
                         net (fo=1, routed)           0.204     1.266    aclk_IBUF
    BUFGCE_HDIO_X2Y2     BUFGCE (Prop_BUFCE_BUFGCE_HDIO_I_O)
                                                      0.028     1.294 r  aclk_IBUF_BUFG_inst/O
    X2Y2 (CLOCK_ROOT)    net (fo=883, routed)         2.065     3.359    u_layer_fsm_axi_decoder_block_fixture/u_decoder_block_axi_attention_mlp_fixture/u_residual_mlp_fixture/(null)[0].value_i0__0/CLK
    DSP48E2_X9Y54        DSP_A_B_DATA                                 r  u_layer_fsm_axi_decoder_block_fixture/u_decoder_block_axi_attention_mlp_fixture/u_residual_mlp_fixture/(null)[0].value_i0__0/DSP_A_B_DATA_INST/CLK
  -------------------------------------------------------------------    -------------------
    DSP48E2_X9Y54        DSP_A_B_DATA (Prop_DSP_A_B_DATA_DSP48E2_CLK_B2_DATA[17])
                                                      0.212     3.571 r  u_layer_fsm_axi_decoder_block_fixture/u_decoder_block_axi_attention_mlp_fixture/u_residual_mlp_fixture/(null)[0].value_i0__0/DSP_A_B_DATA_INST/B2_DATA[17]
                         net (fo=1, routed)           0.000     3.571    u_layer_fsm_axi_decoder_block_fixture/u_decoder_block_axi_attention_mlp_fixture/u_residual_mlp_fixture/(null)[0].value_i0__0/DSP_A_B_DATA.B2_DATA<17>
    DSP48E2_X9Y54        DSP_PREADD_DATA (Prop_DSP_PREADD_DATA_DSP48E2_B2_DATA[17]_B2B1[17])
                                                      0.073     3.644 r  u_layer_fsm_axi_decoder_block_fixture/u_decoder_block_axi_attention_mlp_fixture/u_residual_mlp_fixture/(null)[0].value_i0__0/DSP_PREADD_DATA_INST/B2B1[17]
                         net (fo=1, routed)           0.000     3.644    u_layer_fsm_axi_decoder_block_fixture/u_decoder_block_axi_attention_mlp_fixture/u_residual_mlp_fixture/(null)[0].value_i0__0/DSP_PREADD_DATA.B2B1<17>
    DSP48E2_X9Y54        DSP_MULTIPLIER (Prop_DSP_MULTIPLIER_DSP48E2_B2B1[17]_V[22])
                                                      0.609     4.253 f  u_layer_fsm_axi_decoder_block_fixture/u_decoder_block_axi_attention_mlp_fixture/u_residual_mlp_fixture/(null)[0].value_i0__0/DSP_MULTIPLIER_INST/V[22]
                         net (fo=1, routed)           0.000     4.253    u_layer_fsm_axi_decoder_block_fixture/u_decoder_block_axi_attention_mlp_fixture/u_residual_mlp_fixture/(null)[0].value_i0__0/DSP_MULTIPLIER.V<22>
    DSP48E2_X9Y54        DSP_M_DATA (Prop_DSP_M_DATA_DSP48E2_V[22]_V_DATA[22])
                                                      0.046     4.299 r  u_layer_fsm_axi_decoder_block_fixture/u_decoder_block_axi_attention_mlp_fixture/u_residual_mlp_fixture/(null)[0].value_i0__0/DSP_M_DATA_INST/V_DATA[22]
                         net (fo=1, routed)           0.000     4.299    u_layer_fsm_axi_decoder_block_fixture/u_decoder_block_axi_attention_mlp_fixture/u_residual_mlp_fixture/(null)[0].value_i0__0/DSP_M_DATA.V_DATA<22>
    DSP48E2_X9Y54        DSP_ALU (Prop_DSP_ALU_DSP48E2_V_DATA[22]_ALU_OUT[22])
                                                      0.571     4.870 r  u_layer_fsm_axi_decoder_block_fixture/u_decoder_block_axi_attention_mlp_fixture/u_residual_mlp_fixture/(null)[0].value_i0__0/DSP_ALU_INST/ALU_OUT[22]
                         net (fo=1, routed)           0.000     4.870    u_layer_fsm_axi_decoder_block_fixture/u_decoder_block_axi_attention_mlp_fixture/u_residual_mlp_fixture/(null)[0].value_i0__0/DSP_ALU.ALU_OUT<22>
    DSP48E2_X9Y54        DSP_OUTPUT (Prop_DSP_OUTPUT_DSP48E2_ALU_OUT[22]_P[22])
                                                      0.109     4.979 f  u_layer_fsm_axi_decoder_block_fixture/u_decoder_block_axi_attention_mlp_fixture/u_residual_mlp_fixture/(null)[0].value_i0__0/DSP_OUTPUT_INST/P[22]
                         net (fo=4, routed)           0.346     5.325    u_layer_fsm_axi_decoder_block_fixture/u_decoder_block_axi_attention_mlp_fixture/u_residual_mlp_fixture/(null)[0].value_i0__0_n_83
    SLICE_X79Y139        LUT2 (Prop_C6LUT_SLICEM_I0_O)
                                                      0.123     5.448 r  u_layer_fsm_axi_decoder_block_fixture/u_decoder_block_axi_attention_mlp_fixture/u_residual_mlp_fixture/(null)[0].value_i0__4_i_124/O
                         net (fo=1, routed)           0.021     5.469    u_layer_fsm_axi_decoder_block_fixture/u_decoder_block_axi_attention_mlp_fixture/u_residual_mlp_fixture/(null)[0].value_i0__4_i_124_n_0
    SLICE_X79Y139        CARRY8 (Prop_CARRY8_SLICEM_S[2]_CO[7])
                                                      0.161     5.630 r  u_layer_fsm_axi_decoder_block_fixture/u_decoder_block_axi_attention_mlp_fixture/u_residual_mlp_fixture/(null)[0].value_i0__4_i_75/CO[7]
                         net (fo=1, routed)           0.026     5.656    u_layer_fsm_axi_decoder_block_fixture/u_decoder_block_axi_attention_mlp_fixture/u_residual_mlp_fixture/(null)[0].value_i0__4_i_75_n_0
    SLICE_X79Y140        CARRY8 (Prop_CARRY8_SLICEM_CI_CO[0])
                                                      0.052     5.708 r  u_layer_fsm_axi_decoder_block_fixture/u_decoder_block_axi_attention_mlp_fixture/u_residual_mlp_fixture/(null)[0].value_i0__4_i_38/CO[0]
                         net (fo=16, routed)          0.287     5.996    u_layer_fsm_axi_decoder_block_fixture/u_decoder_block_axi_attention_mlp_fixture/u_residual_mlp_fixture/(null)[0].value_i0__4_i_38_n_7
    SLICE_X78Y141        LUT3 (Prop_D5LUT_SLICEM_I0_O)
                                                      0.158     6.154 r  u_layer_fsm_axi_decoder_block_fixture/u_decoder_block_axi_attention_mlp_fixture/u_residual_mlp_fixture/(null)[0].value_i0__4_i_21/O
                         net (fo=1, routed)           0.544     6.698    u_layer_fsm_axi_decoder_block_fixture/u_decoder_block_axi_attention_mlp_fixture/u_residual_mlp_fixture/(null)[0].value_i0__4/A[11]
    DSP48E2_X8Y57        DSP_A_B_DATA                                 r  u_layer_fsm_axi_decoder_block_fixture/u_decoder_block_axi_attention_mlp_fixture/u_residual_mlp_fixture/(null)[0].value_i0__4/DSP_A_B_DATA_INST/A[11]
  -------------------------------------------------------------------    -------------------

                         (clock aclk rise edge)       5.000     5.000 r  
    C3                                                0.000     5.000 r  aclk (IN)
                         net (fo=0)                   0.000     5.000    aclk_IBUF_inst/I
    C3                   INBUF (Prop_INBUF_HDIOB_M_PAD_O)
                                                      0.555     5.555 r  aclk_IBUF_inst/INBUF_INST/O
                         net (fo=1, routed)           0.000     5.555    aclk_IBUF_inst/OUT
    C3                   IBUFCTRL (Prop_IBUFCTRL_HDIOB_M_I_O)
                                                      0.000     5.555 r  aclk_IBUF_inst/IBUFCTRL_INST/O
                         net (fo=1, routed)           0.169     5.724    aclk_IBUF
    BUFGCE_HDIO_X2Y2     BUFGCE (Prop_BUFCE_BUFGCE_HDIO_I_O)
                                                      0.024     5.748 r  aclk_IBUF_BUFG_inst/O
    X2Y2 (CLOCK_ROOT)    net (fo=883, routed)         1.813     7.561    u_layer_fsm_axi_decoder_block_fixture/u_decoder_block_axi_attention_mlp_fixture/u_residual_mlp_fixture/(null)[0].value_i0__4/CLK
    DSP48E2_X8Y57        DSP_A_B_DATA                                 r  u_layer_fsm_axi_decoder_block_fixture/u_decoder_block_axi_attention_mlp_fixture/u_residual_mlp_fixture/(null)[0].value_i0__4/DSP_A_B_DATA_INST/CLK
                         clock pessimism              0.693     8.254    
                         clock uncertainty           -0.035     8.218    
    DSP48E2_X8Y57        DSP_A_B_DATA (Setup_DSP_A_B_DATA_DSP48E2_CLK_A[11])
                                                     -0.261     7.957    u_layer_fsm_axi_decoder_block_fixture/u_decoder_block_axi_attention_mlp_fixture/u_residual_mlp_fixture/(null)[0].value_i0__4/DSP_A_B_DATA_INST
  -------------------------------------------------------------------
                         required time                          7.957    
                         arrival time                          -6.698    
  -------------------------------------------------------------------
                         slack                                  1.260    





Min Delay Paths
--------------------------------------------------------------------------------------
Slack (MET) :             0.005ns  (arrival time - required time)
  Source:                 u_layer_fsm_axi_decoder_block_fixture/u_decoder_block_axi_attention_mlp_fixture/u_decoder_child_axi_attention_datapath/u_projection_axi_stream_integration/state_r_reg[0]/C
                            (rising edge-triggered cell FDRE clocked by aclk  {rise@0.000ns fall@2.500ns period=5.000ns})
  Destination:            u_layer_fsm_axi_decoder_block_fixture/u_decoder_block_axi_attention_mlp_fixture/u_decoder_child_axi_attention_datapath/u_projection_axi_stream_integration/ar_ready_low_count_r_reg[1]/D
                            (rising edge-triggered cell FDRE clocked by aclk  {rise@0.000ns fall@2.500ns period=5.000ns})
  Path Group:             aclk
  Path Type:              Hold (Min at Slow Process Corner)
  Requirement:            0.000ns  (aclk rise@0.000ns - aclk rise@0.000ns)
  Data Path Delay:        0.172ns  (logic 0.090ns (52.229%)  route 0.082ns (47.771%))
  Logic Levels:           1  (LUT3=1)
  Clock Path Skew:        0.105ns (DCD - SCD - CPR)
    Destination Clock Delay (DCD):    3.369ns
    Source Clock Delay      (SCD):    2.572ns
    Clock Pessimism Removal (CPR):    0.692ns
  Clock Net Delay (Source):      1.824ns (routing 1.080ns, distribution 0.744ns)
  Clock Net Delay (Destination): 2.075ns (routing 1.191ns, distribution 0.884ns)

    Location             Delay type                Incr(ns)  Path(ns)    Netlist Resource(s)
  -------------------------------------------------------------------    -------------------
                         (clock aclk rise edge)       0.000     0.000 r  
    C3                                                0.000     0.000 r  aclk (IN)
                         net (fo=0)                   0.000     0.000    aclk_IBUF_inst/I
    C3                   INBUF (Prop_INBUF_HDIOB_M_PAD_O)
                                                      0.555     0.555 r  aclk_IBUF_inst/INBUF_INST/O
                         net (fo=1, routed)           0.000     0.555    aclk_IBUF_inst/OUT
    C3                   IBUFCTRL (Prop_IBUFCTRL_HDIOB_M_I_O)
                                                      0.000     0.555 r  aclk_IBUF_inst/IBUFCTRL_INST/O
                         net (fo=1, routed)           0.169     0.724    aclk_IBUF
    BUFGCE_HDIO_X2Y2     BUFGCE (Prop_BUFCE_BUFGCE_HDIO_I_O)
                                                      0.024     0.748 r  aclk_IBUF_BUFG_inst/O
    X2Y2 (CLOCK_ROOT)    net (fo=883, routed)         1.824     2.572    u_layer_fsm_axi_decoder_block_fixture/u_decoder_block_axi_attention_mlp_fixture/u_decoder_child_axi_attention_datapath/u_projection_axi_stream_integration/CLK
    SLICE_X66Y132        FDRE                                         r  u_layer_fsm_axi_decoder_block_fixture/u_decoder_block_axi_attention_mlp_fixture/u_decoder_child_axi_attention_datapath/u_projection_axi_stream_integration/state_r_reg[0]/C
  -------------------------------------------------------------------    -------------------
    SLICE_X66Y132        FDRE (Prop_AFF_SLICEL_C_Q)
                                                      0.058     2.630 r  u_layer_fsm_axi_decoder_block_fixture/u_decoder_block_axi_attention_mlp_fixture/u_decoder_child_axi_attention_datapath/u_projection_axi_stream_integration/state_r_reg[0]/Q
                         net (fo=27, routed)          0.073     2.703    u_layer_fsm_axi_decoder_block_fixture/u_decoder_block_axi_attention_mlp_fixture/u_decoder_child_axi_attention_datapath/u_projection_axi_stream_integration/state_r_reg_n_0_[0]
    SLICE_X68Y132        LUT3 (Prop_D5LUT_SLICEL_I2_O)
                                                      0.032     2.735 r  u_layer_fsm_axi_decoder_block_fixture/u_decoder_block_axi_attention_mlp_fixture/u_decoder_child_axi_attention_datapath/u_projection_axi_stream_integration/ar_ready_low_count_r[1]_i_2/O
                         net (fo=1, routed)           0.009     2.744    u_layer_fsm_axi_decoder_block_fixture/u_decoder_block_axi_attention_mlp_fixture/u_decoder_child_axi_attention_datapath/u_projection_axi_stream_integration/ar_ready_low_count_r[1]_i_2_n_0
    SLICE_X68Y132        FDRE                                         r  u_layer_fsm_axi_decoder_block_fixture/u_decoder_block_axi_attention_mlp_fixture/u_decoder_child_axi_attention_datapath/u_projection_axi_stream_integration/ar_ready_low_count_r_reg[1]/D
  -------------------------------------------------------------------    -------------------

                         (clock aclk rise edge)       0.000     0.000 r  
    C3                                                0.000     0.000 r  aclk (IN)
                         net (fo=0)                   0.000     0.000    aclk_IBUF_inst/I
    C3                   INBUF (Prop_INBUF_HDIOB_M_PAD_O)
                                                      1.062     1.062 r  aclk_IBUF_inst/INBUF_INST/O
                         net (fo=1, routed)           0.000     1.062    aclk_IBUF_inst/OUT
    C3                   IBUFCTRL (Prop_IBUFCTRL_HDIOB_M_I_O)
                                                      0.000     1.062 r  aclk_IBUF_inst/IBUFCTRL_INST/O
                         net (fo=1, routed)           0.204     1.266    aclk_IBUF
    BUFGCE_HDIO_X2Y2     BUFGCE (Prop_BUFCE_BUFGCE_HDIO_I_O)
                                                      0.028     1.294 r  aclk_IBUF_BUFG_inst/O
    X2Y2 (CLOCK_ROOT)    net (fo=883, routed)         2.075     3.369    u_layer_fsm_axi_decoder_block_fixture/u_decoder_block_axi_attention_mlp_fixture/u_decoder_child_axi_attention_datapath/u_projection_axi_stream_integration/CLK
    SLICE_X68Y132        FDRE                                         r  u_layer_fsm_axi_decoder_block_fixture/u_decoder_block_axi_attention_mlp_fixture/u_decoder_child_axi_attention_datapath/u_projection_axi_stream_integration/ar_ready_low_count_r_reg[1]/C
                         clock pessimism             -0.692     2.677    
    SLICE_X68Y132        FDRE (Hold_DFF2_SLICEL_C_D)
                                                      0.062     2.739    u_layer_fsm_axi_decoder_block_fixture/u_decoder_block_axi_attention_mlp_fixture/u_decoder_child_axi_attention_datapath/u_projection_axi_stream_integration/ar_ready_low_count_r_reg[1]
  -------------------------------------------------------------------
                         required time                         -2.739    
                         arrival time                           2.744    
  -------------------------------------------------------------------
                         slack                                  0.005    





Pulse Width Checks
--------------------------------------------------------------------------------------
Clock Name:         aclk
Waveform(ns):       { 0.000 2.500 }
Period(ns):         5.000
Sources:            { aclk }

Check Type        Corner  Lib Pin   Reference Pin  Required(ns)  Actual(ns)  Slack(ns)  Location          Pin
Min Period        n/a     BUFGCE/I  n/a            1.290         5.000       3.710      BUFGCE_HDIO_X2Y2  aclk_IBUF_BUFG_inst/I
Low Pulse Width   Slow    FDRE/C    n/a            0.275         2.500       2.225      SLICE_X69Y154     FSM_sequential_state_r_reg[0]/C
High Pulse Width  Slow    FDRE/C    n/a            0.275         2.500       2.225      SLICE_X69Y154     FSM_sequential_state_r_reg[0]/C



