Copyright 1986-2022 Xilinx, Inc. All Rights Reserved. Copyright 2022-2024 Advanced Micro Devices, Inc. All Rights Reserved.
--------------------------------------------------------------------------------------------------------------------------------------------------
| Tool Version      : Vivado v.2024.1 (lin64) Build 5076996 Wed May 22 18:36:09 MDT 2024
| Date              : Tue Jun 16 09:52:45 2026
| Host              : iamjames77-MS-7D76 running 64-bit Ubuntu 22.04.5 LTS
| Command           : report_timing_summary -file timing_summary.rpt
| Design            : decoder_block_axi_attention_mlp_fixture
| Device            : xczu7ev-ffvc1156
| Speed File        : -2  PRODUCTION 1.30 05-15-2022
| Design State      : Routed
| Temperature Grade : E
--------------------------------------------------------------------------------------------------------------------------------------------------

Timing Summary Report

------------------------------------------------------------------------------------------------
| Timer Settings
| --------------
------------------------------------------------------------------------------------------------

  Enable Multi Corner Analysis               :  Yes
  Enable Pessimism Removal                   :  Yes
  Pessimism Removal Resolution               :  Nearest Common Node
  Enable Input Delay Default Clock           :  No
  Enable Preset / Clear Arcs                 :  No
  Disable Flight Delays                      :  No
  Ignore I/O Paths                           :  No
  Timing Early Launch at Borrowing Latches   :  No
  Borrow Time for Max Delay Exceptions       :  Yes
  Merge Timing Exceptions                    :  Yes
  Inter-SLR Compensation                     :  Conservative

  Corner  Analyze    Analyze    
  Name    Max Paths  Min Paths  
  ------  ---------  ---------  
  Slow    Yes        Yes        
  Fast    Yes        Yes        


------------------------------------------------------------------------------------------------
| Report Methodology
| ------------------
------------------------------------------------------------------------------------------------

No report available as report_methodology has not been run prior. Run report_methodology on the current design for the summary of methodology violations.



check_timing report

Table of Contents
-----------------
1. checking no_clock (0)
2. checking constant_clock (0)
3. checking pulse_width_clock (0)
4. checking unconstrained_internal_endpoints (0)
5. checking no_input_delay (2)
6. checking no_output_delay (121)
7. checking multiple_clock (0)
8. checking generated_clocks (0)
9. checking loops (0)
10. checking partial_input_delay (0)
11. checking partial_output_delay (0)
12. checking latch_loops (0)

1. checking no_clock (0)
------------------------
 There are 0 register/latch pins with no clock.


2. checking constant_clock (0)
------------------------------
 There are 0 register/latch pins with constant_clock.


3. checking pulse_width_clock (0)
---------------------------------
 There are 0 register/latch pins which need pulse_width check


4. checking unconstrained_internal_endpoints (0)
------------------------------------------------
 There are 0 pins that are not constrained for maximum delay.

 There are 0 pins that are not constrained for maximum delay due to constant clock.


5. checking no_input_delay (2)
------------------------------
 There are 2 input ports with no input delay specified. (HIGH)

 There are 0 input ports with no input delay but user has a false path constraint.


6. checking no_output_delay (121)
---------------------------------
 There are 121 ports with no output delay specified. (HIGH)

 There are 0 ports with no output delay but user has a false path constraint

 There are 0 ports with no output delay but with a timing clock defined on it or propagating through it


7. checking multiple_clock (0)
------------------------------
 There are 0 register/latch pins with multiple clocks.


8. checking generated_clocks (0)
--------------------------------
 There are 0 generated clocks that are not connected to a clock source.


9. checking loops (0)
---------------------
 There are 0 combinational loops in the design.


10. checking partial_input_delay (0)
------------------------------------
 There are 0 input ports with partial input delay specified.


11. checking partial_output_delay (0)
-------------------------------------
 There are 0 ports with partial output delay specified.


12. checking latch_loops (0)
----------------------------
 There are 0 combinational latch loops in the design through latch input



------------------------------------------------------------------------------------------------
| Design Timing Summary
| ---------------------
------------------------------------------------------------------------------------------------

    WNS(ns)      TNS(ns)  TNS Failing Endpoints  TNS Total Endpoints      WHS(ns)      THS(ns)  THS Failing Endpoints  THS Total Endpoints     WPWS(ns)     TPWS(ns)  TPWS Failing Endpoints  TPWS Total Endpoints  
    -------      -------  ---------------------  -------------------      -------      -------  ---------------------  -------------------     --------     --------  ----------------------  --------------------  
      1.098        0.000                      0                 1828        0.012        0.000                      0                 1828        2.225        0.000                       0                   740  


All user specified timing constraints are met.


------------------------------------------------------------------------------------------------
| Clock Summary
| -------------
------------------------------------------------------------------------------------------------

Clock  Waveform(ns)         Period(ns)      Frequency(MHz)
-----  ------------         ----------      --------------
aclk   {0.000 2.500}        5.000           200.000         


------------------------------------------------------------------------------------------------
| Intra Clock Table
| -----------------
------------------------------------------------------------------------------------------------

Clock             WNS(ns)      TNS(ns)  TNS Failing Endpoints  TNS Total Endpoints      WHS(ns)      THS(ns)  THS Failing Endpoints  THS Total Endpoints     WPWS(ns)     TPWS(ns)  TPWS Failing Endpoints  TPWS Total Endpoints  
-----             -------      -------  ---------------------  -------------------      -------      -------  ---------------------  -------------------     --------     --------  ----------------------  --------------------  
aclk                1.098        0.000                      0                 1828        0.012        0.000                      0                 1828        2.225        0.000                       0                   740  


------------------------------------------------------------------------------------------------
| Inter Clock Table
| -----------------
------------------------------------------------------------------------------------------------

From Clock    To Clock          WNS(ns)      TNS(ns)  TNS Failing Endpoints  TNS Total Endpoints      WHS(ns)      THS(ns)  THS Failing Endpoints  THS Total Endpoints  
----------    --------          -------      -------  ---------------------  -------------------      -------      -------  ---------------------  -------------------  


------------------------------------------------------------------------------------------------
| Other Path Groups Table
| -----------------------
------------------------------------------------------------------------------------------------

Path Group    From Clock    To Clock          WNS(ns)      TNS(ns)  TNS Failing Endpoints  TNS Total Endpoints      WHS(ns)      THS(ns)  THS Failing Endpoints  THS Total Endpoints  
----------    ----------    --------          -------      -------  ---------------------  -------------------      -------      -------  ---------------------  -------------------  


------------------------------------------------------------------------------------------------
| Timing Details
| --------------
------------------------------------------------------------------------------------------------


---------------------------------------------------------------------------------------------------
From Clock:  aclk
  To Clock:  aclk

Setup :            0  Failing Endpoints,  Worst Slack        1.098ns,  Total Violation        0.000ns
Hold  :            0  Failing Endpoints,  Worst Slack        0.012ns,  Total Violation        0.000ns
PW    :            0  Failing Endpoints,  Worst Slack        2.225ns,  Total Violation        0.000ns
---------------------------------------------------------------------------------------------------


Max Delay Paths
--------------------------------------------------------------------------------------
Slack (MET) :             1.098ns  (required time - arrival time)
  Source:                 u_residual_mlp_fixture/(null)[0].value_i0/DSP_A_B_DATA_INST/CLK
                            (rising edge-triggered cell DSP_A_B_DATA clocked by aclk  {rise@0.000ns fall@2.500ns period=5.000ns})
  Destination:            u_residual_mlp_fixture/(null)[0].value_i0__3/DSP_A_B_DATA_INST/A[1]
                            (rising edge-triggered cell DSP_A_B_DATA clocked by aclk  {rise@0.000ns fall@2.500ns period=5.000ns})
  Path Group:             aclk
  Path Type:              Setup (Max at Slow Process Corner)
  Requirement:            5.000ns  (aclk rise@5.000ns - aclk rise@0.000ns)
  Data Path Delay:        3.493ns  (logic 2.092ns (59.885%)  route 1.401ns (40.115%))
  Logic Levels:           9  (CARRY8=2 DSP_ALU=1 DSP_M_DATA=1 DSP_MULTIPLIER=1 DSP_OUTPUT=1 DSP_PREADD_DATA=1 LUT2=1 LUT3=1)
  Clock Path Skew:        -0.105ns (DCD - SCD + CPR)
    Destination Clock Delay (DCD):    2.708ns = ( 7.708 - 5.000 ) 
    Source Clock Delay      (SCD):    3.518ns
    Clock Pessimism Removal (CPR):    0.705ns
  Clock Uncertainty:      0.035ns  ((TSJ^2 + TIJ^2)^1/2 + DJ) / 2 + PE
    Total System Jitter     (TSJ):    0.071ns
    Total Input Jitter      (TIJ):    0.000ns
    Discrete Jitter          (DJ):    0.000ns
    Phase Error              (PE):    0.000ns
  Clock Net Delay (Source):      2.285ns (routing 1.134ns, distribution 1.151ns)
  Clock Net Delay (Destination): 2.021ns (routing 1.032ns, distribution 0.989ns)

    Location             Delay type                Incr(ns)  Path(ns)    Netlist Resource(s)
  -------------------------------------------------------------------    -------------------
                         (clock aclk rise edge)       0.000     0.000 r  
    L8                                                0.000     0.000 r  aclk (IN)
                         net (fo=0)                   0.000     0.000    aclk_IBUF_inst/I
    L8                   INBUF (Prop_INBUF_HDIOB_M_PAD_O)
                                                      1.001     1.001 r  aclk_IBUF_inst/INBUF_INST/O
                         net (fo=1, routed)           0.000     1.001    aclk_IBUF_inst/OUT
    L8                   IBUFCTRL (Prop_IBUFCTRL_HDIOB_M_I_O)
                                                      0.000     1.001 r  aclk_IBUF_inst/IBUFCTRL_INST/O
                         net (fo=1, routed)           0.204     1.205    aclk_IBUF
    BUFGCE_HDIO_X2Y0     BUFGCE (Prop_BUFCE_BUFGCE_HDIO_I_O)
                                                      0.028     1.233 r  aclk_IBUF_BUFG_inst/O
    X1Y3 (CLOCK_ROOT)    net (fo=787, routed)         2.285     3.518    u_residual_mlp_fixture/(null)[0].value_i0/CLK
    DSP48E2_X8Y88        DSP_A_B_DATA                                 r  u_residual_mlp_fixture/(null)[0].value_i0/DSP_A_B_DATA_INST/CLK
  -------------------------------------------------------------------    -------------------
    DSP48E2_X8Y88        DSP_A_B_DATA (Prop_DSP_A_B_DATA_DSP48E2_CLK_B2_DATA[17])
                                                      0.212     3.730 r  u_residual_mlp_fixture/(null)[0].value_i0/DSP_A_B_DATA_INST/B2_DATA[17]
                         net (fo=1, routed)           0.000     3.730    u_residual_mlp_fixture/(null)[0].value_i0/DSP_A_B_DATA.B2_DATA<17>
    DSP48E2_X8Y88        DSP_PREADD_DATA (Prop_DSP_PREADD_DATA_DSP48E2_B2_DATA[17]_B2B1[17])
                                                      0.073     3.803 r  u_residual_mlp_fixture/(null)[0].value_i0/DSP_PREADD_DATA_INST/B2B1[17]
                         net (fo=1, routed)           0.000     3.803    u_residual_mlp_fixture/(null)[0].value_i0/DSP_PREADD_DATA.B2B1<17>
    DSP48E2_X8Y88        DSP_MULTIPLIER (Prop_DSP_MULTIPLIER_DSP48E2_B2B1[17]_V[18])
                                                      0.609     4.412 f  u_residual_mlp_fixture/(null)[0].value_i0/DSP_MULTIPLIER_INST/V[18]
                         net (fo=1, routed)           0.000     4.412    u_residual_mlp_fixture/(null)[0].value_i0/DSP_MULTIPLIER.V<18>
    DSP48E2_X8Y88        DSP_M_DATA (Prop_DSP_M_DATA_DSP48E2_V[18]_V_DATA[18])
                                                      0.046     4.458 r  u_residual_mlp_fixture/(null)[0].value_i0/DSP_M_DATA_INST/V_DATA[18]
                         net (fo=1, routed)           0.000     4.458    u_residual_mlp_fixture/(null)[0].value_i0/DSP_M_DATA.V_DATA<18>
    DSP48E2_X8Y88        DSP_ALU (Prop_DSP_ALU_DSP48E2_V_DATA[18]_ALU_OUT[18])
                                                      0.571     5.029 r  u_residual_mlp_fixture/(null)[0].value_i0/DSP_ALU_INST/ALU_OUT[18]
                         net (fo=1, routed)           0.000     5.029    u_residual_mlp_fixture/(null)[0].value_i0/DSP_ALU.ALU_OUT<18>
    DSP48E2_X8Y88        DSP_OUTPUT (Prop_DSP_OUTPUT_DSP48E2_ALU_OUT[18]_P[18])
                                                      0.109     5.138 f  u_residual_mlp_fixture/(null)[0].value_i0/DSP_OUTPUT_INST/P[18]
                         net (fo=3, routed)           0.374     5.512    u_residual_mlp_fixture/(null)[0].value_i0_n_87
    SLICE_X73Y226        LUT2 (Prop_A6LUT_SLICEM_I1_O)
                                                      0.125     5.637 r  u_residual_mlp_fixture/(null)[0].value_i0__3_i_112/O
                         net (fo=1, routed)           0.013     5.650    u_residual_mlp_fixture/(null)[0].value_i0__3_i_112_n_0
    SLICE_X73Y226        CARRY8 (Prop_CARRY8_SLICEM_S[0]_CO[7])
                                                      0.192     5.842 f  u_residual_mlp_fixture/(null)[0].value_i0__3_i_74/CO[7]
                         net (fo=1, routed)           0.026     5.868    u_residual_mlp_fixture/(null)[0].value_i0__3_i_74_n_0
    SLICE_X73Y227        CARRY8 (Prop_CARRY8_SLICEM_CI_CO[0])
                                                      0.052     5.920 f  u_residual_mlp_fixture/(null)[0].value_i0__3_i_38/CO[0]
                         net (fo=16, routed)          0.497     6.418    u_residual_mlp_fixture/(null)[0].value_i0__3_i_38_n_7
    SLICE_X78Y224        LUT3 (Prop_B5LUT_SLICEM_I1_O)
                                                      0.103     6.521 r  u_residual_mlp_fixture/(null)[0].value_i0__3_i_32/O
                         net (fo=1, routed)           0.491     7.012    u_residual_mlp_fixture/(null)[0].value_i0__3/A[1]
    DSP48E2_X7Y90        DSP_A_B_DATA                                 r  u_residual_mlp_fixture/(null)[0].value_i0__3/DSP_A_B_DATA_INST/A[1]
  -------------------------------------------------------------------    -------------------

                         (clock aclk rise edge)       5.000     5.000 r  
    L8                                                0.000     5.000 r  aclk (IN)
                         net (fo=0)                   0.000     5.000    aclk_IBUF_inst/I
    L8                   INBUF (Prop_INBUF_HDIOB_M_PAD_O)
                                                      0.494     5.494 r  aclk_IBUF_inst/INBUF_INST/O
                         net (fo=1, routed)           0.000     5.494    aclk_IBUF_inst/OUT
    L8                   IBUFCTRL (Prop_IBUFCTRL_HDIOB_M_I_O)
                                                      0.000     5.494 r  aclk_IBUF_inst/IBUFCTRL_INST/O
                         net (fo=1, routed)           0.169     5.663    aclk_IBUF
    BUFGCE_HDIO_X2Y0     BUFGCE (Prop_BUFCE_BUFGCE_HDIO_I_O)
                                                      0.024     5.687 r  aclk_IBUF_BUFG_inst/O
    X1Y3 (CLOCK_ROOT)    net (fo=787, routed)         2.021     7.708    u_residual_mlp_fixture/(null)[0].value_i0__3/CLK
    DSP48E2_X7Y90        DSP_A_B_DATA                                 r  u_residual_mlp_fixture/(null)[0].value_i0__3/DSP_A_B_DATA_INST/CLK
                         clock pessimism              0.705     8.413    
                         clock uncertainty           -0.035     8.378    
    DSP48E2_X7Y90        DSP_A_B_DATA (Setup_DSP_A_B_DATA_DSP48E2_CLK_A[1])
                                                     -0.268     8.110    u_residual_mlp_fixture/(null)[0].value_i0__3/DSP_A_B_DATA_INST
  -------------------------------------------------------------------
                         required time                          8.110    
                         arrival time                          -7.012    
  -------------------------------------------------------------------
                         slack                                  1.098    





Min Delay Paths
--------------------------------------------------------------------------------------
Slack (MET) :             0.012ns  (arrival time - required time)
  Source:                 captured_attention_r_reg[5]/C
                            (rising edge-triggered cell FDRE clocked by aclk  {rise@0.000ns fall@2.500ns period=5.000ns})
  Destination:            u_residual_mlp_fixture/attention_r_reg[5]/D
                            (rising edge-triggered cell FDRE clocked by aclk  {rise@0.000ns fall@2.500ns period=5.000ns})
  Path Group:             aclk
  Path Type:              Hold (Min at Slow Process Corner)
  Requirement:            0.000ns  (aclk rise@0.000ns - aclk rise@0.000ns)
  Data Path Delay:        0.173ns  (logic 0.058ns (33.526%)  route 0.115ns (66.474%))
  Logic Levels:           0  
  Clock Path Skew:        0.101ns (DCD - SCD - CPR)
    Destination Clock Delay (DCD):    3.521ns
    Source Clock Delay      (SCD):    2.716ns
    Clock Pessimism Removal (CPR):    0.705ns
  Clock Net Delay (Source):      2.029ns (routing 1.032ns, distribution 0.997ns)
  Clock Net Delay (Destination): 2.288ns (routing 1.134ns, distribution 1.154ns)

    Location             Delay type                Incr(ns)  Path(ns)    Netlist Resource(s)
  -------------------------------------------------------------------    -------------------
                         (clock aclk rise edge)       0.000     0.000 r  
    L8                                                0.000     0.000 r  aclk (IN)
                         net (fo=0)                   0.000     0.000    aclk_IBUF_inst/I
    L8                   INBUF (Prop_INBUF_HDIOB_M_PAD_O)
                                                      0.494     0.494 r  aclk_IBUF_inst/INBUF_INST/O
                         net (fo=1, routed)           0.000     0.494    aclk_IBUF_inst/OUT
    L8                   IBUFCTRL (Prop_IBUFCTRL_HDIOB_M_I_O)
                                                      0.000     0.494 r  aclk_IBUF_inst/IBUFCTRL_INST/O
                         net (fo=1, routed)           0.169     0.663    aclk_IBUF
    BUFGCE_HDIO_X2Y0     BUFGCE (Prop_BUFCE_BUFGCE_HDIO_I_O)
                                                      0.024     0.687 r  aclk_IBUF_BUFG_inst/O
    X1Y3 (CLOCK_ROOT)    net (fo=787, routed)         2.029     2.716    aclk_IBUF_BUFG
    SLICE_X78Y229        FDRE                                         r  captured_attention_r_reg[5]/C
  -------------------------------------------------------------------    -------------------
    SLICE_X78Y229        FDRE (Prop_BFF_SLICEM_C_Q)
                                                      0.058     2.774 r  captured_attention_r_reg[5]/Q
                         net (fo=1, routed)           0.115     2.889    u_residual_mlp_fixture/attention_r_reg[50]_0[5]
    SLICE_X76Y228        FDRE                                         r  u_residual_mlp_fixture/attention_r_reg[5]/D
  -------------------------------------------------------------------    -------------------

                         (clock aclk rise edge)       0.000     0.000 r  
    L8                                                0.000     0.000 r  aclk (IN)
                         net (fo=0)                   0.000     0.000    aclk_IBUF_inst/I
    L8                   INBUF (Prop_INBUF_HDIOB_M_PAD_O)
                                                      1.001     1.001 r  aclk_IBUF_inst/INBUF_INST/O
                         net (fo=1, routed)           0.000     1.001    aclk_IBUF_inst/OUT
    L8                   IBUFCTRL (Prop_IBUFCTRL_HDIOB_M_I_O)
                                                      0.000     1.001 r  aclk_IBUF_inst/IBUFCTRL_INST/O
                         net (fo=1, routed)           0.204     1.205    aclk_IBUF
    BUFGCE_HDIO_X2Y0     BUFGCE (Prop_BUFCE_BUFGCE_HDIO_I_O)
                                                      0.028     1.233 r  aclk_IBUF_BUFG_inst/O
    X1Y3 (CLOCK_ROOT)    net (fo=787, routed)         2.288     3.521    u_residual_mlp_fixture/CLK
    SLICE_X76Y228        FDRE                                         r  u_residual_mlp_fixture/attention_r_reg[5]/C
                         clock pessimism             -0.705     2.816    
    SLICE_X76Y228        FDRE (Hold_BFF_SLICEL_C_D)
                                                      0.060     2.876    u_residual_mlp_fixture/attention_r_reg[5]
  -------------------------------------------------------------------
                         required time                         -2.876    
                         arrival time                           2.889    
  -------------------------------------------------------------------
                         slack                                  0.012    





Pulse Width Checks
--------------------------------------------------------------------------------------
Clock Name:         aclk
Waveform(ns):       { 0.000 2.500 }
Period(ns):         5.000
Sources:            { aclk }

Check Type        Corner  Lib Pin   Reference Pin  Required(ns)  Actual(ns)  Slack(ns)  Location          Pin
Min Period        n/a     BUFGCE/I  n/a            1.290         5.000       3.710      BUFGCE_HDIO_X2Y0  aclk_IBUF_BUFG_inst/I
Low Pulse Width   Slow    FDRE/C    n/a            0.275         2.500       2.225      SLICE_X69Y239     FSM_sequential_state_r_reg[0]/C
High Pulse Width  Slow    FDRE/C    n/a            0.275         2.500       2.225      SLICE_X69Y239     FSM_sequential_state_r_reg[0]/C



