Copyright 1986-2022 Xilinx, Inc. All Rights Reserved. Copyright 2022-2024 Advanced Micro Devices, Inc. All Rights Reserved.
--------------------------------------------------------------------------------------------------------------------------------------------------
| Tool Version      : Vivado v.2024.1 (lin64) Build 5076996 Wed May 22 18:36:09 MDT 2024
| Date              : Tue Jun 16 09:51:04 2026
| Host              : iamjames77-MS-7D76 running 64-bit Ubuntu 22.04.5 LTS
| Command           : report_timing_summary -file timing_summary.rpt
| Design            : top_fsm_axi_attention_fixture
| Device            : xczu7ev-ffvc1156
| Speed File        : -2  PRODUCTION 1.30 05-15-2022
| Design State      : Routed
| Temperature Grade : E
--------------------------------------------------------------------------------------------------------------------------------------------------

Timing Summary Report

------------------------------------------------------------------------------------------------
| Timer Settings
| --------------
------------------------------------------------------------------------------------------------

  Enable Multi Corner Analysis               :  Yes
  Enable Pessimism Removal                   :  Yes
  Pessimism Removal Resolution               :  Nearest Common Node
  Enable Input Delay Default Clock           :  No
  Enable Preset / Clear Arcs                 :  No
  Disable Flight Delays                      :  No
  Ignore I/O Paths                           :  No
  Timing Early Launch at Borrowing Latches   :  No
  Borrow Time for Max Delay Exceptions       :  Yes
  Merge Timing Exceptions                    :  Yes
  Inter-SLR Compensation                     :  Conservative

  Corner  Analyze    Analyze    
  Name    Max Paths  Min Paths  
  ------  ---------  ---------  
  Slow    Yes        Yes        
  Fast    Yes        Yes        


------------------------------------------------------------------------------------------------
| Report Methodology
| ------------------
------------------------------------------------------------------------------------------------

No report available as report_methodology has not been run prior. Run report_methodology on the current design for the summary of methodology violations.



check_timing report

Table of Contents
-----------------
1. checking no_clock (0)
2. checking constant_clock (0)
3. checking pulse_width_clock (0)
4. checking unconstrained_internal_endpoints (0)
5. checking no_input_delay (2)
6. checking no_output_delay (98)
7. checking multiple_clock (0)
8. checking generated_clocks (0)
9. checking loops (0)
10. checking partial_input_delay (0)
11. checking partial_output_delay (0)
12. checking latch_loops (0)

1. checking no_clock (0)
------------------------
 There are 0 register/latch pins with no clock.


2. checking constant_clock (0)
------------------------------
 There are 0 register/latch pins with constant_clock.


3. checking pulse_width_clock (0)
---------------------------------
 There are 0 register/latch pins which need pulse_width check


4. checking unconstrained_internal_endpoints (0)
------------------------------------------------
 There are 0 pins that are not constrained for maximum delay.

 There are 0 pins that are not constrained for maximum delay due to constant clock.


5. checking no_input_delay (2)
------------------------------
 There are 2 input ports with no input delay specified. (HIGH)

 There are 0 input ports with no input delay but user has a false path constraint.


6. checking no_output_delay (98)
--------------------------------
 There are 98 ports with no output delay specified. (HIGH)

 There are 0 ports with no output delay but user has a false path constraint

 There are 0 ports with no output delay but with a timing clock defined on it or propagating through it


7. checking multiple_clock (0)
------------------------------
 There are 0 register/latch pins with multiple clocks.


8. checking generated_clocks (0)
--------------------------------
 There are 0 generated clocks that are not connected to a clock source.


9. checking loops (0)
---------------------
 There are 0 combinational loops in the design.


10. checking partial_input_delay (0)
------------------------------------
 There are 0 input ports with partial input delay specified.


11. checking partial_output_delay (0)
-------------------------------------
 There are 0 ports with partial output delay specified.


12. checking latch_loops (0)
----------------------------
 There are 0 combinational latch loops in the design through latch input



------------------------------------------------------------------------------------------------
| Design Timing Summary
| ---------------------
------------------------------------------------------------------------------------------------

    WNS(ns)      TNS(ns)  TNS Failing Endpoints  TNS Total Endpoints      WHS(ns)      THS(ns)  THS Failing Endpoints  THS Total Endpoints     WPWS(ns)     TPWS(ns)  TPWS Failing Endpoints  TPWS Total Endpoints  
    -------      -------  ---------------------  -------------------      -------      -------  ---------------------  -------------------     --------     --------  ----------------------  --------------------  
      2.230        0.000                      0                  738        0.032        0.000                      0                  738        2.225        0.000                       0                   388  


All user specified timing constraints are met.


------------------------------------------------------------------------------------------------
| Clock Summary
| -------------
------------------------------------------------------------------------------------------------

Clock  Waveform(ns)         Period(ns)      Frequency(MHz)
-----  ------------         ----------      --------------
aclk   {0.000 2.500}        5.000           200.000         


------------------------------------------------------------------------------------------------
| Intra Clock Table
| -----------------
------------------------------------------------------------------------------------------------

Clock             WNS(ns)      TNS(ns)  TNS Failing Endpoints  TNS Total Endpoints      WHS(ns)      THS(ns)  THS Failing Endpoints  THS Total Endpoints     WPWS(ns)     TPWS(ns)  TPWS Failing Endpoints  TPWS Total Endpoints  
-----             -------      -------  ---------------------  -------------------      -------      -------  ---------------------  -------------------     --------     --------  ----------------------  --------------------  
aclk                2.230        0.000                      0                  738        0.032        0.000                      0                  738        2.225        0.000                       0                   388  


------------------------------------------------------------------------------------------------
| Inter Clock Table
| -----------------
------------------------------------------------------------------------------------------------

From Clock    To Clock          WNS(ns)      TNS(ns)  TNS Failing Endpoints  TNS Total Endpoints      WHS(ns)      THS(ns)  THS Failing Endpoints  THS Total Endpoints  
----------    --------          -------      -------  ---------------------  -------------------      -------      -------  ---------------------  -------------------  


------------------------------------------------------------------------------------------------
| Other Path Groups Table
| -----------------------
------------------------------------------------------------------------------------------------

Path Group    From Clock    To Clock          WNS(ns)      TNS(ns)  TNS Failing Endpoints  TNS Total Endpoints      WHS(ns)      THS(ns)  THS Failing Endpoints  THS Total Endpoints  
----------    ----------    --------          -------      -------  ---------------------  -------------------      -------      -------  ---------------------  -------------------  


------------------------------------------------------------------------------------------------
| Timing Details
| --------------
------------------------------------------------------------------------------------------------


---------------------------------------------------------------------------------------------------
From Clock:  aclk
  To Clock:  aclk

Setup :            0  Failing Endpoints,  Worst Slack        2.230ns,  Total Violation        0.000ns
Hold  :            0  Failing Endpoints,  Worst Slack        0.032ns,  Total Violation        0.000ns
PW    :            0  Failing Endpoints,  Worst Slack        2.225ns,  Total Violation        0.000ns
---------------------------------------------------------------------------------------------------


Max Delay Paths
--------------------------------------------------------------------------------------
Slack (MET) :             2.230ns  (required time - arrival time)
  Source:                 u_layer_fsm_axi_attention_fixture/u_decoder_child_axi_attention_datapath/u_attention_kv_cache_fixture/value_cache_r_reg[1][3][2]/C
                            (rising edge-triggered cell FDRE clocked by aclk  {rise@0.000ns fall@2.500ns period=5.000ns})
  Destination:            u_layer_fsm_axi_attention_fixture/u_decoder_child_axi_attention_datapath/u_attention_kv_cache_fixture/score1_r_reg[27]/D
                            (rising edge-triggered cell FDRE clocked by aclk  {rise@0.000ns fall@2.500ns period=5.000ns})
  Path Group:             aclk
  Path Type:              Setup (Max at Slow Process Corner)
  Requirement:            5.000ns  (aclk rise@5.000ns - aclk rise@0.000ns)
  Data Path Delay:        2.692ns  (logic 1.442ns (53.575%)  route 1.250ns (46.425%))
  Logic Levels:           11  (CARRY8=7 LUT1=1 LUT2=3)
  Clock Path Skew:        -0.068ns (DCD - SCD + CPR)
    Destination Clock Delay (DCD):    2.559ns = ( 7.559 - 5.000 ) 
    Source Clock Delay      (SCD):    3.074ns
    Clock Pessimism Removal (CPR):    0.446ns
  Clock Uncertainty:      0.035ns  ((TSJ^2 + TIJ^2)^1/2 + DJ) / 2 + PE
    Total System Jitter     (TSJ):    0.071ns
    Total Input Jitter      (TIJ):    0.000ns
    Discrete Jitter          (DJ):    0.000ns
    Phase Error              (PE):    0.000ns
  Clock Net Delay (Source):      2.175ns (routing 1.158ns, distribution 1.017ns)
  Clock Net Delay (Destination): 1.952ns (routing 1.054ns, distribution 0.898ns)

    Location             Delay type                Incr(ns)  Path(ns)    Netlist Resource(s)
  -------------------------------------------------------------------    -------------------
                         (clock aclk rise edge)       0.000     0.000 r  
    H9                                                0.000     0.000 r  aclk (IN)
                         net (fo=0)                   0.000     0.000    aclk_IBUF_inst/I
    H9                   INBUF (Prop_INBUF_HPIOB_M_PAD_O)
                                                      0.548     0.548 r  aclk_IBUF_inst/INBUF_INST/O
                         net (fo=1, routed)           0.000     0.548    aclk_IBUF_inst/OUT
    H9                   IBUFCTRL (Prop_IBUFCTRL_HPIOB_M_I_O)
                                                      0.000     0.548 r  aclk_IBUF_inst/IBUFCTRL_INST/O
                         net (fo=1, routed)           0.323     0.871    aclk_IBUF
    BUFGCE_X1Y124        BUFGCE (Prop_BUFCE_BUFGCE_I_O)
                                                      0.028     0.899 r  aclk_IBUF_BUFG_inst/O
    X1Y3 (CLOCK_ROOT)    net (fo=387, routed)         2.175     3.074    u_layer_fsm_axi_attention_fixture/u_decoder_child_axi_attention_datapath/u_attention_kv_cache_fixture/aclk_IBUF_BUFG
    SLICE_X68Y242        FDRE                                         r  u_layer_fsm_axi_attention_fixture/u_decoder_child_axi_attention_datapath/u_attention_kv_cache_fixture/value_cache_r_reg[1][3][2]/C
  -------------------------------------------------------------------    -------------------
    SLICE_X68Y242        FDRE (Prop_HFF2_SLICEL_C_Q)
                                                      0.080     3.154 r  u_layer_fsm_axi_attention_fixture/u_decoder_child_axi_attention_datapath/u_attention_kv_cache_fixture/value_cache_r_reg[1][3][2]/Q
                         net (fo=122, routed)         0.291     3.445    u_layer_fsm_axi_attention_fixture/u_decoder_child_axi_attention_datapath/u_attention_kv_cache_fixture/value_cache_r_reg_n_0_[1][3][2]
    SLICE_X67Y240        CARRY8 (Prop_CARRY8_SLICEM_S[0]_CO[3])
                                                      0.186     3.631 f  u_layer_fsm_axi_attention_fixture/u_decoder_child_axi_attention_datapath/u_attention_kv_cache_fixture/dot_key_slot0_return2_carry/CO[3]
                         net (fo=10, routed)          0.146     3.776    u_layer_fsm_axi_attention_fixture/u_decoder_child_axi_attention_datapath/u_attention_kv_cache_fixture/dot_key_slot0_return2_carry_n_4
    SLICE_X67Y241        LUT1 (Prop_F6LUT_SLICEM_I0_O)
                                                      0.123     3.899 r  u_layer_fsm_axi_attention_fixture/u_decoder_child_axi_attention_datapath/u_attention_kv_cache_fixture/dot_key_slot0_return_carry_i_3/O
                         net (fo=1, routed)           0.022     3.921    u_layer_fsm_axi_attention_fixture/u_decoder_child_axi_attention_datapath/u_attention_kv_cache_fixture/dot_key_slot0_return_carry_i_3_n_0
    SLICE_X67Y241        CARRY8 (Prop_CARRY8_SLICEM_S[5]_CO[7])
                                                      0.159     4.080 r  u_layer_fsm_axi_attention_fixture/u_decoder_child_axi_attention_datapath/u_attention_kv_cache_fixture/dot_key_slot0_return_carry/CO[7]
                         net (fo=1, routed)           0.026     4.106    u_layer_fsm_axi_attention_fixture/u_decoder_child_axi_attention_datapath/u_attention_kv_cache_fixture/dot_key_slot0_return_carry_n_0
    SLICE_X67Y242        CARRY8 (Prop_CARRY8_SLICEM_CI_O[1])
                                                      0.076     4.182 r  u_layer_fsm_axi_attention_fixture/u_decoder_child_axi_attention_datapath/u_attention_kv_cache_fixture/dot_key_slot0_return_carry__0/O[1]
                         net (fo=4, routed)           0.189     4.371    u_layer_fsm_axi_attention_fixture/u_decoder_child_axi_attention_datapath/u_attention_kv_cache_fixture/C[9]
    SLICE_X68Y241        LUT2 (Prop_A6LUT_SLICEL_I0_O)
                                                      0.124     4.495 r  u_layer_fsm_axi_attention_fixture/u_decoder_child_axi_attention_datapath/u_attention_kv_cache_fixture/dot_key_slot0_return__24_carry__0_i_3/O
                         net (fo=1, routed)           0.009     4.504    u_layer_fsm_axi_attention_fixture/u_decoder_child_axi_attention_datapath/u_attention_kv_cache_fixture/dot_key_slot0_return__24_carry__0_i_3_n_0
    SLICE_X68Y241        CARRY8 (Prop_CARRY8_SLICEL_S[0]_CO[3])
                                                      0.184     4.688 r  u_layer_fsm_axi_attention_fixture/u_decoder_child_axi_attention_datapath/u_attention_kv_cache_fixture/dot_key_slot0_return__24_carry__0/CO[3]
                         net (fo=19, routed)          0.210     4.897    u_layer_fsm_axi_attention_fixture/u_decoder_child_axi_attention_datapath/u_attention_kv_cache_fixture/dot_key_slot0_return__24_carry__0_n_4
    SLICE_X69Y241        LUT2 (Prop_F6LUT_SLICEL_I1_O)
                                                      0.123     5.020 r  u_layer_fsm_axi_attention_fixture/u_decoder_child_axi_attention_datapath/u_attention_kv_cache_fixture/score1_r[16]_i_5/O
                         net (fo=1, routed)           0.011     5.031    u_layer_fsm_axi_attention_fixture/u_decoder_child_axi_attention_datapath/u_attention_kv_cache_fixture/score1_r[16]_i_5_n_0
    SLICE_X69Y241        CARRY8 (Prop_CARRY8_SLICEL_S[5]_CO[7])
                                                      0.155     5.186 r  u_layer_fsm_axi_attention_fixture/u_decoder_child_axi_attention_datapath/u_attention_kv_cache_fixture/score1_r_reg[16]_i_2/CO[7]
                         net (fo=1, routed)           0.026     5.212    u_layer_fsm_axi_attention_fixture/u_decoder_child_axi_attention_datapath/u_attention_kv_cache_fixture/score1_r_reg[16]_i_2_n_0
    SLICE_X69Y242        CARRY8 (Prop_CARRY8_SLICEL_CI_CO[7])
                                                      0.015     5.227 r  u_layer_fsm_axi_attention_fixture/u_decoder_child_axi_attention_datapath/u_attention_kv_cache_fixture/score1_r_reg[24]_i_2/CO[7]
                         net (fo=1, routed)           0.026     5.253    u_layer_fsm_axi_attention_fixture/u_decoder_child_axi_attention_datapath/u_attention_kv_cache_fixture/score1_r_reg[24]_i_2_n_0
    SLICE_X69Y243        CARRY8 (Prop_CARRY8_SLICEL_CI_O[2])
                                                      0.067     5.320 r  u_layer_fsm_axi_attention_fixture/u_decoder_child_axi_attention_datapath/u_attention_kv_cache_fixture/score1_r_reg[31]_i_2/O[2]
                         net (fo=1, routed)           0.242     5.562    u_layer_fsm_axi_attention_fixture/u_decoder_child_axi_attention_datapath/u_attention_kv_cache_fixture/dot_key_slot0_return[27]
    SLICE_X70Y244        LUT2 (Prop_A6LUT_SLICEM_I1_O)
                                                      0.150     5.712 r  u_layer_fsm_axi_attention_fixture/u_decoder_child_axi_attention_datapath/u_attention_kv_cache_fixture/score1_r[27]_i_1/O
                         net (fo=1, routed)           0.053     5.765    u_layer_fsm_axi_attention_fixture/u_decoder_child_axi_attention_datapath/u_attention_kv_cache_fixture/score1_r[27]_i_1_n_0
    SLICE_X70Y244        FDRE                                         r  u_layer_fsm_axi_attention_fixture/u_decoder_child_axi_attention_datapath/u_attention_kv_cache_fixture/score1_r_reg[27]/D
  -------------------------------------------------------------------    -------------------

                         (clock aclk rise edge)       5.000     5.000 r  
    H9                                                0.000     5.000 r  aclk (IN)
                         net (fo=0)                   0.000     5.000    aclk_IBUF_inst/I
    H9                   INBUF (Prop_INBUF_HPIOB_M_PAD_O)
                                                      0.297     5.297 r  aclk_IBUF_inst/INBUF_INST/O
                         net (fo=1, routed)           0.000     5.297    aclk_IBUF_inst/OUT
    H9                   IBUFCTRL (Prop_IBUFCTRL_HPIOB_M_I_O)
                                                      0.000     5.297 r  aclk_IBUF_inst/IBUFCTRL_INST/O
                         net (fo=1, routed)           0.286     5.583    aclk_IBUF
    BUFGCE_X1Y124        BUFGCE (Prop_BUFCE_BUFGCE_I_O)
                                                      0.024     5.607 r  aclk_IBUF_BUFG_inst/O
    X1Y3 (CLOCK_ROOT)    net (fo=387, routed)         1.952     7.559    u_layer_fsm_axi_attention_fixture/u_decoder_child_axi_attention_datapath/u_attention_kv_cache_fixture/aclk_IBUF_BUFG
    SLICE_X70Y244        FDRE                                         r  u_layer_fsm_axi_attention_fixture/u_decoder_child_axi_attention_datapath/u_attention_kv_cache_fixture/score1_r_reg[27]/C
                         clock pessimism              0.446     8.006    
                         clock uncertainty           -0.035     7.970    
    SLICE_X70Y244        FDRE (Setup_AFF_SLICEM_C_D)
                                                      0.025     7.995    u_layer_fsm_axi_attention_fixture/u_decoder_child_axi_attention_datapath/u_attention_kv_cache_fixture/score1_r_reg[27]
  -------------------------------------------------------------------
                         required time                          7.995    
                         arrival time                          -5.765    
  -------------------------------------------------------------------
                         slack                                  2.230    





Min Delay Paths
--------------------------------------------------------------------------------------
Slack (MET) :             0.032ns  (arrival time - required time)
  Source:                 u_layer_fsm_axi_attention_fixture/u_decoder_child_axi_attention_datapath/status_r_reg[4]/C
                            (rising edge-triggered cell FDRE clocked by aclk  {rise@0.000ns fall@2.500ns period=5.000ns})
  Destination:            u_layer_fsm_axi_attention_fixture/status_r_reg[20]/D
                            (rising edge-triggered cell FDRE clocked by aclk  {rise@0.000ns fall@2.500ns period=5.000ns})
  Path Group:             aclk
  Path Type:              Hold (Min at Fast Process Corner)
  Requirement:            0.000ns  (aclk rise@0.000ns - aclk rise@0.000ns)
  Data Path Delay:        0.117ns  (logic 0.059ns (50.427%)  route 0.058ns (49.573%))
  Logic Levels:           1  (LUT2=1)
  Clock Path Skew:        0.038ns (DCD - SCD - CPR)
    Destination Clock Delay (DCD):    1.914ns
    Source Clock Delay      (SCD):    1.547ns
    Clock Pessimism Removal (CPR):    0.328ns
  Clock Net Delay (Source):      1.204ns (routing 0.636ns, distribution 0.568ns)
  Clock Net Delay (Destination): 1.346ns (routing 0.708ns, distribution 0.638ns)

    Location             Delay type                Incr(ns)  Path(ns)    Netlist Resource(s)
  -------------------------------------------------------------------    -------------------
                         (clock aclk rise edge)       0.000     0.000 r  
    H9                                                0.000     0.000 r  aclk (IN)
                         net (fo=0)                   0.000     0.000    aclk_IBUF_inst/I
    H9                   INBUF (Prop_INBUF_HPIOB_M_PAD_O)
                                                      0.182     0.182 r  aclk_IBUF_inst/INBUF_INST/O
                         net (fo=1, routed)           0.000     0.182    aclk_IBUF_inst/OUT
    H9                   IBUFCTRL (Prop_IBUFCTRL_HPIOB_M_I_O)
                                                      0.000     0.182 r  aclk_IBUF_inst/IBUFCTRL_INST/O
                         net (fo=1, routed)           0.144     0.326    aclk_IBUF
    BUFGCE_X1Y124        BUFGCE (Prop_BUFCE_BUFGCE_I_O)
                                                      0.017     0.343 r  aclk_IBUF_BUFG_inst/O
    X1Y3 (CLOCK_ROOT)    net (fo=387, routed)         1.204     1.547    u_layer_fsm_axi_attention_fixture/u_decoder_child_axi_attention_datapath/aclk_IBUF_BUFG
    SLICE_X67Y244        FDRE                                         r  u_layer_fsm_axi_attention_fixture/u_decoder_child_axi_attention_datapath/status_r_reg[4]/C
  -------------------------------------------------------------------    -------------------
    SLICE_X67Y244        FDRE (Prop_HFF2_SLICEM_C_Q)
                                                      0.039     1.586 r  u_layer_fsm_axi_attention_fixture/u_decoder_child_axi_attention_datapath/status_r_reg[4]/Q
                         net (fo=1, routed)           0.052     1.638    u_layer_fsm_axi_attention_fixture/u_decoder_child_axi_attention_datapath/status_r_reg_n_0_[4]
    SLICE_X66Y244        LUT2 (Prop_C5LUT_SLICEL_I1_O)
                                                      0.020     1.658 r  u_layer_fsm_axi_attention_fixture/u_decoder_child_axi_attention_datapath/status_r[20]_i_1/O
                         net (fo=1, routed)           0.006     1.664    u_layer_fsm_axi_attention_fixture/u_decoder_child_axi_attention_datapath_n_64
    SLICE_X66Y244        FDRE                                         r  u_layer_fsm_axi_attention_fixture/status_r_reg[20]/D
  -------------------------------------------------------------------    -------------------

                         (clock aclk rise edge)       0.000     0.000 r  
    H9                                                0.000     0.000 r  aclk (IN)
                         net (fo=0)                   0.000     0.000    aclk_IBUF_inst/I
    H9                   INBUF (Prop_INBUF_HPIOB_M_PAD_O)
                                                      0.368     0.368 r  aclk_IBUF_inst/INBUF_INST/O
                         net (fo=1, routed)           0.000     0.368    aclk_IBUF_inst/OUT
    H9                   IBUFCTRL (Prop_IBUFCTRL_HPIOB_M_I_O)
                                                      0.000     0.368 r  aclk_IBUF_inst/IBUFCTRL_INST/O
                         net (fo=1, routed)           0.181     0.549    aclk_IBUF
    BUFGCE_X1Y124        BUFGCE (Prop_BUFCE_BUFGCE_I_O)
                                                      0.019     0.568 r  aclk_IBUF_BUFG_inst/O
    X1Y3 (CLOCK_ROOT)    net (fo=387, routed)         1.346     1.914    u_layer_fsm_axi_attention_fixture/aclk_IBUF_BUFG
    SLICE_X66Y244        FDRE                                         r  u_layer_fsm_axi_attention_fixture/status_r_reg[20]/C
                         clock pessimism             -0.328     1.586    
    SLICE_X66Y244        FDRE (Hold_CFF2_SLICEL_C_D)
                                                      0.047     1.633    u_layer_fsm_axi_attention_fixture/status_r_reg[20]
  -------------------------------------------------------------------
                         required time                         -1.633    
                         arrival time                           1.664    
  -------------------------------------------------------------------
                         slack                                  0.032    





Pulse Width Checks
--------------------------------------------------------------------------------------
Clock Name:         aclk
Waveform(ns):       { 0.000 2.500 }
Period(ns):         5.000
Sources:            { aclk }

Check Type        Corner  Lib Pin   Reference Pin  Required(ns)  Actual(ns)  Slack(ns)  Location       Pin
Min Period        n/a     BUFGCE/I  n/a            1.290         5.000       3.710      BUFGCE_X1Y124  aclk_IBUF_BUFG_inst/I
Low Pulse Width   Slow    FDRE/C    n/a            0.275         2.500       2.225      SLICE_X66Y246  FSM_sequential_state_r_reg[0]/C
High Pulse Width  Slow    FDRE/C    n/a            0.275         2.500       2.225      SLICE_X66Y246  FSM_sequential_state_r_reg[0]/C



