Copyright 1986-2022 Xilinx, Inc. All Rights Reserved. Copyright 2022-2024 Advanced Micro Devices, Inc. All Rights Reserved.
--------------------------------------------------------------------------------------------------------------------------------------------------
| Tool Version      : Vivado v.2024.1 (lin64) Build 5076996 Wed May 22 18:36:09 MDT 2024
| Date              : Tue Jun 16 09:41:03 2026
| Host              : iamjames77-MS-7D76 running 64-bit Ubuntu 22.04.5 LTS
| Command           : report_timing_summary -file timing_summary.rpt
| Design            : attention_kv_cache_fixture
| Device            : xczu7ev-ffvc1156
| Speed File        : -2  PRODUCTION 1.30 05-15-2022
| Design State      : Routed
| Temperature Grade : E
--------------------------------------------------------------------------------------------------------------------------------------------------

Timing Summary Report

------------------------------------------------------------------------------------------------
| Timer Settings
| --------------
------------------------------------------------------------------------------------------------

  Enable Multi Corner Analysis               :  Yes
  Enable Pessimism Removal                   :  Yes
  Pessimism Removal Resolution               :  Nearest Common Node
  Enable Input Delay Default Clock           :  No
  Enable Preset / Clear Arcs                 :  No
  Disable Flight Delays                      :  No
  Ignore I/O Paths                           :  No
  Timing Early Launch at Borrowing Latches   :  No
  Borrow Time for Max Delay Exceptions       :  Yes
  Merge Timing Exceptions                    :  Yes
  Inter-SLR Compensation                     :  Conservative

  Corner  Analyze    Analyze    
  Name    Max Paths  Min Paths  
  ------  ---------  ---------  
  Slow    Yes        Yes        
  Fast    Yes        Yes        


------------------------------------------------------------------------------------------------
| Report Methodology
| ------------------
------------------------------------------------------------------------------------------------

No report available as report_methodology has not been run prior. Run report_methodology on the current design for the summary of methodology violations.



check_timing report

Table of Contents
-----------------
1. checking no_clock (0)
2. checking constant_clock (0)
3. checking pulse_width_clock (0)
4. checking unconstrained_internal_endpoints (0)
5. checking no_input_delay (2)
6. checking no_output_delay (67)
7. checking multiple_clock (0)
8. checking generated_clocks (0)
9. checking loops (0)
10. checking partial_input_delay (0)
11. checking partial_output_delay (0)
12. checking latch_loops (0)

1. checking no_clock (0)
------------------------
 There are 0 register/latch pins with no clock.


2. checking constant_clock (0)
------------------------------
 There are 0 register/latch pins with constant_clock.


3. checking pulse_width_clock (0)
---------------------------------
 There are 0 register/latch pins which need pulse_width check


4. checking unconstrained_internal_endpoints (0)
------------------------------------------------
 There are 0 pins that are not constrained for maximum delay.

 There are 0 pins that are not constrained for maximum delay due to constant clock.


5. checking no_input_delay (2)
------------------------------
 There are 2 input ports with no input delay specified. (HIGH)

 There are 0 input ports with no input delay but user has a false path constraint.


6. checking no_output_delay (67)
--------------------------------
 There are 67 ports with no output delay specified. (HIGH)

 There are 0 ports with no output delay but user has a false path constraint

 There are 0 ports with no output delay but with a timing clock defined on it or propagating through it


7. checking multiple_clock (0)
------------------------------
 There are 0 register/latch pins with multiple clocks.


8. checking generated_clocks (0)
--------------------------------
 There are 0 generated clocks that are not connected to a clock source.


9. checking loops (0)
---------------------
 There are 0 combinational loops in the design.


10. checking partial_input_delay (0)
------------------------------------
 There are 0 input ports with partial input delay specified.


11. checking partial_output_delay (0)
-------------------------------------
 There are 0 ports with partial output delay specified.


12. checking latch_loops (0)
----------------------------
 There are 0 combinational latch loops in the design through latch input



------------------------------------------------------------------------------------------------
| Design Timing Summary
| ---------------------
------------------------------------------------------------------------------------------------

    WNS(ns)      TNS(ns)  TNS Failing Endpoints  TNS Total Endpoints      WHS(ns)      THS(ns)  THS Failing Endpoints  THS Total Endpoints     WPWS(ns)     TPWS(ns)  TPWS Failing Endpoints  TPWS Total Endpoints  
    -------      -------  ---------------------  -------------------      -------      -------  ---------------------  -------------------     --------     --------  ----------------------  --------------------  
      2.032        0.000                      0                  212        0.061        0.000                      0                  212        2.225        0.000                       0                   110  


All user specified timing constraints are met.


------------------------------------------------------------------------------------------------
| Clock Summary
| -------------
------------------------------------------------------------------------------------------------

Clock  Waveform(ns)         Period(ns)      Frequency(MHz)
-----  ------------         ----------      --------------
aclk   {0.000 2.500}        5.000           200.000         


------------------------------------------------------------------------------------------------
| Intra Clock Table
| -----------------
------------------------------------------------------------------------------------------------

Clock             WNS(ns)      TNS(ns)  TNS Failing Endpoints  TNS Total Endpoints      WHS(ns)      THS(ns)  THS Failing Endpoints  THS Total Endpoints     WPWS(ns)     TPWS(ns)  TPWS Failing Endpoints  TPWS Total Endpoints  
-----             -------      -------  ---------------------  -------------------      -------      -------  ---------------------  -------------------     --------     --------  ----------------------  --------------------  
aclk                2.032        0.000                      0                  212        0.061        0.000                      0                  212        2.225        0.000                       0                   110  


------------------------------------------------------------------------------------------------
| Inter Clock Table
| -----------------
------------------------------------------------------------------------------------------------

From Clock    To Clock          WNS(ns)      TNS(ns)  TNS Failing Endpoints  TNS Total Endpoints      WHS(ns)      THS(ns)  THS Failing Endpoints  THS Total Endpoints  
----------    --------          -------      -------  ---------------------  -------------------      -------      -------  ---------------------  -------------------  


------------------------------------------------------------------------------------------------
| Other Path Groups Table
| -----------------------
------------------------------------------------------------------------------------------------

Path Group    From Clock    To Clock          WNS(ns)      TNS(ns)  TNS Failing Endpoints  TNS Total Endpoints      WHS(ns)      THS(ns)  THS Failing Endpoints  THS Total Endpoints  
----------    ----------    --------          -------      -------  ---------------------  -------------------      -------      -------  ---------------------  -------------------  


------------------------------------------------------------------------------------------------
| Timing Details
| --------------
------------------------------------------------------------------------------------------------


---------------------------------------------------------------------------------------------------
From Clock:  aclk
  To Clock:  aclk

Setup :            0  Failing Endpoints,  Worst Slack        2.032ns,  Total Violation        0.000ns
Hold  :            0  Failing Endpoints,  Worst Slack        0.061ns,  Total Violation        0.000ns
PW    :            0  Failing Endpoints,  Worst Slack        2.225ns,  Total Violation        0.000ns
---------------------------------------------------------------------------------------------------


Max Delay Paths
--------------------------------------------------------------------------------------
Slack (MET) :             2.032ns  (required time - arrival time)
  Source:                 value_cache_r_reg[1][3][2]/C
                            (rising edge-triggered cell FDRE clocked by aclk  {rise@0.000ns fall@2.500ns period=5.000ns})
  Destination:            score1_r_reg[31]/D
                            (rising edge-triggered cell FDRE clocked by aclk  {rise@0.000ns fall@2.500ns period=5.000ns})
  Path Group:             aclk
  Path Type:              Setup (Max at Slow Process Corner)
  Requirement:            5.000ns  (aclk rise@5.000ns - aclk rise@0.000ns)
  Data Path Delay:        2.869ns  (logic 1.335ns (46.535%)  route 1.534ns (53.465%))
  Logic Levels:           9  (CARRY8=6 LUT1=1 LUT2=2)
  Clock Path Skew:        -0.089ns (DCD - SCD + CPR)
    Destination Clock Delay (DCD):    2.361ns = ( 7.361 - 5.000 ) 
    Source Clock Delay      (SCD):    3.122ns
    Clock Pessimism Removal (CPR):    0.673ns
  Clock Uncertainty:      0.035ns  ((TSJ^2 + TIJ^2)^1/2 + DJ) / 2 + PE
    Total System Jitter     (TSJ):    0.071ns
    Total Input Jitter      (TIJ):    0.000ns
    Discrete Jitter          (DJ):    0.000ns
    Phase Error              (PE):    0.000ns
  Clock Net Delay (Source):      1.828ns (routing 0.979ns, distribution 0.849ns)
  Clock Net Delay (Destination): 1.613ns (routing 0.888ns, distribution 0.725ns)

    Location             Delay type                Incr(ns)  Path(ns)    Netlist Resource(s)
  -------------------------------------------------------------------    -------------------
                         (clock aclk rise edge)       0.000     0.000 r  
    C3                                                0.000     0.000 r  aclk (IN)
                         net (fo=0)                   0.000     0.000    aclk_IBUF_inst/I
    C3                   INBUF (Prop_INBUF_HDIOB_M_PAD_O)
                                                      1.062     1.062 r  aclk_IBUF_inst/INBUF_INST/O
                         net (fo=1, routed)           0.000     1.062    aclk_IBUF_inst/OUT
    C3                   IBUFCTRL (Prop_IBUFCTRL_HDIOB_M_I_O)
                                                      0.000     1.062 r  aclk_IBUF_inst/IBUFCTRL_INST/O
                         net (fo=1, routed)           0.204     1.266    aclk_IBUF
    BUFGCE_HDIO_X2Y2     BUFGCE (Prop_BUFCE_BUFGCE_HDIO_I_O)
                                                      0.028     1.294 r  aclk_IBUF_BUFG_inst/O
    X2Y3 (CLOCK_ROOT)    net (fo=109, routed)         1.828     3.122    aclk_IBUF_BUFG
    SLICE_X68Y225        FDRE                                         r  value_cache_r_reg[1][3][2]/C
  -------------------------------------------------------------------    -------------------
    SLICE_X68Y225        FDRE (Prop_EFF_SLICEL_C_Q)
                                                      0.079     3.201 r  value_cache_r_reg[1][3][2]/Q
                         net (fo=122, routed)         0.577     3.779    value_cache_r_reg_n_0_[1][3][2]
    SLICE_X67Y218        CARRY8 (Prop_CARRY8_SLICEM_S[0]_CO[3])
                                                      0.186     3.965 f  score1_r_reg[8]_i_25/CO[3]
                         net (fo=10, routed)          0.157     4.122    score1_r_reg[8]_i_25_n_4
    SLICE_X68Y218        LUT1 (Prop_H6LUT_SLICEL_I0_O)
                                                      0.150     4.272 r  score1_r[8]_i_21/O
                         net (fo=1, routed)           0.010     4.282    score1_r[8]_i_21_n_0
    SLICE_X68Y218        CARRY8 (Prop_CARRY8_SLICEL_S[7]_CO[7])
                                                      0.115     4.397 r  score1_r_reg[8]_i_20/CO[7]
                         net (fo=1, routed)           0.026     4.423    score1_r_reg[8]_i_20_n_0
    SLICE_X68Y219        CARRY8 (Prop_CARRY8_SLICEL_CI_O[1])
                                                      0.076     4.499 r  score1_r_reg[31]_i_12/O[1]
                         net (fo=4, routed)           0.270     4.769    C[9]
    SLICE_X68Y221        CARRY8 (Prop_CARRY8_SLICEL_DI[0]_CO[3])
                                                      0.180     4.949 r  score1_r_reg[31]_i_11/CO[3]
                         net (fo=19, routed)          0.245     5.194    score1_r_reg[31]_i_11_n_4
    SLICE_X69Y222        LUT2 (Prop_A6LUT_SLICEL_I1_O)
                                                      0.098     5.292 r  score1_r[24]_i_10/O
                         net (fo=1, routed)           0.009     5.301    score1_r[24]_i_10_n_0
    SLICE_X69Y222        CARRY8 (Prop_CARRY8_SLICEL_S[0]_CO[7])
                                                      0.190     5.491 r  score1_r_reg[24]_i_2/CO[7]
                         net (fo=1, routed)           0.026     5.517    score1_r_reg[24]_i_2_n_0
    SLICE_X69Y223        CARRY8 (Prop_CARRY8_SLICEL_CI_O[6])
                                                      0.103     5.620 r  score1_r_reg[31]_i_3/O[6]
                         net (fo=1, routed)           0.183     5.803    dot_key_slot0_return__31[31]
    SLICE_X70Y222        LUT2 (Prop_D5LUT_SLICEM_I1_O)
                                                      0.158     5.961 r  score1_r[31]_i_2/O
                         net (fo=1, routed)           0.030     5.991    score1_r[31]_i_2_n_0
    SLICE_X70Y222        FDRE                                         r  score1_r_reg[31]/D
  -------------------------------------------------------------------    -------------------

                         (clock aclk rise edge)       5.000     5.000 r  
    C3                                                0.000     5.000 r  aclk (IN)
                         net (fo=0)                   0.000     5.000    aclk_IBUF_inst/I
    C3                   INBUF (Prop_INBUF_HDIOB_M_PAD_O)
                                                      0.555     5.555 r  aclk_IBUF_inst/INBUF_INST/O
                         net (fo=1, routed)           0.000     5.555    aclk_IBUF_inst/OUT
    C3                   IBUFCTRL (Prop_IBUFCTRL_HDIOB_M_I_O)
                                                      0.000     5.555 r  aclk_IBUF_inst/IBUFCTRL_INST/O
                         net (fo=1, routed)           0.169     5.724    aclk_IBUF
    BUFGCE_HDIO_X2Y2     BUFGCE (Prop_BUFCE_BUFGCE_HDIO_I_O)
                                                      0.024     5.748 r  aclk_IBUF_BUFG_inst/O
    X2Y3 (CLOCK_ROOT)    net (fo=109, routed)         1.613     7.361    aclk_IBUF_BUFG
    SLICE_X70Y222        FDRE                                         r  score1_r_reg[31]/C
                         clock pessimism              0.673     8.034    
                         clock uncertainty           -0.035     7.998    
    SLICE_X70Y222        FDRE (Setup_DFF2_SLICEM_C_D)
                                                      0.025     8.023    score1_r_reg[31]
  -------------------------------------------------------------------
                         required time                          8.023    
                         arrival time                          -5.991    
  -------------------------------------------------------------------
                         slack                                  2.032    





Min Delay Paths
--------------------------------------------------------------------------------------
Slack (MET) :             0.061ns  (arrival time - required time)
  Source:                 state_r_reg[0]/C
                            (rising edge-triggered cell FDRE clocked by aclk  {rise@0.000ns fall@2.500ns period=5.000ns})
  Destination:            state_r_reg[2]/D
                            (rising edge-triggered cell FDRE clocked by aclk  {rise@0.000ns fall@2.500ns period=5.000ns})
  Path Group:             aclk
  Path Type:              Hold (Min at Fast Process Corner)
  Requirement:            0.000ns  (aclk rise@0.000ns - aclk rise@0.000ns)
  Data Path Delay:        0.114ns  (logic 0.072ns (63.208%)  route 0.042ns (36.792%))
  Logic Levels:           1  (LUT4=1)
  Clock Path Skew:        0.006ns (DCD - SCD - CPR)
    Destination Clock Delay (DCD):    1.966ns
    Source Clock Delay      (SCD):    1.516ns
    Clock Pessimism Removal (CPR):    0.443ns
  Clock Net Delay (Source):      1.013ns (routing 0.540ns, distribution 0.473ns)
  Clock Net Delay (Destination): 1.149ns (routing 0.607ns, distribution 0.542ns)

    Location             Delay type                Incr(ns)  Path(ns)    Netlist Resource(s)
  -------------------------------------------------------------------    -------------------
                         (clock aclk rise edge)       0.000     0.000 r  
    C3                                                0.000     0.000 r  aclk (IN)
                         net (fo=0)                   0.000     0.000    aclk_IBUF_inst/I
    C3                   INBUF (Prop_INBUF_HDIOB_M_PAD_O)
                                                      0.396     0.396 r  aclk_IBUF_inst/INBUF_INST/O
                         net (fo=1, routed)           0.000     0.396    aclk_IBUF_inst/OUT
    C3                   IBUFCTRL (Prop_IBUFCTRL_HDIOB_M_I_O)
                                                      0.000     0.396 r  aclk_IBUF_inst/IBUFCTRL_INST/O
                         net (fo=1, routed)           0.091     0.487    aclk_IBUF
    BUFGCE_HDIO_X2Y2     BUFGCE (Prop_BUFCE_BUFGCE_HDIO_I_O)
                                                      0.017     0.504 r  aclk_IBUF_BUFG_inst/O
    X2Y3 (CLOCK_ROOT)    net (fo=109, routed)         1.013     1.516    aclk_IBUF_BUFG
    SLICE_X69Y227        FDRE                                         r  state_r_reg[0]/C
  -------------------------------------------------------------------    -------------------
    SLICE_X69Y227        FDRE (Prop_DFF_SLICEL_C_Q)
                                                      0.039     1.555 r  state_r_reg[0]/Q
                         net (fo=21, routed)          0.036     1.591    state_r_reg_n_0_[0]
    SLICE_X69Y227        LUT4 (Prop_D5LUT_SLICEL_I0_O)
                                                      0.033     1.624 r  state_r[2]_i_1/O
                         net (fo=1, routed)           0.006     1.630    state_r[2]_i_1_n_0
    SLICE_X69Y227        FDRE                                         r  state_r_reg[2]/D
  -------------------------------------------------------------------    -------------------

                         (clock aclk rise edge)       0.000     0.000 r  
    C3                                                0.000     0.000 r  aclk (IN)
                         net (fo=0)                   0.000     0.000    aclk_IBUF_inst/I
    C3                   INBUF (Prop_INBUF_HDIOB_M_PAD_O)
                                                      0.684     0.684 r  aclk_IBUF_inst/INBUF_INST/O
                         net (fo=1, routed)           0.000     0.684    aclk_IBUF_inst/OUT
    C3                   IBUFCTRL (Prop_IBUFCTRL_HDIOB_M_I_O)
                                                      0.000     0.684 r  aclk_IBUF_inst/IBUFCTRL_INST/O
                         net (fo=1, routed)           0.113     0.797    aclk_IBUF
    BUFGCE_HDIO_X2Y2     BUFGCE (Prop_BUFCE_BUFGCE_HDIO_I_O)
                                                      0.019     0.816 r  aclk_IBUF_BUFG_inst/O
    X2Y3 (CLOCK_ROOT)    net (fo=109, routed)         1.149     1.966    aclk_IBUF_BUFG
    SLICE_X69Y227        FDRE                                         r  state_r_reg[2]/C
                         clock pessimism             -0.443     1.522    
    SLICE_X69Y227        FDRE (Hold_DFF2_SLICEL_C_D)
                                                      0.047     1.569    state_r_reg[2]
  -------------------------------------------------------------------
                         required time                         -1.569    
                         arrival time                           1.630    
  -------------------------------------------------------------------
                         slack                                  0.061    





Pulse Width Checks
--------------------------------------------------------------------------------------
Clock Name:         aclk
Waveform(ns):       { 0.000 2.500 }
Period(ns):         5.000
Sources:            { aclk }

Check Type        Corner  Lib Pin   Reference Pin  Required(ns)  Actual(ns)  Slack(ns)  Location          Pin
Min Period        n/a     BUFGCE/I  n/a            1.290         5.000       3.710      BUFGCE_HDIO_X2Y2  aclk_IBUF_BUFG_inst/I
Low Pulse Width   Slow    FDRE/C    n/a            0.275         2.500       2.225      SLICE_X69Y226     done_r_reg/C
High Pulse Width  Slow    FDRE/C    n/a            0.275         2.500       2.225      SLICE_X69Y226     done_r_reg/C



