Copyright 1986-2022 Xilinx, Inc. All Rights Reserved. Copyright 2022-2024 Advanced Micro Devices, Inc. All Rights Reserved.
--------------------------------------------------------------------------------------------------------------------------------------------------
| Tool Version      : Vivado v.2024.1 (lin64) Build 5076996 Wed May 22 18:36:09 MDT 2024
| Date              : Tue Jun 16 09:49:27 2026
| Host              : iamjames77-MS-7D76 running 64-bit Ubuntu 22.04.5 LTS
| Command           : report_timing_summary -file timing_summary.rpt
| Design            : decoder_child_axi_attention_datapath
| Device            : xczu7ev-ffvc1156
| Speed File        : -2  PRODUCTION 1.30 05-15-2022
| Design State      : Routed
| Temperature Grade : E
--------------------------------------------------------------------------------------------------------------------------------------------------

Timing Summary Report

------------------------------------------------------------------------------------------------
| Timer Settings
| --------------
------------------------------------------------------------------------------------------------

  Enable Multi Corner Analysis               :  Yes
  Enable Pessimism Removal                   :  Yes
  Pessimism Removal Resolution               :  Nearest Common Node
  Enable Input Delay Default Clock           :  No
  Enable Preset / Clear Arcs                 :  No
  Disable Flight Delays                      :  No
  Ignore I/O Paths                           :  No
  Timing Early Launch at Borrowing Latches   :  No
  Borrow Time for Max Delay Exceptions       :  Yes
  Merge Timing Exceptions                    :  Yes
  Inter-SLR Compensation                     :  Conservative

  Corner  Analyze    Analyze    
  Name    Max Paths  Min Paths  
  ------  ---------  ---------  
  Slow    Yes        Yes        
  Fast    Yes        Yes        


------------------------------------------------------------------------------------------------
| Report Methodology
| ------------------
------------------------------------------------------------------------------------------------

No report available as report_methodology has not been run prior. Run report_methodology on the current design for the summary of methodology violations.



check_timing report

Table of Contents
-----------------
1. checking no_clock (0)
2. checking constant_clock (0)
3. checking pulse_width_clock (0)
4. checking unconstrained_internal_endpoints (0)
5. checking no_input_delay (2)
6. checking no_output_delay (87)
7. checking multiple_clock (0)
8. checking generated_clocks (0)
9. checking loops (0)
10. checking partial_input_delay (0)
11. checking partial_output_delay (0)
12. checking latch_loops (0)

1. checking no_clock (0)
------------------------
 There are 0 register/latch pins with no clock.


2. checking constant_clock (0)
------------------------------
 There are 0 register/latch pins with constant_clock.


3. checking pulse_width_clock (0)
---------------------------------
 There are 0 register/latch pins which need pulse_width check


4. checking unconstrained_internal_endpoints (0)
------------------------------------------------
 There are 0 pins that are not constrained for maximum delay.

 There are 0 pins that are not constrained for maximum delay due to constant clock.


5. checking no_input_delay (2)
------------------------------
 There are 2 input ports with no input delay specified. (HIGH)

 There are 0 input ports with no input delay but user has a false path constraint.


6. checking no_output_delay (87)
--------------------------------
 There are 87 ports with no output delay specified. (HIGH)

 There are 0 ports with no output delay but user has a false path constraint

 There are 0 ports with no output delay but with a timing clock defined on it or propagating through it


7. checking multiple_clock (0)
------------------------------
 There are 0 register/latch pins with multiple clocks.


8. checking generated_clocks (0)
--------------------------------
 There are 0 generated clocks that are not connected to a clock source.


9. checking loops (0)
---------------------
 There are 0 combinational loops in the design.


10. checking partial_input_delay (0)
------------------------------------
 There are 0 input ports with partial input delay specified.


11. checking partial_output_delay (0)
-------------------------------------
 There are 0 ports with partial output delay specified.


12. checking latch_loops (0)
----------------------------
 There are 0 combinational latch loops in the design through latch input



------------------------------------------------------------------------------------------------
| Design Timing Summary
| ---------------------
------------------------------------------------------------------------------------------------

    WNS(ns)      TNS(ns)  TNS Failing Endpoints  TNS Total Endpoints      WHS(ns)      THS(ns)  THS Failing Endpoints  THS Total Endpoints     WPWS(ns)     TPWS(ns)  TPWS Failing Endpoints  TPWS Total Endpoints  
    -------      -------  ---------------------  -------------------      -------      -------  ---------------------  -------------------     --------     --------  ----------------------  --------------------  
      2.138        0.000                      0                  442        0.007        0.000                      0                  442        2.225        0.000                       0                   237  


All user specified timing constraints are met.


------------------------------------------------------------------------------------------------
| Clock Summary
| -------------
------------------------------------------------------------------------------------------------

Clock  Waveform(ns)         Period(ns)      Frequency(MHz)
-----  ------------         ----------      --------------
aclk   {0.000 2.500}        5.000           200.000         


------------------------------------------------------------------------------------------------
| Intra Clock Table
| -----------------
------------------------------------------------------------------------------------------------

Clock             WNS(ns)      TNS(ns)  TNS Failing Endpoints  TNS Total Endpoints      WHS(ns)      THS(ns)  THS Failing Endpoints  THS Total Endpoints     WPWS(ns)     TPWS(ns)  TPWS Failing Endpoints  TPWS Total Endpoints  
-----             -------      -------  ---------------------  -------------------      -------      -------  ---------------------  -------------------     --------     --------  ----------------------  --------------------  
aclk                2.138        0.000                      0                  442        0.007        0.000                      0                  442        2.225        0.000                       0                   237  


------------------------------------------------------------------------------------------------
| Inter Clock Table
| -----------------
------------------------------------------------------------------------------------------------

From Clock    To Clock          WNS(ns)      TNS(ns)  TNS Failing Endpoints  TNS Total Endpoints      WHS(ns)      THS(ns)  THS Failing Endpoints  THS Total Endpoints  
----------    --------          -------      -------  ---------------------  -------------------      -------      -------  ---------------------  -------------------  


------------------------------------------------------------------------------------------------
| Other Path Groups Table
| -----------------------
------------------------------------------------------------------------------------------------

Path Group    From Clock    To Clock          WNS(ns)      TNS(ns)  TNS Failing Endpoints  TNS Total Endpoints      WHS(ns)      THS(ns)  THS Failing Endpoints  THS Total Endpoints  
----------    ----------    --------          -------      -------  ---------------------  -------------------      -------      -------  ---------------------  -------------------  


------------------------------------------------------------------------------------------------
| Timing Details
| --------------
------------------------------------------------------------------------------------------------


---------------------------------------------------------------------------------------------------
From Clock:  aclk
  To Clock:  aclk

Setup :            0  Failing Endpoints,  Worst Slack        2.138ns,  Total Violation        0.000ns
Hold  :            0  Failing Endpoints,  Worst Slack        0.007ns,  Total Violation        0.000ns
PW    :            0  Failing Endpoints,  Worst Slack        2.225ns,  Total Violation        0.000ns
---------------------------------------------------------------------------------------------------


Max Delay Paths
--------------------------------------------------------------------------------------
Slack (MET) :             2.138ns  (required time - arrival time)
  Source:                 u_attention_kv_cache_fixture/value_cache_r_reg[1][3][2]/C
                            (rising edge-triggered cell FDRE clocked by aclk  {rise@0.000ns fall@2.500ns period=5.000ns})
  Destination:            u_attention_kv_cache_fixture/score1_r_reg[31]/D
                            (rising edge-triggered cell FDRE clocked by aclk  {rise@0.000ns fall@2.500ns period=5.000ns})
  Path Group:             aclk
  Path Type:              Setup (Max at Slow Process Corner)
  Requirement:            5.000ns  (aclk rise@5.000ns - aclk rise@0.000ns)
  Data Path Delay:        2.760ns  (logic 1.443ns (52.275%)  route 1.317ns (47.725%))
  Logic Levels:           11  (CARRY8=7 LUT1=1 LUT2=3)
  Clock Path Skew:        -0.091ns (DCD - SCD + CPR)
    Destination Clock Delay (DCD):    2.509ns = ( 7.509 - 5.000 ) 
    Source Clock Delay      (SCD):    3.292ns
    Clock Pessimism Removal (CPR):    0.691ns
  Clock Uncertainty:      0.035ns  ((TSJ^2 + TIJ^2)^1/2 + DJ) / 2 + PE
    Total System Jitter     (TSJ):    0.071ns
    Total Input Jitter      (TIJ):    0.000ns
    Discrete Jitter          (DJ):    0.000ns
    Phase Error              (PE):    0.000ns
  Clock Net Delay (Source):      2.054ns (routing 1.134ns, distribution 0.920ns)
  Clock Net Delay (Destination): 1.818ns (routing 1.032ns, distribution 0.786ns)

    Location             Delay type                Incr(ns)  Path(ns)    Netlist Resource(s)
  -------------------------------------------------------------------    -------------------
                         (clock aclk rise edge)       0.000     0.000 r  
    K9                                                0.000     0.000 r  aclk (IN)
                         net (fo=0)                   0.000     0.000    aclk_IBUF_inst/I
    K9                   INBUF (Prop_INBUF_HDIOB_M_PAD_O)
                                                      1.006     1.006 r  aclk_IBUF_inst/INBUF_INST/O
                         net (fo=1, routed)           0.000     1.006    aclk_IBUF_inst/OUT
    K9                   IBUFCTRL (Prop_IBUFCTRL_HDIOB_M_I_O)
                                                      0.000     1.006 r  aclk_IBUF_inst/IBUFCTRL_INST/O
                         net (fo=1, routed)           0.204     1.210    aclk_IBUF
    BUFGCE_HDIO_X2Y0     BUFGCE (Prop_BUFCE_BUFGCE_HDIO_I_O)
                                                      0.028     1.238 r  aclk_IBUF_BUFG_inst/O
    X1Y3 (CLOCK_ROOT)    net (fo=236, routed)         2.054     3.292    u_attention_kv_cache_fixture/aclk_IBUF_BUFG
    SLICE_X69Y203        FDRE                                         r  u_attention_kv_cache_fixture/value_cache_r_reg[1][3][2]/C
  -------------------------------------------------------------------    -------------------
    SLICE_X69Y203        FDRE (Prop_EFF_SLICEL_C_Q)
                                                      0.079     3.371 r  u_attention_kv_cache_fixture/value_cache_r_reg[1][3][2]/Q
                         net (fo=122, routed)         0.174     3.545    u_attention_kv_cache_fixture/value_cache_r_reg_n_0_[1][3][2]
    SLICE_X69Y203        CARRY8 (Prop_CARRY8_SLICEL_S[0]_CO[3])
                                                      0.184     3.729 f  u_attention_kv_cache_fixture/dot_key_slot0_return2_carry/CO[3]
                         net (fo=10, routed)          0.242     3.971    u_attention_kv_cache_fixture/dot_key_slot0_return2_carry_n_4
    SLICE_X68Y204        LUT1 (Prop_F6LUT_SLICEL_I0_O)
                                                      0.123     4.094 r  u_attention_kv_cache_fixture/dot_key_slot0_return_carry_i_3/O
                         net (fo=1, routed)           0.011     4.105    u_attention_kv_cache_fixture/dot_key_slot0_return_carry_i_3_n_0
    SLICE_X68Y204        CARRY8 (Prop_CARRY8_SLICEL_S[5]_CO[7])
                                                      0.155     4.260 r  u_attention_kv_cache_fixture/dot_key_slot0_return_carry/CO[7]
                         net (fo=1, routed)           0.026     4.286    u_attention_kv_cache_fixture/dot_key_slot0_return_carry_n_0
    SLICE_X68Y205        CARRY8 (Prop_CARRY8_SLICEL_CI_O[1])
                                                      0.076     4.362 r  u_attention_kv_cache_fixture/dot_key_slot0_return_carry__0/O[1]
                         net (fo=4, routed)           0.250     4.612    u_attention_kv_cache_fixture/C[9]
    SLICE_X67Y204        LUT2 (Prop_H6LUT_SLICEM_I0_O)
                                                      0.125     4.737 r  u_attention_kv_cache_fixture/dot_key_slot0_return__24_carry_i_2/O
                         net (fo=1, routed)           0.015     4.752    u_attention_kv_cache_fixture/dot_key_slot0_return__24_carry_i_2_n_0
    SLICE_X67Y204        CARRY8 (Prop_CARRY8_SLICEM_S[7]_CO[7])
                                                      0.117     4.869 r  u_attention_kv_cache_fixture/dot_key_slot0_return__24_carry/CO[7]
                         net (fo=1, routed)           0.026     4.895    u_attention_kv_cache_fixture/dot_key_slot0_return__24_carry_n_0
    SLICE_X67Y205        CARRY8 (Prop_CARRY8_SLICEM_CI_CO[3])
                                                      0.060     4.955 r  u_attention_kv_cache_fixture/dot_key_slot0_return__24_carry__0/CO[3]
                         net (fo=19, routed)          0.301     5.256    u_attention_kv_cache_fixture/dot_key_slot0_return__24_carry__0_n_4
    SLICE_X69Y206        LUT2 (Prop_A6LUT_SLICEL_I1_O)
                                                      0.098     5.354 r  u_attention_kv_cache_fixture/score1_r[24]_i_10/O
                         net (fo=1, routed)           0.009     5.363    u_attention_kv_cache_fixture/score1_r[24]_i_10_n_0
    SLICE_X69Y206        CARRY8 (Prop_CARRY8_SLICEL_S[0]_CO[7])
                                                      0.190     5.553 r  u_attention_kv_cache_fixture/score1_r_reg[24]_i_2/CO[7]
                         net (fo=1, routed)           0.026     5.579    u_attention_kv_cache_fixture/score1_r_reg[24]_i_2_n_0
    SLICE_X69Y207        CARRY8 (Prop_CARRY8_SLICEL_CI_O[6])
                                                      0.103     5.682 r  u_attention_kv_cache_fixture/score1_r_reg[31]_i_2/O[6]
                         net (fo=1, routed)           0.222     5.904    u_attention_kv_cache_fixture/dot_key_slot0_return[31]
    SLICE_X68Y206        LUT2 (Prop_H5LUT_SLICEL_I1_O)
                                                      0.133     6.037 r  u_attention_kv_cache_fixture/score1_r[31]_i_1/O
                         net (fo=1, routed)           0.015     6.052    u_attention_kv_cache_fixture/score1_r[31]_i_1_n_0
    SLICE_X68Y206        FDRE                                         r  u_attention_kv_cache_fixture/score1_r_reg[31]/D
  -------------------------------------------------------------------    -------------------

                         (clock aclk rise edge)       5.000     5.000 r  
    K9                                                0.000     5.000 r  aclk (IN)
                         net (fo=0)                   0.000     5.000    aclk_IBUF_inst/I
    K9                   INBUF (Prop_INBUF_HDIOB_M_PAD_O)
                                                      0.499     5.499 r  aclk_IBUF_inst/INBUF_INST/O
                         net (fo=1, routed)           0.000     5.499    aclk_IBUF_inst/OUT
    K9                   IBUFCTRL (Prop_IBUFCTRL_HDIOB_M_I_O)
                                                      0.000     5.499 r  aclk_IBUF_inst/IBUFCTRL_INST/O
                         net (fo=1, routed)           0.169     5.668    aclk_IBUF
    BUFGCE_HDIO_X2Y0     BUFGCE (Prop_BUFCE_BUFGCE_HDIO_I_O)
                                                      0.024     5.692 r  aclk_IBUF_BUFG_inst/O
    X1Y3 (CLOCK_ROOT)    net (fo=236, routed)         1.818     7.509    u_attention_kv_cache_fixture/aclk_IBUF_BUFG
    SLICE_X68Y206        FDRE                                         r  u_attention_kv_cache_fixture/score1_r_reg[31]/C
                         clock pessimism              0.691     8.201    
                         clock uncertainty           -0.035     8.165    
    SLICE_X68Y206        FDRE (Setup_HFF2_SLICEL_C_D)
                                                      0.025     8.190    u_attention_kv_cache_fixture/score1_r_reg[31]
  -------------------------------------------------------------------
                         required time                          8.190    
                         arrival time                          -6.052    
  -------------------------------------------------------------------
                         slack                                  2.138    





Min Delay Paths
--------------------------------------------------------------------------------------
Slack (MET) :             0.007ns  (arrival time - required time)
  Source:                 u_projection_axi_stream_integration/payload_consume_count_r_reg[0]/C
                            (rising edge-triggered cell FDRE clocked by aclk  {rise@0.000ns fall@2.500ns period=5.000ns})
  Destination:            u_projection_axi_stream_integration/payload_consume_count_r_reg[3]/D
                            (rising edge-triggered cell FDRE clocked by aclk  {rise@0.000ns fall@2.500ns period=5.000ns})
  Path Group:             aclk
  Path Type:              Hold (Min at Slow Process Corner)
  Requirement:            0.000ns  (aclk rise@0.000ns - aclk rise@0.000ns)
  Data Path Delay:        0.183ns  (logic 0.112ns (61.232%)  route 0.071ns (38.768%))
  Logic Levels:           1  (LUT5=1)
  Clock Path Skew:        0.114ns (DCD - SCD - CPR)
    Destination Clock Delay (DCD):    3.298ns
    Source Clock Delay      (SCD):    2.493ns
    Clock Pessimism Removal (CPR):    0.691ns
  Clock Net Delay (Source):      1.801ns (routing 1.032ns, distribution 0.769ns)
  Clock Net Delay (Destination): 2.060ns (routing 1.134ns, distribution 0.926ns)

    Location             Delay type                Incr(ns)  Path(ns)    Netlist Resource(s)
  -------------------------------------------------------------------    -------------------
                         (clock aclk rise edge)       0.000     0.000 r  
    K9                                                0.000     0.000 r  aclk (IN)
                         net (fo=0)                   0.000     0.000    aclk_IBUF_inst/I
    K9                   INBUF (Prop_INBUF_HDIOB_M_PAD_O)
                                                      0.499     0.499 r  aclk_IBUF_inst/INBUF_INST/O
                         net (fo=1, routed)           0.000     0.499    aclk_IBUF_inst/OUT
    K9                   IBUFCTRL (Prop_IBUFCTRL_HDIOB_M_I_O)
                                                      0.000     0.499 r  aclk_IBUF_inst/IBUFCTRL_INST/O
                         net (fo=1, routed)           0.169     0.668    aclk_IBUF
    BUFGCE_HDIO_X2Y0     BUFGCE (Prop_BUFCE_BUFGCE_HDIO_I_O)
                                                      0.024     0.692 r  aclk_IBUF_BUFG_inst/O
    X1Y3 (CLOCK_ROOT)    net (fo=236, routed)         1.801     2.493    u_projection_axi_stream_integration/aclk_IBUF_BUFG
    SLICE_X66Y213        FDRE                                         r  u_projection_axi_stream_integration/payload_consume_count_r_reg[0]/C
  -------------------------------------------------------------------    -------------------
    SLICE_X66Y213        FDRE (Prop_DFF_SLICEL_C_Q)
                                                      0.059     2.552 r  u_projection_axi_stream_integration/payload_consume_count_r_reg[0]/Q
                         net (fo=8, routed)           0.062     2.614    u_projection_axi_stream_integration/payload_consume_count_r_reg_n_0_[0]
    SLICE_X68Y213        LUT5 (Prop_D5LUT_SLICEL_I1_O)
                                                      0.053     2.667 r  u_projection_axi_stream_integration/payload_consume_count_r[3]_i_1/O
                         net (fo=1, routed)           0.009     2.676    u_projection_axi_stream_integration/p_2_in[3]
    SLICE_X68Y213        FDRE                                         r  u_projection_axi_stream_integration/payload_consume_count_r_reg[3]/D
  -------------------------------------------------------------------    -------------------

                         (clock aclk rise edge)       0.000     0.000 r  
    K9                                                0.000     0.000 r  aclk (IN)
                         net (fo=0)                   0.000     0.000    aclk_IBUF_inst/I
    K9                   INBUF (Prop_INBUF_HDIOB_M_PAD_O)
                                                      1.006     1.006 r  aclk_IBUF_inst/INBUF_INST/O
                         net (fo=1, routed)           0.000     1.006    aclk_IBUF_inst/OUT
    K9                   IBUFCTRL (Prop_IBUFCTRL_HDIOB_M_I_O)
                                                      0.000     1.006 r  aclk_IBUF_inst/IBUFCTRL_INST/O
                         net (fo=1, routed)           0.204     1.210    aclk_IBUF
    BUFGCE_HDIO_X2Y0     BUFGCE (Prop_BUFCE_BUFGCE_HDIO_I_O)
                                                      0.028     1.238 r  aclk_IBUF_BUFG_inst/O
    X1Y3 (CLOCK_ROOT)    net (fo=236, routed)         2.060     3.298    u_projection_axi_stream_integration/aclk_IBUF_BUFG
    SLICE_X68Y213        FDRE                                         r  u_projection_axi_stream_integration/payload_consume_count_r_reg[3]/C
                         clock pessimism             -0.691     2.606    
    SLICE_X68Y213        FDRE (Hold_DFF2_SLICEL_C_D)
                                                      0.062     2.668    u_projection_axi_stream_integration/payload_consume_count_r_reg[3]
  -------------------------------------------------------------------
                         required time                         -2.668    
                         arrival time                           2.676    
  -------------------------------------------------------------------
                         slack                                  0.007    





Pulse Width Checks
--------------------------------------------------------------------------------------
Clock Name:         aclk
Waveform(ns):       { 0.000 2.500 }
Period(ns):         5.000
Sources:            { aclk }

Check Type        Corner  Lib Pin   Reference Pin  Required(ns)  Actual(ns)  Slack(ns)  Location          Pin
Min Period        n/a     BUFGCE/I  n/a            1.290         5.000       3.710      BUFGCE_HDIO_X2Y0  aclk_IBUF_BUFG_inst/I
Low Pulse Width   Slow    FDRE/C    n/a            0.275         2.500       2.225      SLICE_X66Y215     FSM_sequential_state_r_reg[0]/C
High Pulse Width  Slow    FDRE/C    n/a            0.275         2.500       2.225      SLICE_X66Y215     FSM_sequential_state_r_reg[0]/C



