Copyright 1986-2022 Xilinx, Inc. All Rights Reserved. Copyright 2022-2024 Advanced Micro Devices, Inc. All Rights Reserved.
--------------------------------------------------------------------------------------------------------------------------------------------------
| Tool Version      : Vivado v.2024.1 (lin64) Build 5076996 Wed May 22 18:36:09 MDT 2024
| Date              : Tue Jun 16 09:37:14 2026
| Host              : iamjames77-MS-7D76 running 64-bit Ubuntu 22.04.5 LTS
| Command           : report_timing_summary -file timing_summary.rpt
| Design            : projection_target_stream_plan
| Device            : xczu7ev-ffvc1156
| Speed File        : -2  PRODUCTION 1.30 05-15-2022
| Design State      : Routed
| Temperature Grade : E
--------------------------------------------------------------------------------------------------------------------------------------------------

Timing Summary Report

------------------------------------------------------------------------------------------------
| Timer Settings
| --------------
------------------------------------------------------------------------------------------------

  Enable Multi Corner Analysis               :  Yes
  Enable Pessimism Removal                   :  Yes
  Pessimism Removal Resolution               :  Nearest Common Node
  Enable Input Delay Default Clock           :  No
  Enable Preset / Clear Arcs                 :  No
  Disable Flight Delays                      :  No
  Ignore I/O Paths                           :  No
  Timing Early Launch at Borrowing Latches   :  No
  Borrow Time for Max Delay Exceptions       :  Yes
  Merge Timing Exceptions                    :  Yes
  Inter-SLR Compensation                     :  Conservative

  Corner  Analyze    Analyze    
  Name    Max Paths  Min Paths  
  ------  ---------  ---------  
  Slow    Yes        Yes        
  Fast    Yes        Yes        


------------------------------------------------------------------------------------------------
| Report Methodology
| ------------------
------------------------------------------------------------------------------------------------

No report available as report_methodology has not been run prior. Run report_methodology on the current design for the summary of methodology violations.



check_timing report

Table of Contents
-----------------
1. checking no_clock (0)
2. checking constant_clock (0)
3. checking pulse_width_clock (0)
4. checking unconstrained_internal_endpoints (0)
5. checking no_input_delay (132)
6. checking no_output_delay (136)
7. checking multiple_clock (0)
8. checking generated_clocks (0)
9. checking loops (0)
10. checking partial_input_delay (0)
11. checking partial_output_delay (0)
12. checking latch_loops (0)

1. checking no_clock (0)
------------------------
 There are 0 register/latch pins with no clock.


2. checking constant_clock (0)
------------------------------
 There are 0 register/latch pins with constant_clock.


3. checking pulse_width_clock (0)
---------------------------------
 There are 0 register/latch pins which need pulse_width check


4. checking unconstrained_internal_endpoints (0)
------------------------------------------------
 There are 0 pins that are not constrained for maximum delay.

 There are 0 pins that are not constrained for maximum delay due to constant clock.


5. checking no_input_delay (132)
--------------------------------
 There are 132 input ports with no input delay specified. (HIGH)

 There are 0 input ports with no input delay but user has a false path constraint.


6. checking no_output_delay (136)
---------------------------------
 There are 136 ports with no output delay specified. (HIGH)

 There are 0 ports with no output delay but user has a false path constraint

 There are 0 ports with no output delay but with a timing clock defined on it or propagating through it


7. checking multiple_clock (0)
------------------------------
 There are 0 register/latch pins with multiple clocks.


8. checking generated_clocks (0)
--------------------------------
 There are 0 generated clocks that are not connected to a clock source.


9. checking loops (0)
---------------------
 There are 0 combinational loops in the design.


10. checking partial_input_delay (0)
------------------------------------
 There are 0 input ports with partial input delay specified.


11. checking partial_output_delay (0)
-------------------------------------
 There are 0 ports with partial output delay specified.


12. checking latch_loops (0)
----------------------------
 There are 0 combinational latch loops in the design through latch input



------------------------------------------------------------------------------------------------
| Design Timing Summary
| ---------------------
------------------------------------------------------------------------------------------------

    WNS(ns)      TNS(ns)  TNS Failing Endpoints  TNS Total Endpoints      WHS(ns)      THS(ns)  THS Failing Endpoints  THS Total Endpoints     WPWS(ns)     TPWS(ns)  TPWS Failing Endpoints  TPWS Total Endpoints  
    -------      -------  ---------------------  -------------------      -------      -------  ---------------------  -------------------     --------     --------  ----------------------  --------------------  
      0.508        0.000                      0                 2317        0.042        0.000                      0                 2317        2.225        0.000                       0                   997  


All user specified timing constraints are met.


------------------------------------------------------------------------------------------------
| Clock Summary
| -------------
------------------------------------------------------------------------------------------------

Clock  Waveform(ns)         Period(ns)      Frequency(MHz)
-----  ------------         ----------      --------------
aclk   {0.000 2.500}        5.000           200.000         


------------------------------------------------------------------------------------------------
| Intra Clock Table
| -----------------
------------------------------------------------------------------------------------------------

Clock             WNS(ns)      TNS(ns)  TNS Failing Endpoints  TNS Total Endpoints      WHS(ns)      THS(ns)  THS Failing Endpoints  THS Total Endpoints     WPWS(ns)     TPWS(ns)  TPWS Failing Endpoints  TPWS Total Endpoints  
-----             -------      -------  ---------------------  -------------------      -------      -------  ---------------------  -------------------     --------     --------  ----------------------  --------------------  
aclk                0.508        0.000                      0                 2317        0.042        0.000                      0                 2317        2.225        0.000                       0                   997  


------------------------------------------------------------------------------------------------
| Inter Clock Table
| -----------------
------------------------------------------------------------------------------------------------

From Clock    To Clock          WNS(ns)      TNS(ns)  TNS Failing Endpoints  TNS Total Endpoints      WHS(ns)      THS(ns)  THS Failing Endpoints  THS Total Endpoints  
----------    --------          -------      -------  ---------------------  -------------------      -------      -------  ---------------------  -------------------  


------------------------------------------------------------------------------------------------
| Other Path Groups Table
| -----------------------
------------------------------------------------------------------------------------------------

Path Group    From Clock    To Clock          WNS(ns)      TNS(ns)  TNS Failing Endpoints  TNS Total Endpoints      WHS(ns)      THS(ns)  THS Failing Endpoints  THS Total Endpoints  
----------    ----------    --------          -------      -------  ---------------------  -------------------      -------      -------  ---------------------  -------------------  


------------------------------------------------------------------------------------------------
| Timing Details
| --------------
------------------------------------------------------------------------------------------------


---------------------------------------------------------------------------------------------------
From Clock:  aclk
  To Clock:  aclk

Setup :            0  Failing Endpoints,  Worst Slack        0.508ns,  Total Violation        0.000ns
Hold  :            0  Failing Endpoints,  Worst Slack        0.042ns,  Total Violation        0.000ns
PW    :            0  Failing Endpoints,  Worst Slack        2.225ns,  Total Violation        0.000ns
---------------------------------------------------------------------------------------------------


Max Delay Paths
--------------------------------------------------------------------------------------
Slack (MET) :             0.508ns  (required time - arrival time)
  Source:                 u_core/payload_idx_r_reg[1]/C
                            (rising edge-triggered cell FDRE clocked by aclk  {rise@0.000ns fall@2.500ns period=5.000ns})
  Destination:            u_core/payload_word_r_reg[19]/D
                            (rising edge-triggered cell FDRE clocked by aclk  {rise@0.000ns fall@2.500ns period=5.000ns})
  Path Group:             aclk
  Path Type:              Setup (Max at Slow Process Corner)
  Requirement:            5.000ns  (aclk rise@5.000ns - aclk rise@0.000ns)
  Data Path Delay:        4.332ns  (logic 0.266ns (6.140%)  route 4.066ns (93.860%))
  Logic Levels:           2  (LUT4=1 LUT6=1)
  Clock Path Skew:        -0.150ns (DCD - SCD + CPR)
    Destination Clock Delay (DCD):    2.669ns = ( 7.669 - 5.000 ) 
    Source Clock Delay      (SCD):    3.523ns
    Clock Pessimism Removal (CPR):    0.704ns
  Clock Uncertainty:      0.035ns  ((TSJ^2 + TIJ^2)^1/2 + DJ) / 2 + PE
    Total System Jitter     (TSJ):    0.071ns
    Total Input Jitter      (TIJ):    0.000ns
    Discrete Jitter          (DJ):    0.000ns
    Phase Error              (PE):    0.000ns
  Clock Net Delay (Source):      2.305ns (routing 1.134ns, distribution 1.171ns)
  Clock Net Delay (Destination): 1.997ns (routing 1.032ns, distribution 0.965ns)

    Location             Delay type                Incr(ns)  Path(ns)    Netlist Resource(s)
  -------------------------------------------------------------------    -------------------
                         (clock aclk rise edge)       0.000     0.000 r  
    M10                                               0.000     0.000 r  aclk (IN)
                         net (fo=0)                   0.000     0.000    aclk_IBUF_inst/I
    M10                  INBUF (Prop_INBUF_HDIOB_M_PAD_O)
                                                      0.986     0.986 r  aclk_IBUF_inst/INBUF_INST/O
                         net (fo=1, routed)           0.000     0.986    aclk_IBUF_inst/OUT
    M10                  IBUFCTRL (Prop_IBUFCTRL_HDIOB_M_I_O)
                                                      0.000     0.986 r  aclk_IBUF_inst/IBUFCTRL_INST/O
                         net (fo=1, routed)           0.204     1.190    aclk_IBUF
    BUFGCE_HDIO_X2Y0     BUFGCE (Prop_BUFCE_BUFGCE_HDIO_I_O)
                                                      0.028     1.218 r  aclk_IBUF_BUFG_inst/O
    X1Y3 (CLOCK_ROOT)    net (fo=1028, routed)        2.305     3.523    u_core/aclk_IBUF_BUFG
    SLICE_X35Y281        FDRE                                         r  u_core/payload_idx_r_reg[1]/C
  -------------------------------------------------------------------    -------------------
    SLICE_X35Y281        FDRE (Prop_DFF2_SLICEM_C_Q)
                                                      0.080     3.603 r  u_core/payload_idx_r_reg[1]/Q
                         net (fo=39, routed)          2.282     5.885    u_core/payload_idx_r_reg_n_0_[1]
    SLICE_X66Y141        LUT6 (Prop_G6LUT_SLICEL_I3_O)
                                                      0.050     5.935 r  u_core/payload_word_r[19]_i_2/O
                         net (fo=1, routed)           0.096     6.031    u_core/in11[19]
    SLICE_X66Y141        LUT4 (Prop_C5LUT_SLICEL_I2_O)
                                                      0.136     6.167 r  u_core/payload_word_r[19]_i_1/O
                         net (fo=2, routed)           1.688     7.855    u_core/payload_word_r[19]
    SLICE_X49Y248        FDRE                                         r  u_core/payload_word_r_reg[19]/D
  -------------------------------------------------------------------    -------------------

                         (clock aclk rise edge)       5.000     5.000 r  
    M10                                               0.000     5.000 r  aclk (IN)
                         net (fo=0)                   0.000     5.000    aclk_IBUF_inst/I
    M10                  INBUF (Prop_INBUF_HDIOB_M_PAD_O)
                                                      0.479     5.479 r  aclk_IBUF_inst/INBUF_INST/O
                         net (fo=1, routed)           0.000     5.479    aclk_IBUF_inst/OUT
    M10                  IBUFCTRL (Prop_IBUFCTRL_HDIOB_M_I_O)
                                                      0.000     5.479 r  aclk_IBUF_inst/IBUFCTRL_INST/O
                         net (fo=1, routed)           0.169     5.648    aclk_IBUF
    BUFGCE_HDIO_X2Y0     BUFGCE (Prop_BUFCE_BUFGCE_HDIO_I_O)
                                                      0.024     5.672 r  aclk_IBUF_BUFG_inst/O
    X1Y3 (CLOCK_ROOT)    net (fo=1028, routed)        1.997     7.669    u_core/aclk_IBUF_BUFG
    SLICE_X49Y248        FDRE                                         r  u_core/payload_word_r_reg[19]/C
                         clock pessimism              0.704     8.374    
                         clock uncertainty           -0.035     8.338    
    SLICE_X49Y248        FDRE (Setup_BFF_SLICEM_C_D)
                                                      0.025     8.363    u_core/payload_word_r_reg[19]
  -------------------------------------------------------------------
                         required time                          8.363    
                         arrival time                          -7.855    
  -------------------------------------------------------------------
                         slack                                  0.508    





Min Delay Paths
--------------------------------------------------------------------------------------
Slack (MET) :             0.042ns  (arrival time - required time)
  Source:                 u_core/parallel_pair_trace_r_reg[58]/C
                            (rising edge-triggered cell FDRE clocked by aclk  {rise@0.000ns fall@2.500ns period=5.000ns})
  Destination:            u_core/parallel_pair_trace_r_reg[58]/D
                            (rising edge-triggered cell FDRE clocked by aclk  {rise@0.000ns fall@2.500ns period=5.000ns})
  Path Group:             aclk
  Path Type:              Hold (Min at Fast Process Corner)
  Requirement:            0.000ns  (aclk rise@0.000ns - aclk rise@0.000ns)
  Data Path Delay:        0.094ns  (logic 0.053ns (56.474%)  route 0.041ns (43.526%))
  Logic Levels:           1  (LUT6=1)
  Clock Path Skew:        0.006ns (DCD - SCD - CPR)
    Destination Clock Delay (DCD):    2.221ns
    Source Clock Delay      (SCD):    1.751ns
    Clock Pessimism Removal (CPR):    0.464ns
  Clock Net Delay (Source):      1.323ns (routing 0.624ns, distribution 0.699ns)
  Clock Net Delay (Destination): 1.481ns (routing 0.693ns, distribution 0.788ns)

    Location             Delay type                Incr(ns)  Path(ns)    Netlist Resource(s)
  -------------------------------------------------------------------    -------------------
                         (clock aclk rise edge)       0.000     0.000 r  
    M10                                               0.000     0.000 r  aclk (IN)
                         net (fo=0)                   0.000     0.000    aclk_IBUF_inst/I
    M10                  INBUF (Prop_INBUF_HDIOB_M_PAD_O)
                                                      0.320     0.320 r  aclk_IBUF_inst/INBUF_INST/O
                         net (fo=1, routed)           0.000     0.320    aclk_IBUF_inst/OUT
    M10                  IBUFCTRL (Prop_IBUFCTRL_HDIOB_M_I_O)
                                                      0.000     0.320 r  aclk_IBUF_inst/IBUFCTRL_INST/O
                         net (fo=1, routed)           0.091     0.411    aclk_IBUF
    BUFGCE_HDIO_X2Y0     BUFGCE (Prop_BUFCE_BUFGCE_HDIO_I_O)
                                                      0.017     0.428 r  aclk_IBUF_BUFG_inst/O
    X1Y3 (CLOCK_ROOT)    net (fo=1028, routed)        1.323     1.751    u_core/aclk_IBUF_BUFG
    SLICE_X12Y281        FDRE                                         r  u_core/parallel_pair_trace_r_reg[58]/C
  -------------------------------------------------------------------    -------------------
    SLICE_X12Y281        FDRE (Prop_DFF_SLICEL_C_Q)
                                                      0.039     1.790 r  u_core/parallel_pair_trace_r_reg[58]/Q
                         net (fo=2, routed)           0.025     1.815    u_core/parallel_pair_trace_w[58]
    SLICE_X12Y281        LUT6 (Prop_D6LUT_SLICEL_I5_O)
                                                      0.014     1.829 r  u_core/parallel_pair_trace_r[58]_i_1/O
                         net (fo=1, routed)           0.016     1.845    u_core/parallel_pair_trace_r[58]_i_1_n_0
    SLICE_X12Y281        FDRE                                         r  u_core/parallel_pair_trace_r_reg[58]/D
  -------------------------------------------------------------------    -------------------

                         (clock aclk rise edge)       0.000     0.000 r  
    M10                                               0.000     0.000 r  aclk (IN)
                         net (fo=0)                   0.000     0.000    aclk_IBUF_inst/I
    M10                  INBUF (Prop_INBUF_HDIOB_M_PAD_O)
                                                      0.608     0.608 r  aclk_IBUF_inst/INBUF_INST/O
                         net (fo=1, routed)           0.000     0.608    aclk_IBUF_inst/OUT
    M10                  IBUFCTRL (Prop_IBUFCTRL_HDIOB_M_I_O)
                                                      0.000     0.608 r  aclk_IBUF_inst/IBUFCTRL_INST/O
                         net (fo=1, routed)           0.113     0.721    aclk_IBUF
    BUFGCE_HDIO_X2Y0     BUFGCE (Prop_BUFCE_BUFGCE_HDIO_I_O)
                                                      0.019     0.740 r  aclk_IBUF_BUFG_inst/O
    X1Y3 (CLOCK_ROOT)    net (fo=1028, routed)        1.481     2.221    u_core/aclk_IBUF_BUFG
    SLICE_X12Y281        FDRE                                         r  u_core/parallel_pair_trace_r_reg[58]/C
                         clock pessimism             -0.464     1.757    
    SLICE_X12Y281        FDRE (Hold_DFF_SLICEL_C_D)
                                                      0.046     1.803    u_core/parallel_pair_trace_r_reg[58]
  -------------------------------------------------------------------
                         required time                         -1.803    
                         arrival time                           1.845    
  -------------------------------------------------------------------
                         slack                                  0.042    





Pulse Width Checks
--------------------------------------------------------------------------------------
Clock Name:         aclk
Waveform(ns):       { 0.000 2.500 }
Period(ns):         5.000
Sources:            { aclk }

Check Type        Corner  Lib Pin   Reference Pin  Required(ns)  Actual(ns)  Slack(ns)  Location          Pin
Min Period        n/a     BUFGCE/I  n/a            1.290         5.000       3.710      BUFGCE_HDIO_X2Y0  aclk_IBUF_BUFG_inst/I
Low Pulse Width   Slow    FDSE/C    n/a            0.275         2.500       2.225      SLICE_X33Y284     u_core/FSM_onehot_state_r_reg[0]/C
High Pulse Width  Slow    FDSE/C    n/a            0.275         2.500       2.225      SLICE_X33Y284     u_core/FSM_onehot_state_r_reg[0]/C



