Copyright 1986-2022 Xilinx, Inc. All Rights Reserved. Copyright 2022-2024 Advanced Micro Devices, Inc. All Rights Reserved.
---------------------------------------------------------------------------------------------------------------------------------------------
| Tool Version : Vivado v.2024.1 (lin64) Build 5076996 Wed May 22 18:36:09 MDT 2024
| Date         : Tue Jun 16 09:37:14 2026
| Host         : iamjames77-MS-7D76 running 64-bit Ubuntu 22.04.5 LTS
| Command      : report_utilization -file utilization.rpt
| Design       : projection_target_stream_plan
| Device       : xczu7ev-ffvc1156-2-e
| Speed File   : -2
| Design State : Routed
---------------------------------------------------------------------------------------------------------------------------------------------

Utilization Design Information

Table of Contents
-----------------
1. CLB Logic
1.1 Summary of Registers by Type
2. CLB Logic Distribution
3. BLOCKRAM
4. ARITHMETIC
5. I/O
6. CLOCK
7. ADVANCED
8. CONFIGURATION
9. Primitives
10. Black Boxes
11. Instantiated Netlists

1. CLB Logic
------------

+-------------------------+------+-------+------------+-----------+-------+
|        Site Type        | Used | Fixed | Prohibited | Available | Util% |
+-------------------------+------+-------+------------+-----------+-------+
| CLB LUTs                | 1183 |     0 |          0 |    230400 |  0.51 |
|   LUT as Logic          | 1183 |     0 |          0 |    230400 |  0.51 |
|   LUT as Memory         |    0 |     0 |          0 |    101760 |  0.00 |
| CLB Registers           |  992 |     0 |          0 |    460800 |  0.22 |
|   Register as Flip Flop |  992 |     0 |          0 |    460800 |  0.22 |
|   Register as Latch     |    0 |     0 |          0 |    460800 |  0.00 |
| CARRY8                  |   26 |     0 |          0 |     28800 |  0.09 |
| F7 Muxes                |   64 |     0 |          0 |    115200 |  0.06 |
| F8 Muxes                |   32 |     0 |          0 |     57600 |  0.06 |
| F9 Muxes                |    0 |     0 |          0 |     28800 |  0.00 |
+-------------------------+------+-------+------------+-----------+-------+
* Warning! LUT value is adjusted to account for LUT combining.


1.1 Summary of Registers by Type
--------------------------------

+-------+--------------+-------------+--------------+
| Total | Clock Enable | Synchronous | Asynchronous |
+-------+--------------+-------------+--------------+
| 0     |            _ |           - |            - |
| 0     |            _ |           - |          Set |
| 0     |            _ |           - |        Reset |
| 0     |            _ |         Set |            - |
| 0     |            _ |       Reset |            - |
| 0     |          Yes |           - |            - |
| 0     |          Yes |           - |          Set |
| 0     |          Yes |           - |        Reset |
| 1     |          Yes |         Set |            - |
| 991   |          Yes |       Reset |            - |
+-------+--------------+-------------+--------------+


2. CLB Logic Distribution
-------------------------

+--------------------------------------------+------+-------+------------+-----------+-------+
|                  Site Type                 | Used | Fixed | Prohibited | Available | Util% |
+--------------------------------------------+------+-------+------------+-----------+-------+
| CLB                                        |  270 |     0 |          0 |     28800 |  0.94 |
|   CLBL                                     |  160 |     0 |            |           |       |
|   CLBM                                     |  110 |     0 |            |           |       |
| LUT as Logic                               | 1183 |     0 |          0 |    230400 |  0.51 |
|   using O5 output only                     |   12 |       |            |           |       |
|   using O6 output only                     |  919 |       |            |           |       |
|   using O5 and O6                          |  252 |       |            |           |       |
| LUT as Memory                              |    0 |     0 |          0 |    101760 |  0.00 |
|   LUT as Distributed RAM                   |    0 |     0 |            |           |       |
|     using O5 output only                   |    0 |       |            |           |       |
|     using O6 output only                   |    0 |       |            |           |       |
|     using O5 and O6                        |    0 |       |            |           |       |
|   LUT as Shift Register                    |    0 |     0 |            |           |       |
|     using O5 output only                   |    0 |       |            |           |       |
|     using O6 output only                   |    0 |       |            |           |       |
|     using O5 and O6                        |    0 |       |            |           |       |
| CLB Registers                              |  992 |     0 |          0 |    460800 |  0.22 |
|   Register driven from within the CLB      |  818 |       |            |           |       |
|   Register driven from outside the CLB     |  174 |       |            |           |       |
|     LUT in front of the register is unused |  155 |       |            |           |       |
|     LUT in front of the register is used   |   19 |       |            |           |       |
| Unique Control Sets                        |   46 |       |          0 |     57600 |  0.08 |
+--------------------------------------------+------+-------+------------+-----------+-------+
* * Note: Available Control Sets calculated as Slices * 2, Review the Control Sets Report for more information regarding control sets.


3. BLOCKRAM
-----------

+----------------+------+-------+------------+-----------+-------+
|    Site Type   | Used | Fixed | Prohibited | Available | Util% |
+----------------+------+-------+------------+-----------+-------+
| Block RAM Tile |    0 |     0 |          0 |       312 |  0.00 |
|   RAMB36/FIFO* |    0 |     0 |          0 |       312 |  0.00 |
|   RAMB18       |    0 |     0 |          0 |       624 |  0.00 |
| URAM           |    0 |     0 |          0 |        96 |  0.00 |
+----------------+------+-------+------------+-----------+-------+
* Note: Each Block RAM Tile only has one FIFO logic available and therefore can accommodate only one FIFO36E2 or one FIFO18E2. However, if a FIFO18E2 occupies a Block RAM Tile, that tile can still accommodate a RAMB18E2


4. ARITHMETIC
-------------

+----------------+------+-------+------------+-----------+-------+
|    Site Type   | Used | Fixed | Prohibited | Available | Util% |
+----------------+------+-------+------------+-----------+-------+
| DSPs           |    6 |     0 |          0 |      1728 |  0.35 |
|   DSP48E2 only |    6 |       |            |           |       |
+----------------+------+-------+------------+-----------+-------+


5. I/O
------

+------------------+------+-------+------------+-----------+-------+
|     Site Type    | Used | Fixed | Prohibited | Available | Util% |
+------------------+------+-------+------------+-----------+-------+
| Bonded IOB       |  282 |     0 |          0 |       360 | 78.33 |
| HPIOB_M          |  130 |     0 |          0 |       144 | 90.28 |
|   INPUT          |   60 |       |            |           |       |
|   OUTPUT         |   70 |       |            |           |       |
|   BIDIR          |    0 |       |            |           |       |
| HPIOB_S          |  130 |     0 |          0 |       144 | 90.28 |
|   INPUT          |   60 |       |            |           |       |
|   OUTPUT         |   70 |       |            |           |       |
|   BIDIR          |    0 |       |            |           |       |
| HDIOB_M          |    6 |     0 |          0 |        24 | 25.00 |
|   INPUT          |    3 |       |            |           |       |
|   OUTPUT         |    3 |       |            |           |       |
|   BIDIR          |    0 |       |            |           |       |
| HDIOB_S          |    4 |     0 |          0 |        24 | 16.67 |
|   INPUT          |    2 |       |            |           |       |
|   OUTPUT         |    2 |       |            |           |       |
|   BIDIR          |    0 |       |            |           |       |
| HPIOB_SNGL       |   12 |     0 |          0 |        24 | 50.00 |
|   INPUT          |    8 |       |            |           |       |
|   OUTPUT         |    4 |       |            |           |       |
|   BIDIR          |    0 |       |            |           |       |
| HPIOBDIFFINBUF   |    0 |     0 |          0 |       192 |  0.00 |
| HPIOBDIFFOUTBUF  |    0 |     0 |          0 |       192 |  0.00 |
| HDIOBDIFFINBUF   |    0 |     0 |          0 |        48 |  0.00 |
| BITSLICE_CONTROL |    0 |     0 |          0 |        64 |  0.00 |
| BITSLICE_RX_TX   |    0 |     0 |          0 |      2496 |  0.00 |
| BITSLICE_TX      |    0 |     0 |          0 |        64 |  0.00 |
| RIU_OR           |    0 |     0 |          0 |        32 |  0.00 |
+------------------+------+-------+------------+-----------+-------+


6. CLOCK
--------

+------------+------+-------+------------+-----------+-------+
|  Site Type | Used | Fixed | Prohibited | Available | Util% |
+------------+------+-------+------------+-----------+-------+
| BUFGCE     |    1 |     0 |          0 |       208 |  0.48 |
| BUFGCE_DIV |    0 |     0 |          0 |        32 |  0.00 |
| BUFG_GT    |    0 |     0 |          0 |       144 |  0.00 |
| BUFG_PS    |    0 |     0 |          0 |        96 |  0.00 |
| BUFGCTRL*  |    0 |     0 |          0 |        64 |  0.00 |
| PLL        |    0 |     0 |          0 |        16 |  0.00 |
| MMCM       |    0 |     0 |          0 |         8 |  0.00 |
+------------+------+-------+------------+-----------+-------+
* Note: Each used BUFGCTRL counts as two GLOBAL CLOCK BUFFERs. This table does not include global clocking resources, only buffer cell usage. See the Clock Utilization Report (report_clock_utilization) for detailed accounting of global clocking resource availability.


7. ADVANCED
-----------

+-----------------+------+-------+------------+-----------+-------+
|    Site Type    | Used | Fixed | Prohibited | Available | Util% |
+-----------------+------+-------+------------+-----------+-------+
| GTHE4_CHANNEL   |    0 |     0 |          0 |        20 |  0.00 |
| GTHE4_COMMON    |    0 |     0 |          0 |         5 |  0.00 |
| OBUFDS_GTE4     |    0 |     0 |          0 |        10 |  0.00 |
| OBUFDS_GTE4_ADV |    0 |     0 |          0 |        10 |  0.00 |
| PCIE40E4        |    0 |     0 |          0 |         2 |  0.00 |
| PS8             |    0 |     0 |          0 |         1 |  0.00 |
| SYSMONE4        |    0 |     0 |          0 |         1 |  0.00 |
| VCU             |    0 |     0 |          0 |         1 |  0.00 |
+-----------------+------+-------+------------+-----------+-------+


8. CONFIGURATION
----------------

+-------------+------+-------+------------+-----------+-------+
|  Site Type  | Used | Fixed | Prohibited | Available | Util% |
+-------------+------+-------+------------+-----------+-------+
| BSCANE2     |    0 |     0 |          0 |         4 |  0.00 |
| DNA_PORTE2  |    0 |     0 |          0 |         1 |  0.00 |
| EFUSE_USR   |    0 |     0 |          0 |         1 |  0.00 |
| FRAME_ECCE4 |    0 |     0 |          0 |         1 |  0.00 |
| ICAPE3      |    0 |     0 |          0 |         2 |  0.00 |
| MASTER_JTAG |    0 |     0 |          0 |         1 |  0.00 |
| STARTUPE3   |    0 |     0 |          0 |         1 |  0.00 |
+-------------+------+-------+------------+-----------+-------+


9. Primitives
-------------

+----------+------+---------------------+
| Ref Name | Used | Functional Category |
+----------+------+---------------------+
| FDRE     |  991 |            Register |
| LUT6     |  845 |                 CLB |
| LUT3     |  216 |                 CLB |
| LUT2     |  211 |                 CLB |
| OBUF     |  149 |                 I/O |
| INBUF    |  133 |                 I/O |
| IBUFCTRL |  133 |              Others |
| LUT4     |  119 |                 CLB |
| MUXF7    |   64 |                 CLB |
| LUT5     |   44 |                 CLB |
| MUXF8    |   32 |                 CLB |
| CARRY8   |   26 |                 CLB |
| DSP48E2  |    6 |          Arithmetic |
| FDSE     |    1 |            Register |
| BUFGCE   |    1 |               Clock |
+----------+------+---------------------+


10. Black Boxes
---------------

+----------+------+
| Ref Name | Used |
+----------+------+


11. Instantiated Netlists
-------------------------

+----------+------+
| Ref Name | Used |
+----------+------+


