Copyright 1986-2022 Xilinx, Inc. All Rights Reserved. Copyright 2022-2024 Advanced Micro Devices, Inc. All Rights Reserved.
--------------------------------------------------------------------------------------------------------------------------------------------------
| Tool Version      : Vivado v.2024.1 (lin64) Build 5076996 Wed May 22 18:36:09 MDT 2024
| Date              : Tue Jun 16 09:47:01 2026
| Host              : iamjames77-MS-7D76 running 64-bit Ubuntu 22.04.5 LTS
| Command           : report_timing_summary -file timing_summary.rpt
| Design            : projection_axi_read_data_channel_adapter
| Device            : xczu7ev-ffvc1156
| Speed File        : -2  PRODUCTION 1.30 05-15-2022
| Design State      : Routed
| Temperature Grade : E
--------------------------------------------------------------------------------------------------------------------------------------------------

Timing Summary Report

------------------------------------------------------------------------------------------------
| Timer Settings
| --------------
------------------------------------------------------------------------------------------------

  Enable Multi Corner Analysis               :  Yes
  Enable Pessimism Removal                   :  Yes
  Pessimism Removal Resolution               :  Nearest Common Node
  Enable Input Delay Default Clock           :  No
  Enable Preset / Clear Arcs                 :  No
  Disable Flight Delays                      :  No
  Ignore I/O Paths                           :  No
  Timing Early Launch at Borrowing Latches   :  No
  Borrow Time for Max Delay Exceptions       :  Yes
  Merge Timing Exceptions                    :  Yes
  Inter-SLR Compensation                     :  Conservative

  Corner  Analyze    Analyze    
  Name    Max Paths  Min Paths  
  ------  ---------  ---------  
  Slow    Yes        Yes        
  Fast    Yes        Yes        


------------------------------------------------------------------------------------------------
| Report Methodology
| ------------------
------------------------------------------------------------------------------------------------

No report available as report_methodology has not been run prior. Run report_methodology on the current design for the summary of methodology violations.



check_timing report

Table of Contents
-----------------
1. checking no_clock (0)
2. checking constant_clock (0)
3. checking pulse_width_clock (0)
4. checking unconstrained_internal_endpoints (0)
5. checking no_input_delay (143)
6. checking no_output_delay (76)
7. checking multiple_clock (0)
8. checking generated_clocks (0)
9. checking loops (0)
10. checking partial_input_delay (0)
11. checking partial_output_delay (0)
12. checking latch_loops (0)

1. checking no_clock (0)
------------------------
 There are 0 register/latch pins with no clock.


2. checking constant_clock (0)
------------------------------
 There are 0 register/latch pins with constant_clock.


3. checking pulse_width_clock (0)
---------------------------------
 There are 0 register/latch pins which need pulse_width check


4. checking unconstrained_internal_endpoints (0)
------------------------------------------------
 There are 0 pins that are not constrained for maximum delay.

 There are 0 pins that are not constrained for maximum delay due to constant clock.


5. checking no_input_delay (143)
--------------------------------
 There are 143 input ports with no input delay specified. (HIGH)

 There are 0 input ports with no input delay but user has a false path constraint.


6. checking no_output_delay (76)
--------------------------------
 There are 76 ports with no output delay specified. (HIGH)

 There are 0 ports with no output delay but user has a false path constraint

 There are 0 ports with no output delay but with a timing clock defined on it or propagating through it


7. checking multiple_clock (0)
------------------------------
 There are 0 register/latch pins with multiple clocks.


8. checking generated_clocks (0)
--------------------------------
 There are 0 generated clocks that are not connected to a clock source.


9. checking loops (0)
---------------------
 There are 0 combinational loops in the design.


10. checking partial_input_delay (0)
------------------------------------
 There are 0 input ports with partial input delay specified.


11. checking partial_output_delay (0)
-------------------------------------
 There are 0 ports with partial output delay specified.


12. checking latch_loops (0)
----------------------------
 There are 0 combinational latch loops in the design through latch input



------------------------------------------------------------------------------------------------
| Design Timing Summary
| ---------------------
------------------------------------------------------------------------------------------------

    WNS(ns)      TNS(ns)  TNS Failing Endpoints  TNS Total Endpoints      WHS(ns)      THS(ns)  THS Failing Endpoints  THS Total Endpoints     WPWS(ns)     TPWS(ns)  TPWS Failing Endpoints  TPWS Total Endpoints  
    -------      -------  ---------------------  -------------------      -------      -------  ---------------------  -------------------     --------     --------  ----------------------  --------------------  
      2.221        0.000                      0                  417        0.055        0.000                      0                  417        2.225        0.000                       0                   210  


All user specified timing constraints are met.


------------------------------------------------------------------------------------------------
| Clock Summary
| -------------
------------------------------------------------------------------------------------------------

Clock  Waveform(ns)         Period(ns)      Frequency(MHz)
-----  ------------         ----------      --------------
aclk   {0.000 2.500}        5.000           200.000         


------------------------------------------------------------------------------------------------
| Intra Clock Table
| -----------------
------------------------------------------------------------------------------------------------

Clock             WNS(ns)      TNS(ns)  TNS Failing Endpoints  TNS Total Endpoints      WHS(ns)      THS(ns)  THS Failing Endpoints  THS Total Endpoints     WPWS(ns)     TPWS(ns)  TPWS Failing Endpoints  TPWS Total Endpoints  
-----             -------      -------  ---------------------  -------------------      -------      -------  ---------------------  -------------------     --------     --------  ----------------------  --------------------  
aclk                2.221        0.000                      0                  417        0.055        0.000                      0                  417        2.225        0.000                       0                   210  


------------------------------------------------------------------------------------------------
| Inter Clock Table
| -----------------
------------------------------------------------------------------------------------------------

From Clock    To Clock          WNS(ns)      TNS(ns)  TNS Failing Endpoints  TNS Total Endpoints      WHS(ns)      THS(ns)  THS Failing Endpoints  THS Total Endpoints  
----------    --------          -------      -------  ---------------------  -------------------      -------      -------  ---------------------  -------------------  


------------------------------------------------------------------------------------------------
| Other Path Groups Table
| -----------------------
------------------------------------------------------------------------------------------------

Path Group    From Clock    To Clock          WNS(ns)      TNS(ns)  TNS Failing Endpoints  TNS Total Endpoints      WHS(ns)      THS(ns)  THS Failing Endpoints  THS Total Endpoints  
----------    ----------    --------          -------      -------  ---------------------  -------------------      -------      -------  ---------------------  -------------------  


------------------------------------------------------------------------------------------------
| Timing Details
| --------------
------------------------------------------------------------------------------------------------


---------------------------------------------------------------------------------------------------
From Clock:  aclk
  To Clock:  aclk

Setup :            0  Failing Endpoints,  Worst Slack        2.221ns,  Total Violation        0.000ns
Hold  :            0  Failing Endpoints,  Worst Slack        0.055ns,  Total Violation        0.000ns
PW    :            0  Failing Endpoints,  Worst Slack        2.225ns,  Total Violation        0.000ns
---------------------------------------------------------------------------------------------------


Max Delay Paths
--------------------------------------------------------------------------------------
Slack (MET) :             2.221ns  (required time - arrival time)
  Source:                 FSM_sequential_state_r_reg[1]/C
                            (rising edge-triggered cell FDRE clocked by aclk  {rise@0.000ns fall@2.500ns period=5.000ns})
  Destination:            payload_word_r_reg[0]/CE
                            (rising edge-triggered cell FDRE clocked by aclk  {rise@0.000ns fall@2.500ns period=5.000ns})
  Path Group:             aclk
  Path Type:              Setup (Max at Slow Process Corner)
  Requirement:            5.000ns  (aclk rise@5.000ns - aclk rise@0.000ns)
  Data Path Delay:        2.610ns  (logic 0.227ns (8.699%)  route 2.383ns (91.301%))
  Logic Levels:           2  (LUT5=1 LUT6=1)
  Clock Path Skew:        -0.075ns (DCD - SCD + CPR)
    Destination Clock Delay (DCD):    2.184ns = ( 7.184 - 5.000 ) 
    Source Clock Delay      (SCD):    2.668ns
    Clock Pessimism Removal (CPR):    0.409ns
  Clock Uncertainty:      0.035ns  ((TSJ^2 + TIJ^2)^1/2 + DJ) / 2 + PE
    Total System Jitter     (TSJ):    0.071ns
    Total Input Jitter      (TIJ):    0.000ns
    Discrete Jitter          (DJ):    0.000ns
    Phase Error              (PE):    0.000ns
  Clock Net Delay (Source):      1.728ns (routing 0.919ns, distribution 0.809ns)
  Clock Net Delay (Destination): 1.536ns (routing 0.836ns, distribution 0.700ns)

    Location             Delay type                Incr(ns)  Path(ns)    Netlist Resource(s)
  -------------------------------------------------------------------    -------------------
                         (clock aclk rise edge)       0.000     0.000 r  
    AH11                                              0.000     0.000 r  aclk (IN)
                         net (fo=0)                   0.000     0.000    aclk_IBUF_inst/I
    AH11                 INBUF (Prop_INBUF_HPIOB_M_PAD_O)
                                                      0.589     0.589 r  aclk_IBUF_inst/INBUF_INST/O
                         net (fo=1, routed)           0.000     0.589    aclk_IBUF_inst/OUT
    AH11                 IBUFCTRL (Prop_IBUFCTRL_HPIOB_M_I_O)
                                                      0.000     0.589 r  aclk_IBUF_inst/IBUFCTRL_INST/O
                         net (fo=1, routed)           0.323     0.912    aclk_IBUF
    BUFGCE_X1Y72         BUFGCE (Prop_BUFCE_BUFGCE_I_O)
                                                      0.028     0.940 r  aclk_IBUF_BUFG_inst/O
    X3Y5 (CLOCK_ROOT)    net (fo=209, routed)         1.728     2.668    aclk_IBUF_BUFG
    SLICE_X99Y340        FDRE                                         r  FSM_sequential_state_r_reg[1]/C
  -------------------------------------------------------------------    -------------------
    SLICE_X99Y340        FDRE (Prop_DFF_SLICEL_C_Q)
                                                      0.079     2.747 f  FSM_sequential_state_r_reg[1]/Q
                         net (fo=66, routed)          0.961     3.708    FSM_sequential_state_r_reg_n_0_[1]
    SLICE_X100Y314       LUT5 (Prop_G6LUT_SLICEL_I2_O)
                                                      0.097     3.805 r  beat_count_r[1]_i_1/O
                         net (fo=134, routed)         0.762     4.568    beat_count_r[1]_i_1_n_0
    SLICE_X99Y336        LUT6 (Prop_E6LUT_SLICEL_I0_O)
                                                      0.051     4.619 r  payload_word_r[31]_i_1/O
                         net (fo=32, routed)          0.659     5.278    payload_word_r[31]_i_1_n_0
    SLICE_X101Y330       FDRE                                         r  payload_word_r_reg[0]/CE
  -------------------------------------------------------------------    -------------------

                         (clock aclk rise edge)       5.000     5.000 r  
    AH11                                              0.000     5.000 r  aclk (IN)
                         net (fo=0)                   0.000     5.000    aclk_IBUF_inst/I
    AH11                 INBUF (Prop_INBUF_HPIOB_M_PAD_O)
                                                      0.338     5.338 r  aclk_IBUF_inst/INBUF_INST/O
                         net (fo=1, routed)           0.000     5.338    aclk_IBUF_inst/OUT
    AH11                 IBUFCTRL (Prop_IBUFCTRL_HPIOB_M_I_O)
                                                      0.000     5.338 r  aclk_IBUF_inst/IBUFCTRL_INST/O
                         net (fo=1, routed)           0.286     5.624    aclk_IBUF
    BUFGCE_X1Y72         BUFGCE (Prop_BUFCE_BUFGCE_I_O)
                                                      0.024     5.648 r  aclk_IBUF_BUFG_inst/O
    X3Y5 (CLOCK_ROOT)    net (fo=209, routed)         1.536     7.184    aclk_IBUF_BUFG
    SLICE_X101Y330       FDRE                                         r  payload_word_r_reg[0]/C
                         clock pessimism              0.409     7.593    
                         clock uncertainty           -0.035     7.558    
    SLICE_X101Y330       FDRE (Setup_DFF2_SLICEL_C_CE)
                                                     -0.059     7.499    payload_word_r_reg[0]
  -------------------------------------------------------------------
                         required time                          7.499    
                         arrival time                          -5.278    
  -------------------------------------------------------------------
                         slack                                  2.221    





Min Delay Paths
--------------------------------------------------------------------------------------
Slack (MET) :             0.055ns  (arrival time - required time)
  Source:                 beat_count_r_reg[0]/C
                            (rising edge-triggered cell FDRE clocked by aclk  {rise@0.000ns fall@2.500ns period=5.000ns})
  Destination:            beat_count_r_reg[1]/D
                            (rising edge-triggered cell FDRE clocked by aclk  {rise@0.000ns fall@2.500ns period=5.000ns})
  Path Group:             aclk
  Path Type:              Hold (Min at Fast Process Corner)
  Requirement:            0.000ns  (aclk rise@0.000ns - aclk rise@0.000ns)
  Data Path Delay:        0.108ns  (logic 0.072ns (66.441%)  route 0.036ns (33.558%))
  Logic Levels:           1  (LUT3=1)
  Clock Path Skew:        0.006ns (DCD - SCD - CPR)
    Destination Clock Delay (DCD):    1.702ns
    Source Clock Delay      (SCD):    1.348ns
    Clock Pessimism Removal (CPR):    0.348ns
  Clock Net Delay (Source):      0.964ns (routing 0.506ns, distribution 0.458ns)
  Clock Net Delay (Destination): 1.093ns (routing 0.566ns, distribution 0.527ns)

    Location             Delay type                Incr(ns)  Path(ns)    Netlist Resource(s)
  -------------------------------------------------------------------    -------------------
                         (clock aclk rise edge)       0.000     0.000 r  
    AH11                                              0.000     0.000 r  aclk (IN)
                         net (fo=0)                   0.000     0.000    aclk_IBUF_inst/I
    AH11                 INBUF (Prop_INBUF_HPIOB_M_PAD_O)
                                                      0.223     0.223 r  aclk_IBUF_inst/INBUF_INST/O
                         net (fo=1, routed)           0.000     0.223    aclk_IBUF_inst/OUT
    AH11                 IBUFCTRL (Prop_IBUFCTRL_HPIOB_M_I_O)
                                                      0.000     0.223 r  aclk_IBUF_inst/IBUFCTRL_INST/O
                         net (fo=1, routed)           0.144     0.367    aclk_IBUF
    BUFGCE_X1Y72         BUFGCE (Prop_BUFCE_BUFGCE_I_O)
                                                      0.017     0.384 r  aclk_IBUF_BUFG_inst/O
    X3Y5 (CLOCK_ROOT)    net (fo=209, routed)         0.964     1.348    aclk_IBUF_BUFG
    SLICE_X100Y338       FDRE                                         r  beat_count_r_reg[0]/C
  -------------------------------------------------------------------    -------------------
    SLICE_X100Y338       FDRE (Prop_DFF_SLICEL_C_Q)
                                                      0.039     1.387 r  beat_count_r_reg[0]/Q
                         net (fo=7, routed)           0.030     1.418    status_o_OBUF[4]
    SLICE_X100Y338       LUT3 (Prop_D5LUT_SLICEL_I0_O)
                                                      0.033     1.451 r  beat_count_r[1]_i_2/O
                         net (fo=1, routed)           0.006     1.457    beat_count_r[1]_i_2_n_0
    SLICE_X100Y338       FDRE                                         r  beat_count_r_reg[1]/D
  -------------------------------------------------------------------    -------------------

                         (clock aclk rise edge)       0.000     0.000 r  
    AH11                                              0.000     0.000 r  aclk (IN)
                         net (fo=0)                   0.000     0.000    aclk_IBUF_inst/I
    AH11                 INBUF (Prop_INBUF_HPIOB_M_PAD_O)
                                                      0.409     0.409 r  aclk_IBUF_inst/INBUF_INST/O
                         net (fo=1, routed)           0.000     0.409    aclk_IBUF_inst/OUT
    AH11                 IBUFCTRL (Prop_IBUFCTRL_HPIOB_M_I_O)
                                                      0.000     0.409 r  aclk_IBUF_inst/IBUFCTRL_INST/O
                         net (fo=1, routed)           0.181     0.590    aclk_IBUF
    BUFGCE_X1Y72         BUFGCE (Prop_BUFCE_BUFGCE_I_O)
                                                      0.019     0.609 r  aclk_IBUF_BUFG_inst/O
    X3Y5 (CLOCK_ROOT)    net (fo=209, routed)         1.093     1.702    aclk_IBUF_BUFG
    SLICE_X100Y338       FDRE                                         r  beat_count_r_reg[1]/C
                         clock pessimism             -0.348     1.354    
    SLICE_X100Y338       FDRE (Hold_DFF2_SLICEL_C_D)
                                                      0.047     1.401    beat_count_r_reg[1]
  -------------------------------------------------------------------
                         required time                         -1.401    
                         arrival time                           1.457    
  -------------------------------------------------------------------
                         slack                                  0.055    





Pulse Width Checks
--------------------------------------------------------------------------------------
Clock Name:         aclk
Waveform(ns):       { 0.000 2.500 }
Period(ns):         5.000
Sources:            { aclk }

Check Type        Corner  Lib Pin   Reference Pin  Required(ns)  Actual(ns)  Slack(ns)  Location        Pin
Min Period        n/a     BUFGCE/I  n/a            1.290         5.000       3.710      BUFGCE_X1Y72    aclk_IBUF_BUFG_inst/I
Low Pulse Width   Slow    FDRE/C    n/a            0.275         2.500       2.225      SLICE_X102Y336  FSM_sequential_state_r_reg[0]/C
High Pulse Width  Slow    FDRE/C    n/a            0.275         2.500       2.225      SLICE_X102Y336  FSM_sequential_state_r_reg[0]/C



