Copyright 1986-2022 Xilinx, Inc. All Rights Reserved. Copyright 2022-2024 Advanced Micro Devices, Inc. All Rights Reserved.
--------------------------------------------------------------------------------------------------------------------------------------------------
| Tool Version      : Vivado v.2024.1 (lin64) Build 5076996 Wed May 22 18:36:09 MDT 2024
| Date              : Tue Jun 16 09:46:13 2026
| Host              : iamjames77-MS-7D76 running 64-bit Ubuntu 22.04.5 LTS
| Command           : report_timing_summary -file timing_summary.rpt
| Design            : projection_axi_read_command_adapter
| Device            : xczu7ev-ffvc1156
| Speed File        : -2  PRODUCTION 1.30 05-15-2022
| Design State      : Routed
| Temperature Grade : E
--------------------------------------------------------------------------------------------------------------------------------------------------

Timing Summary Report

------------------------------------------------------------------------------------------------
| Timer Settings
| --------------
------------------------------------------------------------------------------------------------

  Enable Multi Corner Analysis               :  Yes
  Enable Pessimism Removal                   :  Yes
  Pessimism Removal Resolution               :  Nearest Common Node
  Enable Input Delay Default Clock           :  No
  Enable Preset / Clear Arcs                 :  No
  Disable Flight Delays                      :  No
  Ignore I/O Paths                           :  No
  Timing Early Launch at Borrowing Latches   :  No
  Borrow Time for Max Delay Exceptions       :  Yes
  Merge Timing Exceptions                    :  Yes
  Inter-SLR Compensation                     :  Conservative

  Corner  Analyze    Analyze    
  Name    Max Paths  Min Paths  
  ------  ---------  ---------  
  Slow    Yes        Yes        
  Fast    Yes        Yes        


------------------------------------------------------------------------------------------------
| Report Methodology
| ------------------
------------------------------------------------------------------------------------------------

No report available as report_methodology has not been run prior. Run report_methodology on the current design for the summary of methodology violations.



check_timing report

Table of Contents
-----------------
1. checking no_clock (0)
2. checking constant_clock (0)
3. checking pulse_width_clock (0)
4. checking unconstrained_internal_endpoints (0)
5. checking no_input_delay (3)
6. checking no_output_delay (9)
7. checking multiple_clock (0)
8. checking generated_clocks (0)
9. checking loops (0)
10. checking partial_input_delay (0)
11. checking partial_output_delay (0)
12. checking latch_loops (0)

1. checking no_clock (0)
------------------------
 There are 0 register/latch pins with no clock.


2. checking constant_clock (0)
------------------------------
 There are 0 register/latch pins with constant_clock.


3. checking pulse_width_clock (0)
---------------------------------
 There are 0 register/latch pins which need pulse_width check


4. checking unconstrained_internal_endpoints (0)
------------------------------------------------
 There are 0 pins that are not constrained for maximum delay.

 There are 0 pins that are not constrained for maximum delay due to constant clock.


5. checking no_input_delay (3)
------------------------------
 There are 3 input ports with no input delay specified. (HIGH)

 There are 0 input ports with no input delay but user has a false path constraint.


6. checking no_output_delay (9)
-------------------------------
 There are 9 ports with no output delay specified. (HIGH)

 There are 0 ports with no output delay but user has a false path constraint

 There are 0 ports with no output delay but with a timing clock defined on it or propagating through it


7. checking multiple_clock (0)
------------------------------
 There are 0 register/latch pins with multiple clocks.


8. checking generated_clocks (0)
--------------------------------
 There are 0 generated clocks that are not connected to a clock source.


9. checking loops (0)
---------------------
 There are 0 combinational loops in the design.


10. checking partial_input_delay (0)
------------------------------------
 There are 0 input ports with partial input delay specified.


11. checking partial_output_delay (0)
-------------------------------------
 There are 0 ports with partial output delay specified.


12. checking latch_loops (0)
----------------------------
 There are 0 combinational latch loops in the design through latch input



------------------------------------------------------------------------------------------------
| Design Timing Summary
| ---------------------
------------------------------------------------------------------------------------------------

    WNS(ns)      TNS(ns)  TNS Failing Endpoints  TNS Total Endpoints      WHS(ns)      THS(ns)  THS Failing Endpoints  THS Total Endpoints     WPWS(ns)     TPWS(ns)  TPWS Failing Endpoints  TPWS Total Endpoints  
    -------      -------  ---------------------  -------------------      -------      -------  ---------------------  -------------------     --------     --------  ----------------------  --------------------  
      4.271        0.000                      0                   14        0.043        0.000                      0                   14        2.225        0.000                       0                    12  


All user specified timing constraints are met.


------------------------------------------------------------------------------------------------
| Clock Summary
| -------------
------------------------------------------------------------------------------------------------

Clock  Waveform(ns)         Period(ns)      Frequency(MHz)
-----  ------------         ----------      --------------
aclk   {0.000 2.500}        5.000           200.000         


------------------------------------------------------------------------------------------------
| Intra Clock Table
| -----------------
------------------------------------------------------------------------------------------------

Clock             WNS(ns)      TNS(ns)  TNS Failing Endpoints  TNS Total Endpoints      WHS(ns)      THS(ns)  THS Failing Endpoints  THS Total Endpoints     WPWS(ns)     TPWS(ns)  TPWS Failing Endpoints  TPWS Total Endpoints  
-----             -------      -------  ---------------------  -------------------      -------      -------  ---------------------  -------------------     --------     --------  ----------------------  --------------------  
aclk                4.271        0.000                      0                   14        0.043        0.000                      0                   14        2.225        0.000                       0                    12  


------------------------------------------------------------------------------------------------
| Inter Clock Table
| -----------------
------------------------------------------------------------------------------------------------

From Clock    To Clock          WNS(ns)      TNS(ns)  TNS Failing Endpoints  TNS Total Endpoints      WHS(ns)      THS(ns)  THS Failing Endpoints  THS Total Endpoints  
----------    --------          -------      -------  ---------------------  -------------------      -------      -------  ---------------------  -------------------  


------------------------------------------------------------------------------------------------
| Other Path Groups Table
| -----------------------
------------------------------------------------------------------------------------------------

Path Group    From Clock    To Clock          WNS(ns)      TNS(ns)  TNS Failing Endpoints  TNS Total Endpoints      WHS(ns)      THS(ns)  THS Failing Endpoints  THS Total Endpoints  
----------    ----------    --------          -------      -------  ---------------------  -------------------      -------      -------  ---------------------  -------------------  


------------------------------------------------------------------------------------------------
| Timing Details
| --------------
------------------------------------------------------------------------------------------------


---------------------------------------------------------------------------------------------------
From Clock:  aclk
  To Clock:  aclk

Setup :            0  Failing Endpoints,  Worst Slack        4.271ns,  Total Violation        0.000ns
Hold  :            0  Failing Endpoints,  Worst Slack        0.043ns,  Total Violation        0.000ns
PW    :            0  Failing Endpoints,  Worst Slack        2.225ns,  Total Violation        0.000ns
---------------------------------------------------------------------------------------------------


Max Delay Paths
--------------------------------------------------------------------------------------
Slack (MET) :             4.271ns  (required time - arrival time)
  Source:                 FSM_sequential_state_r_reg[0]/C
                            (rising edge-triggered cell FDRE clocked by aclk  {rise@0.000ns fall@2.500ns period=5.000ns})
  Destination:            araddr_r_reg[20]_lopt_replica/CE
                            (rising edge-triggered cell FDRE clocked by aclk  {rise@0.000ns fall@2.500ns period=5.000ns})
  Path Group:             aclk
  Path Type:              Setup (Max at Slow Process Corner)
  Requirement:            5.000ns  (aclk rise@5.000ns - aclk rise@0.000ns)
  Data Path Delay:        0.599ns  (logic 0.168ns (28.042%)  route 0.431ns (71.958%))
  Logic Levels:           1  (LUT3=1)
  Clock Path Skew:        -0.035ns (DCD - SCD + CPR)
    Destination Clock Delay (DCD):    1.278ns = ( 6.278 - 5.000 ) 
    Source Clock Delay      (SCD):    1.914ns
    Clock Pessimism Removal (CPR):    0.601ns
  Clock Uncertainty:      0.035ns  ((TSJ^2 + TIJ^2)^1/2 + DJ) / 2 + PE
    Total System Jitter     (TSJ):    0.071ns
    Total Input Jitter      (TIJ):    0.000ns
    Discrete Jitter          (DJ):    0.000ns
    Phase Error              (PE):    0.000ns
  Clock Net Delay (Source):      0.641ns (routing 0.010ns, distribution 0.631ns)
  Clock Net Delay (Destination): 0.552ns (routing 0.009ns, distribution 0.543ns)

    Location             Delay type                Incr(ns)  Path(ns)    Netlist Resource(s)
  -------------------------------------------------------------------    -------------------
                         (clock aclk rise edge)       0.000     0.000 r  
    E4                                                0.000     0.000 r  aclk (IN)
                         net (fo=0)                   0.000     0.000    aclk_IBUF_inst/I
    E4                   INBUF (Prop_INBUF_HDIOB_M_PAD_O)
                                                      1.040     1.040 r  aclk_IBUF_inst/INBUF_INST/O
                         net (fo=1, routed)           0.000     1.040    aclk_IBUF_inst/OUT
    E4                   IBUFCTRL (Prop_IBUFCTRL_HDIOB_M_I_O)
                                                      0.000     1.040 r  aclk_IBUF_inst/IBUFCTRL_INST/O
                         net (fo=1, routed)           0.204     1.244    aclk_IBUF
    BUFGCE_HDIO_X2Y2     BUFGCE (Prop_BUFCE_BUFGCE_HDIO_I_O)
                                                      0.028     1.272 r  aclk_IBUF_BUFG_inst/O
    X3Y5 (CLOCK_ROOT)    net (fo=11, routed)          0.641     1.914    aclk_IBUF_BUFG
    SLICE_X99Y311        FDRE                                         r  FSM_sequential_state_r_reg[0]/C
  -------------------------------------------------------------------    -------------------
    SLICE_X99Y311        FDRE (Prop_CFF_SLICEL_C_Q)
                                                      0.079     1.993 f  FSM_sequential_state_r_reg[0]/Q
                         net (fo=7, routed)           0.216     2.209    state_r[0]
    SLICE_X99Y311        LUT3 (Prop_G6LUT_SLICEL_I1_O)
                                                      0.089     2.298 r  araddr_r[20]_i_1/O
                         net (fo=7, routed)           0.215     2.513    araddr_r
    SLICE_X99Y312        FDRE                                         r  araddr_r_reg[20]_lopt_replica/CE
  -------------------------------------------------------------------    -------------------

                         (clock aclk rise edge)       5.000     5.000 r  
    E4                                                0.000     5.000 r  aclk (IN)
                         net (fo=0)                   0.000     5.000    aclk_IBUF_inst/I
    E4                   INBUF (Prop_INBUF_HDIOB_M_PAD_O)
                                                      0.533     5.533 r  aclk_IBUF_inst/INBUF_INST/O
                         net (fo=1, routed)           0.000     5.533    aclk_IBUF_inst/OUT
    E4                   IBUFCTRL (Prop_IBUFCTRL_HDIOB_M_I_O)
                                                      0.000     5.533 r  aclk_IBUF_inst/IBUFCTRL_INST/O
                         net (fo=1, routed)           0.169     5.702    aclk_IBUF
    BUFGCE_HDIO_X2Y2     BUFGCE (Prop_BUFCE_BUFGCE_HDIO_I_O)
                                                      0.024     5.726 r  aclk_IBUF_BUFG_inst/O
    X3Y5 (CLOCK_ROOT)    net (fo=11, routed)          0.552     6.278    aclk_IBUF_BUFG
    SLICE_X99Y312        FDRE                                         r  araddr_r_reg[20]_lopt_replica/C
                         clock pessimism              0.601     6.879    
                         clock uncertainty           -0.035     6.844    
    SLICE_X99Y312        FDRE (Setup_EFF2_SLICEL_C_CE)
                                                     -0.060     6.784    araddr_r_reg[20]_lopt_replica
  -------------------------------------------------------------------
                         required time                          6.784    
                         arrival time                          -2.513    
  -------------------------------------------------------------------
                         slack                                  4.271    





Min Delay Paths
--------------------------------------------------------------------------------------
Slack (MET) :             0.043ns  (arrival time - required time)
  Source:                 FSM_sequential_state_r_reg[1]/C
                            (rising edge-triggered cell FDRE clocked by aclk  {rise@0.000ns fall@2.500ns period=5.000ns})
  Destination:            FSM_sequential_state_r_reg[0]/D
                            (rising edge-triggered cell FDRE clocked by aclk  {rise@0.000ns fall@2.500ns period=5.000ns})
  Path Group:             aclk
  Path Type:              Hold (Min at Fast Process Corner)
  Requirement:            0.000ns  (aclk rise@0.000ns - aclk rise@0.000ns)
  Data Path Delay:        0.095ns  (logic 0.053ns (55.735%)  route 0.042ns (44.265%))
  Logic Levels:           1  (LUT3=1)
  Clock Path Skew:        0.006ns (DCD - SCD - CPR)
    Destination Clock Delay (DCD):    1.210ns
    Source Clock Delay      (SCD):    0.848ns
    Clock Pessimism Removal (CPR):    0.357ns
  Clock Net Delay (Source):      0.366ns (routing 0.007ns, distribution 0.359ns)
  Clock Net Delay (Destination): 0.416ns (routing 0.008ns, distribution 0.408ns)

    Location             Delay type                Incr(ns)  Path(ns)    Netlist Resource(s)
  -------------------------------------------------------------------    -------------------
                         (clock aclk rise edge)       0.000     0.000 r  
    E4                                                0.000     0.000 r  aclk (IN)
                         net (fo=0)                   0.000     0.000    aclk_IBUF_inst/I
    E4                   INBUF (Prop_INBUF_HDIOB_M_PAD_O)
                                                      0.374     0.374 r  aclk_IBUF_inst/INBUF_INST/O
                         net (fo=1, routed)           0.000     0.374    aclk_IBUF_inst/OUT
    E4                   IBUFCTRL (Prop_IBUFCTRL_HDIOB_M_I_O)
                                                      0.000     0.374 r  aclk_IBUF_inst/IBUFCTRL_INST/O
                         net (fo=1, routed)           0.091     0.465    aclk_IBUF
    BUFGCE_HDIO_X2Y2     BUFGCE (Prop_BUFCE_BUFGCE_HDIO_I_O)
                                                      0.017     0.482 r  aclk_IBUF_BUFG_inst/O
    X3Y5 (CLOCK_ROOT)    net (fo=11, routed)          0.366     0.848    aclk_IBUF_BUFG
    SLICE_X99Y311        FDRE                                         r  FSM_sequential_state_r_reg[1]/C
  -------------------------------------------------------------------    -------------------
    SLICE_X99Y311        FDRE (Prop_DFF_SLICEL_C_Q)
                                                      0.039     0.887 f  FSM_sequential_state_r_reg[1]/Q
                         net (fo=7, routed)           0.025     0.912    state_r[1]
    SLICE_X99Y311        LUT3 (Prop_C6LUT_SLICEL_I2_O)
                                                      0.014     0.926 r  FSM_sequential_state_r[0]_i_1/O
                         net (fo=1, routed)           0.017     0.943    state_r__0[0]
    SLICE_X99Y311        FDRE                                         r  FSM_sequential_state_r_reg[0]/D
  -------------------------------------------------------------------    -------------------

                         (clock aclk rise edge)       0.000     0.000 r  
    E4                                                0.000     0.000 r  aclk (IN)
                         net (fo=0)                   0.000     0.000    aclk_IBUF_inst/I
    E4                   INBUF (Prop_INBUF_HDIOB_M_PAD_O)
                                                      0.662     0.662 r  aclk_IBUF_inst/INBUF_INST/O
                         net (fo=1, routed)           0.000     0.662    aclk_IBUF_inst/OUT
    E4                   IBUFCTRL (Prop_IBUFCTRL_HDIOB_M_I_O)
                                                      0.000     0.662 r  aclk_IBUF_inst/IBUFCTRL_INST/O
                         net (fo=1, routed)           0.113     0.775    aclk_IBUF
    BUFGCE_HDIO_X2Y2     BUFGCE (Prop_BUFCE_BUFGCE_HDIO_I_O)
                                                      0.019     0.794 r  aclk_IBUF_BUFG_inst/O
    X3Y5 (CLOCK_ROOT)    net (fo=11, routed)          0.416     1.210    aclk_IBUF_BUFG
    SLICE_X99Y311        FDRE                                         r  FSM_sequential_state_r_reg[0]/C
                         clock pessimism             -0.357     0.854    
    SLICE_X99Y311        FDRE (Hold_CFF_SLICEL_C_D)
                                                      0.046     0.900    FSM_sequential_state_r_reg[0]
  -------------------------------------------------------------------
                         required time                         -0.900    
                         arrival time                           0.943    
  -------------------------------------------------------------------
                         slack                                  0.043    





Pulse Width Checks
--------------------------------------------------------------------------------------
Clock Name:         aclk
Waveform(ns):       { 0.000 2.500 }
Period(ns):         5.000
Sources:            { aclk }

Check Type        Corner  Lib Pin   Reference Pin  Required(ns)  Actual(ns)  Slack(ns)  Location          Pin
Min Period        n/a     BUFGCE/I  n/a            1.290         5.000       3.710      BUFGCE_HDIO_X2Y2  aclk_IBUF_BUFG_inst/I
Low Pulse Width   Slow    FDRE/C    n/a            0.275         2.500       2.225      SLICE_X99Y311     FSM_sequential_state_r_reg[0]/C
High Pulse Width  Slow    FDRE/C    n/a            0.275         2.500       2.225      SLICE_X99Y311     FSM_sequential_state_r_reg[0]/C



