Copyright 1986-2022 Xilinx, Inc. All Rights Reserved. Copyright 2022-2024 Advanced Micro Devices, Inc. All Rights Reserved.
--------------------------------------------------------------------------------------------------------------------------------------------------
| Tool Version      : Vivado v.2024.1 (lin64) Build 5076996 Wed May 22 18:36:09 MDT 2024
| Date              : Tue Jun 16 09:47:49 2026
| Host              : iamjames77-MS-7D76 running 64-bit Ubuntu 22.04.5 LTS
| Command           : report_timing_summary -file timing_summary.rpt
| Design            : projection_axi_read_transaction_adapter
| Device            : xczu7ev-ffvc1156
| Speed File        : -2  PRODUCTION 1.30 05-15-2022
| Design State      : Routed
| Temperature Grade : E
--------------------------------------------------------------------------------------------------------------------------------------------------

Timing Summary Report

------------------------------------------------------------------------------------------------
| Timer Settings
| --------------
------------------------------------------------------------------------------------------------

  Enable Multi Corner Analysis               :  Yes
  Enable Pessimism Removal                   :  Yes
  Pessimism Removal Resolution               :  Nearest Common Node
  Enable Input Delay Default Clock           :  No
  Enable Preset / Clear Arcs                 :  No
  Disable Flight Delays                      :  No
  Ignore I/O Paths                           :  No
  Timing Early Launch at Borrowing Latches   :  No
  Borrow Time for Max Delay Exceptions       :  Yes
  Merge Timing Exceptions                    :  Yes
  Inter-SLR Compensation                     :  Conservative

  Corner  Analyze    Analyze    
  Name    Max Paths  Min Paths  
  ------  ---------  ---------  
  Slow    Yes        Yes        
  Fast    Yes        Yes        


------------------------------------------------------------------------------------------------
| Report Methodology
| ------------------
------------------------------------------------------------------------------------------------

No report available as report_methodology has not been run prior. Run report_methodology on the current design for the summary of methodology violations.



check_timing report

Table of Contents
-----------------
1. checking no_clock (0)
2. checking constant_clock (0)
3. checking pulse_width_clock (0)
4. checking unconstrained_internal_endpoints (0)
5. checking no_input_delay (144)
6. checking no_output_delay (69)
7. checking multiple_clock (0)
8. checking generated_clocks (0)
9. checking loops (0)
10. checking partial_input_delay (0)
11. checking partial_output_delay (0)
12. checking latch_loops (0)

1. checking no_clock (0)
------------------------
 There are 0 register/latch pins with no clock.


2. checking constant_clock (0)
------------------------------
 There are 0 register/latch pins with constant_clock.


3. checking pulse_width_clock (0)
---------------------------------
 There are 0 register/latch pins which need pulse_width check


4. checking unconstrained_internal_endpoints (0)
------------------------------------------------
 There are 0 pins that are not constrained for maximum delay.

 There are 0 pins that are not constrained for maximum delay due to constant clock.


5. checking no_input_delay (144)
--------------------------------
 There are 144 input ports with no input delay specified. (HIGH)

 There are 0 input ports with no input delay but user has a false path constraint.


6. checking no_output_delay (69)
--------------------------------
 There are 69 ports with no output delay specified. (HIGH)

 There are 0 ports with no output delay but user has a false path constraint

 There are 0 ports with no output delay but with a timing clock defined on it or propagating through it


7. checking multiple_clock (0)
------------------------------
 There are 0 register/latch pins with multiple clocks.


8. checking generated_clocks (0)
--------------------------------
 There are 0 generated clocks that are not connected to a clock source.


9. checking loops (0)
---------------------
 There are 0 combinational loops in the design.


10. checking partial_input_delay (0)
------------------------------------
 There are 0 input ports with partial input delay specified.


11. checking partial_output_delay (0)
-------------------------------------
 There are 0 ports with partial output delay specified.


12. checking latch_loops (0)
----------------------------
 There are 0 combinational latch loops in the design through latch input



------------------------------------------------------------------------------------------------
| Design Timing Summary
| ---------------------
------------------------------------------------------------------------------------------------

    WNS(ns)      TNS(ns)  TNS Failing Endpoints  TNS Total Endpoints      WHS(ns)      THS(ns)  THS Failing Endpoints  THS Total Endpoints     WPWS(ns)     TPWS(ns)  TPWS Failing Endpoints  TPWS Total Endpoints  
    -------      -------  ---------------------  -------------------      -------      -------  ---------------------  -------------------     --------     --------  ----------------------  --------------------  
      3.038        0.000                      0                  397        0.041        0.000                      0                  397        2.225        0.000                       0                   204  


All user specified timing constraints are met.


------------------------------------------------------------------------------------------------
| Clock Summary
| -------------
------------------------------------------------------------------------------------------------

Clock  Waveform(ns)         Period(ns)      Frequency(MHz)
-----  ------------         ----------      --------------
aclk   {0.000 2.500}        5.000           200.000         


------------------------------------------------------------------------------------------------
| Intra Clock Table
| -----------------
------------------------------------------------------------------------------------------------

Clock             WNS(ns)      TNS(ns)  TNS Failing Endpoints  TNS Total Endpoints      WHS(ns)      THS(ns)  THS Failing Endpoints  THS Total Endpoints     WPWS(ns)     TPWS(ns)  TPWS Failing Endpoints  TPWS Total Endpoints  
-----             -------      -------  ---------------------  -------------------      -------      -------  ---------------------  -------------------     --------     --------  ----------------------  --------------------  
aclk                3.038        0.000                      0                  397        0.041        0.000                      0                  397        2.225        0.000                       0                   204  


------------------------------------------------------------------------------------------------
| Inter Clock Table
| -----------------
------------------------------------------------------------------------------------------------

From Clock    To Clock          WNS(ns)      TNS(ns)  TNS Failing Endpoints  TNS Total Endpoints      WHS(ns)      THS(ns)  THS Failing Endpoints  THS Total Endpoints  
----------    --------          -------      -------  ---------------------  -------------------      -------      -------  ---------------------  -------------------  


------------------------------------------------------------------------------------------------
| Other Path Groups Table
| -----------------------
------------------------------------------------------------------------------------------------

Path Group    From Clock    To Clock          WNS(ns)      TNS(ns)  TNS Failing Endpoints  TNS Total Endpoints      WHS(ns)      THS(ns)  THS Failing Endpoints  THS Total Endpoints  
----------    ----------    --------          -------      -------  ---------------------  -------------------      -------      -------  ---------------------  -------------------  


------------------------------------------------------------------------------------------------
| Timing Details
| --------------
------------------------------------------------------------------------------------------------


---------------------------------------------------------------------------------------------------
From Clock:  aclk
  To Clock:  aclk

Setup :            0  Failing Endpoints,  Worst Slack        3.038ns,  Total Violation        0.000ns
Hold  :            0  Failing Endpoints,  Worst Slack        0.041ns,  Total Violation        0.000ns
PW    :            0  Failing Endpoints,  Worst Slack        2.225ns,  Total Violation        0.000ns
---------------------------------------------------------------------------------------------------


Max Delay Paths
--------------------------------------------------------------------------------------
Slack (MET) :             3.038ns  (required time - arrival time)
  Source:                 beat_count_r_reg[1]/C
                            (rising edge-triggered cell FDRE clocked by aclk  {rise@0.000ns fall@2.500ns period=5.000ns})
  Destination:            mem_word_r_reg[110]/CE
                            (rising edge-triggered cell FDRE clocked by aclk  {rise@0.000ns fall@2.500ns period=5.000ns})
  Path Group:             aclk
  Path Type:              Setup (Max at Slow Process Corner)
  Requirement:            5.000ns  (aclk rise@5.000ns - aclk rise@0.000ns)
  Data Path Delay:        1.694ns  (logic 0.202ns (11.927%)  route 1.492ns (88.073%))
  Logic Levels:           1  (LUT6=1)
  Clock Path Skew:        -0.173ns (DCD - SCD + CPR)
    Destination Clock Delay (DCD):    1.495ns = ( 6.495 - 5.000 ) 
    Source Clock Delay      (SCD):    1.975ns
    Clock Pessimism Removal (CPR):    0.307ns
  Clock Uncertainty:      0.035ns  ((TSJ^2 + TIJ^2)^1/2 + DJ) / 2 + PE
    Total System Jitter     (TSJ):    0.071ns
    Total Input Jitter      (TIJ):    0.000ns
    Discrete Jitter          (DJ):    0.000ns
    Phase Error              (PE):    0.000ns
  Clock Net Delay (Source):      1.084ns (routing 0.171ns, distribution 0.913ns)
  Clock Net Delay (Destination): 0.896ns (routing 0.155ns, distribution 0.741ns)

    Location             Delay type                Incr(ns)  Path(ns)    Netlist Resource(s)
  -------------------------------------------------------------------    -------------------
                         (clock aclk rise edge)       0.000     0.000 r  
    F17                                               0.000     0.000 r  aclk (IN)
                         net (fo=0)                   0.000     0.000    aclk_IBUF_inst/I
    F17                  INBUF (Prop_INBUF_HPIOB_M_PAD_O)
                                                      0.540     0.540 r  aclk_IBUF_inst/INBUF_INST/O
                         net (fo=1, routed)           0.000     0.540    aclk_IBUF_inst/OUT
    F17                  IBUFCTRL (Prop_IBUFCTRL_HPIOB_M_I_O)
                                                      0.000     0.540 r  aclk_IBUF_inst/IBUFCTRL_INST/O
                         net (fo=1, routed)           0.323     0.863    aclk_IBUF
    BUFGCE_X1Y111        BUFGCE (Prop_BUFCE_BUFGCE_I_O)
                                                      0.028     0.891 r  aclk_IBUF_BUFG_inst/O
    X2Y4 (CLOCK_ROOT)    net (fo=203, routed)         1.084     1.975    aclk_IBUF_BUFG
    SLICE_X66Y307        FDRE                                         r  beat_count_r_reg[1]/C
  -------------------------------------------------------------------    -------------------
    SLICE_X66Y307        FDRE (Prop_HFF_SLICEL_C_Q)
                                                      0.079     2.054 f  beat_count_r_reg[1]/Q
                         net (fo=8, routed)           0.287     2.341    status_o_OBUF[4]
    SLICE_X66Y304        LUT6 (Prop_G6LUT_SLICEL_I0_O)
                                                      0.123     2.464 r  beat_count_r[1]_i_1/O
                         net (fo=133, routed)         1.205     3.669    beat_count_r[1]_i_1_n_0
    SLICE_X66Y291        FDRE                                         r  mem_word_r_reg[110]/CE
  -------------------------------------------------------------------    -------------------

                         (clock aclk rise edge)       5.000     5.000 r  
    F17                                               0.000     5.000 r  aclk (IN)
                         net (fo=0)                   0.000     5.000    aclk_IBUF_inst/I
    F17                  INBUF (Prop_INBUF_HPIOB_M_PAD_O)
                                                      0.290     5.290 r  aclk_IBUF_inst/INBUF_INST/O
                         net (fo=1, routed)           0.000     5.290    aclk_IBUF_inst/OUT
    F17                  IBUFCTRL (Prop_IBUFCTRL_HPIOB_M_I_O)
                                                      0.000     5.290 r  aclk_IBUF_inst/IBUFCTRL_INST/O
                         net (fo=1, routed)           0.286     5.576    aclk_IBUF
    BUFGCE_X1Y111        BUFGCE (Prop_BUFCE_BUFGCE_I_O)
                                                      0.024     5.600 r  aclk_IBUF_BUFG_inst/O
    X2Y4 (CLOCK_ROOT)    net (fo=203, routed)         0.896     6.495    aclk_IBUF_BUFG
    SLICE_X66Y291        FDRE                                         r  mem_word_r_reg[110]/C
                         clock pessimism              0.307     6.803    
                         clock uncertainty           -0.035     6.767    
    SLICE_X66Y291        FDRE (Setup_DFF_SLICEL_C_CE)
                                                     -0.060     6.707    mem_word_r_reg[110]
  -------------------------------------------------------------------
                         required time                          6.707    
                         arrival time                          -3.669    
  -------------------------------------------------------------------
                         slack                                  3.038    





Min Delay Paths
--------------------------------------------------------------------------------------
Slack (MET) :             0.041ns  (arrival time - required time)
  Source:                 FSM_sequential_state_r_reg[1]_rep/C
                            (rising edge-triggered cell FDRE clocked by aclk  {rise@0.000ns fall@2.500ns period=5.000ns})
  Destination:            accepted_beat_trace_r_reg[0]/D
                            (rising edge-triggered cell FDRE clocked by aclk  {rise@0.000ns fall@2.500ns period=5.000ns})
  Path Group:             aclk
  Path Type:              Hold (Min at Slow Process Corner)
  Requirement:            0.000ns  (aclk rise@0.000ns - aclk rise@0.000ns)
  Data Path Delay:        0.136ns  (logic 0.059ns (43.528%)  route 0.077ns (56.472%))
  Logic Levels:           0  
  Clock Path Skew:        0.035ns (DCD - SCD - CPR)
    Destination Clock Delay (DCD):    1.975ns
    Source Clock Delay      (SCD):    1.537ns
    Clock Pessimism Removal (CPR):    0.404ns
  Clock Net Delay (Source):      0.937ns (routing 0.155ns, distribution 0.782ns)
  Clock Net Delay (Destination): 1.084ns (routing 0.171ns, distribution 0.913ns)

    Location             Delay type                Incr(ns)  Path(ns)    Netlist Resource(s)
  -------------------------------------------------------------------    -------------------
                         (clock aclk rise edge)       0.000     0.000 r  
    F17                                               0.000     0.000 r  aclk (IN)
                         net (fo=0)                   0.000     0.000    aclk_IBUF_inst/I
    F17                  INBUF (Prop_INBUF_HPIOB_M_PAD_O)
                                                      0.290     0.290 r  aclk_IBUF_inst/INBUF_INST/O
                         net (fo=1, routed)           0.000     0.290    aclk_IBUF_inst/OUT
    F17                  IBUFCTRL (Prop_IBUFCTRL_HPIOB_M_I_O)
                                                      0.000     0.290 r  aclk_IBUF_inst/IBUFCTRL_INST/O
                         net (fo=1, routed)           0.286     0.576    aclk_IBUF
    BUFGCE_X1Y111        BUFGCE (Prop_BUFCE_BUFGCE_I_O)
                                                      0.024     0.600 r  aclk_IBUF_BUFG_inst/O
    X2Y4 (CLOCK_ROOT)    net (fo=203, routed)         0.937     1.537    aclk_IBUF_BUFG
    SLICE_X66Y305        FDRE                                         r  FSM_sequential_state_r_reg[1]_rep/C
  -------------------------------------------------------------------    -------------------
    SLICE_X66Y305        FDRE (Prop_GFF_SLICEL_C_Q)
                                                      0.059     1.596 r  FSM_sequential_state_r_reg[1]_rep/Q
                         net (fo=5, routed)           0.077     1.672    FSM_sequential_state_r_reg[1]_rep_n_0
    SLICE_X66Y306        FDRE                                         r  accepted_beat_trace_r_reg[0]/D
  -------------------------------------------------------------------    -------------------

                         (clock aclk rise edge)       0.000     0.000 r  
    F17                                               0.000     0.000 r  aclk (IN)
                         net (fo=0)                   0.000     0.000    aclk_IBUF_inst/I
    F17                  INBUF (Prop_INBUF_HPIOB_M_PAD_O)
                                                      0.540     0.540 r  aclk_IBUF_inst/INBUF_INST/O
                         net (fo=1, routed)           0.000     0.540    aclk_IBUF_inst/OUT
    F17                  IBUFCTRL (Prop_IBUFCTRL_HPIOB_M_I_O)
                                                      0.000     0.540 r  aclk_IBUF_inst/IBUFCTRL_INST/O
                         net (fo=1, routed)           0.323     0.863    aclk_IBUF
    BUFGCE_X1Y111        BUFGCE (Prop_BUFCE_BUFGCE_I_O)
                                                      0.028     0.891 r  aclk_IBUF_BUFG_inst/O
    X2Y4 (CLOCK_ROOT)    net (fo=203, routed)         1.084     1.975    aclk_IBUF_BUFG
    SLICE_X66Y306        FDRE                                         r  accepted_beat_trace_r_reg[0]/C
                         clock pessimism             -0.404     1.572    
    SLICE_X66Y306        FDRE (Hold_HFF_SLICEL_C_D)
                                                      0.060     1.632    accepted_beat_trace_r_reg[0]
  -------------------------------------------------------------------
                         required time                         -1.632    
                         arrival time                           1.672    
  -------------------------------------------------------------------
                         slack                                  0.041    





Pulse Width Checks
--------------------------------------------------------------------------------------
Clock Name:         aclk
Waveform(ns):       { 0.000 2.500 }
Period(ns):         5.000
Sources:            { aclk }

Check Type        Corner  Lib Pin   Reference Pin  Required(ns)  Actual(ns)  Slack(ns)  Location       Pin
Min Period        n/a     BUFGCE/I  n/a            1.290         5.000       3.710      BUFGCE_X1Y111  aclk_IBUF_BUFG_inst/I
Low Pulse Width   Slow    FDRE/C    n/a            0.275         2.500       2.225      SLICE_X67Y304  FSM_sequential_state_r_reg[0]/C
High Pulse Width  Slow    FDRE/C    n/a            0.275         2.500       2.225      SLICE_X67Y304  FSM_sequential_state_r_reg[0]/C



