Copyright 1986-2022 Xilinx, Inc. All Rights Reserved. Copyright 2022-2024 Advanced Micro Devices, Inc. All Rights Reserved.
--------------------------------------------------------------------------------------------------------------------------------------------------
| Tool Version      : Vivado v.2024.1 (lin64) Build 5076996 Wed May 22 18:36:09 MDT 2024
| Date              : Tue Jun 16 09:56:17 2026
| Host              : iamjames77-MS-7D76 running 64-bit Ubuntu 22.04.5 LTS
| Command           : report_timing_summary -file timing_summary.rpt
| Design            : model_fsm_axi_decoder_block_fixture
| Device            : xczu7ev-ffvc1156
| Speed File        : -2  PRODUCTION 1.30 05-15-2022
| Design State      : Routed
| Temperature Grade : E
--------------------------------------------------------------------------------------------------------------------------------------------------

Timing Summary Report

------------------------------------------------------------------------------------------------
| Timer Settings
| --------------
------------------------------------------------------------------------------------------------

  Enable Multi Corner Analysis               :  Yes
  Enable Pessimism Removal                   :  Yes
  Pessimism Removal Resolution               :  Nearest Common Node
  Enable Input Delay Default Clock           :  No
  Enable Preset / Clear Arcs                 :  No
  Disable Flight Delays                      :  No
  Ignore I/O Paths                           :  No
  Timing Early Launch at Borrowing Latches   :  No
  Borrow Time for Max Delay Exceptions       :  Yes
  Merge Timing Exceptions                    :  Yes
  Inter-SLR Compensation                     :  Conservative

  Corner  Analyze    Analyze    
  Name    Max Paths  Min Paths  
  ------  ---------  ---------  
  Slow    Yes        Yes        
  Fast    Yes        Yes        


------------------------------------------------------------------------------------------------
| Report Methodology
| ------------------
------------------------------------------------------------------------------------------------

No report available as report_methodology has not been run prior. Run report_methodology on the current design for the summary of methodology violations.



check_timing report

Table of Contents
-----------------
1. checking no_clock (0)
2. checking constant_clock (0)
3. checking pulse_width_clock (0)
4. checking unconstrained_internal_endpoints (0)
5. checking no_input_delay (2)
6. checking no_output_delay (99)
7. checking multiple_clock (0)
8. checking generated_clocks (0)
9. checking loops (0)
10. checking partial_input_delay (0)
11. checking partial_output_delay (0)
12. checking latch_loops (0)

1. checking no_clock (0)
------------------------
 There are 0 register/latch pins with no clock.


2. checking constant_clock (0)
------------------------------
 There are 0 register/latch pins with constant_clock.


3. checking pulse_width_clock (0)
---------------------------------
 There are 0 register/latch pins which need pulse_width check


4. checking unconstrained_internal_endpoints (0)
------------------------------------------------
 There are 0 pins that are not constrained for maximum delay.

 There are 0 pins that are not constrained for maximum delay due to constant clock.


5. checking no_input_delay (2)
------------------------------
 There are 2 input ports with no input delay specified. (HIGH)

 There are 0 input ports with no input delay but user has a false path constraint.


6. checking no_output_delay (99)
--------------------------------
 There are 99 ports with no output delay specified. (HIGH)

 There are 0 ports with no output delay but user has a false path constraint

 There are 0 ports with no output delay but with a timing clock defined on it or propagating through it


7. checking multiple_clock (0)
------------------------------
 There are 0 register/latch pins with multiple clocks.


8. checking generated_clocks (0)
--------------------------------
 There are 0 generated clocks that are not connected to a clock source.


9. checking loops (0)
---------------------
 There are 0 combinational loops in the design.


10. checking partial_input_delay (0)
------------------------------------
 There are 0 input ports with partial input delay specified.


11. checking partial_output_delay (0)
-------------------------------------
 There are 0 ports with partial output delay specified.


12. checking latch_loops (0)
----------------------------
 There are 0 combinational latch loops in the design through latch input



------------------------------------------------------------------------------------------------
| Design Timing Summary
| ---------------------
------------------------------------------------------------------------------------------------

    WNS(ns)      TNS(ns)  TNS Failing Endpoints  TNS Total Endpoints      WHS(ns)      THS(ns)  THS Failing Endpoints  THS Total Endpoints     WPWS(ns)     TPWS(ns)  TPWS Failing Endpoints  TPWS Total Endpoints  
    -------      -------  ---------------------  -------------------      -------      -------  ---------------------  -------------------     --------     --------  ----------------------  --------------------  
      1.089        0.000                      0                 2319        0.019        0.000                      0                 2319        2.225        0.000                       0                   985  


All user specified timing constraints are met.


------------------------------------------------------------------------------------------------
| Clock Summary
| -------------
------------------------------------------------------------------------------------------------

Clock  Waveform(ns)         Period(ns)      Frequency(MHz)
-----  ------------         ----------      --------------
aclk   {0.000 2.500}        5.000           200.000         


------------------------------------------------------------------------------------------------
| Intra Clock Table
| -----------------
------------------------------------------------------------------------------------------------

Clock             WNS(ns)      TNS(ns)  TNS Failing Endpoints  TNS Total Endpoints      WHS(ns)      THS(ns)  THS Failing Endpoints  THS Total Endpoints     WPWS(ns)     TPWS(ns)  TPWS Failing Endpoints  TPWS Total Endpoints  
-----             -------      -------  ---------------------  -------------------      -------      -------  ---------------------  -------------------     --------     --------  ----------------------  --------------------  
aclk                1.089        0.000                      0                 2319        0.019        0.000                      0                 2319        2.225        0.000                       0                   985  


------------------------------------------------------------------------------------------------
| Inter Clock Table
| -----------------
------------------------------------------------------------------------------------------------

From Clock    To Clock          WNS(ns)      TNS(ns)  TNS Failing Endpoints  TNS Total Endpoints      WHS(ns)      THS(ns)  THS Failing Endpoints  THS Total Endpoints  
----------    --------          -------      -------  ---------------------  -------------------      -------      -------  ---------------------  -------------------  


------------------------------------------------------------------------------------------------
| Other Path Groups Table
| -----------------------
------------------------------------------------------------------------------------------------

Path Group    From Clock    To Clock          WNS(ns)      TNS(ns)  TNS Failing Endpoints  TNS Total Endpoints      WHS(ns)      THS(ns)  THS Failing Endpoints  THS Total Endpoints  
----------    ----------    --------          -------      -------  ---------------------  -------------------      -------      -------  ---------------------  -------------------  


------------------------------------------------------------------------------------------------
| Timing Details
| --------------
------------------------------------------------------------------------------------------------


---------------------------------------------------------------------------------------------------
From Clock:  aclk
  To Clock:  aclk

Setup :            0  Failing Endpoints,  Worst Slack        1.089ns,  Total Violation        0.000ns
Hold  :            0  Failing Endpoints,  Worst Slack        0.019ns,  Total Violation        0.000ns
PW    :            0  Failing Endpoints,  Worst Slack        2.225ns,  Total Violation        0.000ns
---------------------------------------------------------------------------------------------------


Max Delay Paths
--------------------------------------------------------------------------------------
Slack (MET) :             1.089ns  (required time - arrival time)
  Source:                 u_token_loop_axi_decoder_block_fixture/u_top_fsm_axi_decoder_block_fixture/u_layer_fsm_axi_decoder_block_fixture/u_decoder_block_axi_attention_mlp_fixture/u_residual_mlp_fixture/(null)[0].value_i0__1/DSP_A_B_DATA_INST/CLK
                            (rising edge-triggered cell DSP_A_B_DATA clocked by aclk  {rise@0.000ns fall@2.500ns period=5.000ns})
  Destination:            u_token_loop_axi_decoder_block_fixture/u_top_fsm_axi_decoder_block_fixture/u_layer_fsm_axi_decoder_block_fixture/u_decoder_block_axi_attention_mlp_fixture/u_residual_mlp_fixture/(null)[0].value_i0__5/DSP_A_B_DATA_INST/A[25]
                            (rising edge-triggered cell DSP_A_B_DATA clocked by aclk  {rise@0.000ns fall@2.500ns period=5.000ns})
  Path Group:             aclk
  Path Type:              Setup (Max at Slow Process Corner)
  Requirement:            5.000ns  (aclk rise@5.000ns - aclk rise@0.000ns)
  Data Path Delay:        3.470ns  (logic 2.156ns (62.130%)  route 1.314ns (37.870%))
  Logic Levels:           9  (CARRY8=2 DSP_ALU=1 DSP_M_DATA=1 DSP_MULTIPLIER=1 DSP_OUTPUT=1 DSP_PREADD_DATA=1 LUT2=1 LUT3=1)
  Clock Path Skew:        -0.106ns (DCD - SCD + CPR)
    Destination Clock Delay (DCD):    3.164ns = ( 8.164 - 5.000 ) 
    Source Clock Delay      (SCD):    4.015ns
    Clock Pessimism Removal (CPR):    0.745ns
  Clock Uncertainty:      0.035ns  ((TSJ^2 + TIJ^2)^1/2 + DJ) / 2 + PE
    Total System Jitter     (TSJ):    0.071ns
    Total Input Jitter      (TIJ):    0.000ns
    Discrete Jitter          (DJ):    0.000ns
    Phase Error              (PE):    0.000ns
  Clock Net Delay (Source):      2.721ns (routing 1.552ns, distribution 1.169ns)
  Clock Net Delay (Destination): 2.416ns (routing 1.410ns, distribution 1.006ns)

    Location             Delay type                Incr(ns)  Path(ns)    Netlist Resource(s)
  -------------------------------------------------------------------    -------------------
                         (clock aclk rise edge)       0.000     0.000 r  
    C3                                                0.000     0.000 r  aclk (IN)
                         net (fo=0)                   0.000     0.000    aclk_IBUF_inst/I
    C3                   INBUF (Prop_INBUF_HDIOB_M_PAD_O)
                                                      1.062     1.062 r  aclk_IBUF_inst/INBUF_INST/O
                         net (fo=1, routed)           0.000     1.062    aclk_IBUF_inst/OUT
    C3                   IBUFCTRL (Prop_IBUFCTRL_HDIOB_M_I_O)
                                                      0.000     1.062 r  aclk_IBUF_inst/IBUFCTRL_INST/O
                         net (fo=1, routed)           0.204     1.266    aclk_IBUF
    BUFGCE_HDIO_X2Y2     BUFGCE (Prop_BUFCE_BUFGCE_HDIO_I_O)
                                                      0.028     1.294 r  aclk_IBUF_BUFG_inst/O
    X1Y2 (CLOCK_ROOT)    net (fo=1032, routed)        2.721     4.015    u_token_loop_axi_decoder_block_fixture/u_top_fsm_axi_decoder_block_fixture/u_layer_fsm_axi_decoder_block_fixture/u_decoder_block_axi_attention_mlp_fixture/u_residual_mlp_fixture/(null)[0].value_i0__1/CLK
    DSP48E2_X7Y51        DSP_A_B_DATA                                 r  u_token_loop_axi_decoder_block_fixture/u_top_fsm_axi_decoder_block_fixture/u_layer_fsm_axi_decoder_block_fixture/u_decoder_block_axi_attention_mlp_fixture/u_residual_mlp_fixture/(null)[0].value_i0__1/DSP_A_B_DATA_INST/CLK
  -------------------------------------------------------------------    -------------------
    DSP48E2_X7Y51        DSP_A_B_DATA (Prop_DSP_A_B_DATA_DSP48E2_CLK_B2_DATA[17])
                                                      0.212     4.227 r  u_token_loop_axi_decoder_block_fixture/u_top_fsm_axi_decoder_block_fixture/u_layer_fsm_axi_decoder_block_fixture/u_decoder_block_axi_attention_mlp_fixture/u_residual_mlp_fixture/(null)[0].value_i0__1/DSP_A_B_DATA_INST/B2_DATA[17]
                         net (fo=1, routed)           0.000     4.227    u_token_loop_axi_decoder_block_fixture/u_top_fsm_axi_decoder_block_fixture/u_layer_fsm_axi_decoder_block_fixture/u_decoder_block_axi_attention_mlp_fixture/u_residual_mlp_fixture/(null)[0].value_i0__1/DSP_A_B_DATA.B2_DATA<17>
    DSP48E2_X7Y51        DSP_PREADD_DATA (Prop_DSP_PREADD_DATA_DSP48E2_B2_DATA[17]_B2B1[17])
                                                      0.073     4.300 r  u_token_loop_axi_decoder_block_fixture/u_top_fsm_axi_decoder_block_fixture/u_layer_fsm_axi_decoder_block_fixture/u_decoder_block_axi_attention_mlp_fixture/u_residual_mlp_fixture/(null)[0].value_i0__1/DSP_PREADD_DATA_INST/B2B1[17]
                         net (fo=1, routed)           0.000     4.300    u_token_loop_axi_decoder_block_fixture/u_top_fsm_axi_decoder_block_fixture/u_layer_fsm_axi_decoder_block_fixture/u_decoder_block_axi_attention_mlp_fixture/u_residual_mlp_fixture/(null)[0].value_i0__1/DSP_PREADD_DATA.B2B1<17>
    DSP48E2_X7Y51        DSP_MULTIPLIER (Prop_DSP_MULTIPLIER_DSP48E2_B2B1[17]_V[18])
                                                      0.609     4.909 f  u_token_loop_axi_decoder_block_fixture/u_top_fsm_axi_decoder_block_fixture/u_layer_fsm_axi_decoder_block_fixture/u_decoder_block_axi_attention_mlp_fixture/u_residual_mlp_fixture/(null)[0].value_i0__1/DSP_MULTIPLIER_INST/V[18]
                         net (fo=1, routed)           0.000     4.909    u_token_loop_axi_decoder_block_fixture/u_top_fsm_axi_decoder_block_fixture/u_layer_fsm_axi_decoder_block_fixture/u_decoder_block_axi_attention_mlp_fixture/u_residual_mlp_fixture/(null)[0].value_i0__1/DSP_MULTIPLIER.V<18>
    DSP48E2_X7Y51        DSP_M_DATA (Prop_DSP_M_DATA_DSP48E2_V[18]_V_DATA[18])
                                                      0.046     4.955 r  u_token_loop_axi_decoder_block_fixture/u_top_fsm_axi_decoder_block_fixture/u_layer_fsm_axi_decoder_block_fixture/u_decoder_block_axi_attention_mlp_fixture/u_residual_mlp_fixture/(null)[0].value_i0__1/DSP_M_DATA_INST/V_DATA[18]
                         net (fo=1, routed)           0.000     4.955    u_token_loop_axi_decoder_block_fixture/u_top_fsm_axi_decoder_block_fixture/u_layer_fsm_axi_decoder_block_fixture/u_decoder_block_axi_attention_mlp_fixture/u_residual_mlp_fixture/(null)[0].value_i0__1/DSP_M_DATA.V_DATA<18>
    DSP48E2_X7Y51        DSP_ALU (Prop_DSP_ALU_DSP48E2_V_DATA[18]_ALU_OUT[18])
                                                      0.571     5.526 r  u_token_loop_axi_decoder_block_fixture/u_top_fsm_axi_decoder_block_fixture/u_layer_fsm_axi_decoder_block_fixture/u_decoder_block_axi_attention_mlp_fixture/u_residual_mlp_fixture/(null)[0].value_i0__1/DSP_ALU_INST/ALU_OUT[18]
                         net (fo=1, routed)           0.000     5.526    u_token_loop_axi_decoder_block_fixture/u_top_fsm_axi_decoder_block_fixture/u_layer_fsm_axi_decoder_block_fixture/u_decoder_block_axi_attention_mlp_fixture/u_residual_mlp_fixture/(null)[0].value_i0__1/DSP_ALU.ALU_OUT<18>
    DSP48E2_X7Y51        DSP_OUTPUT (Prop_DSP_OUTPUT_DSP48E2_ALU_OUT[18]_P[18])
                                                      0.109     5.635 f  u_token_loop_axi_decoder_block_fixture/u_top_fsm_axi_decoder_block_fixture/u_layer_fsm_axi_decoder_block_fixture/u_decoder_block_axi_attention_mlp_fixture/u_residual_mlp_fixture/(null)[0].value_i0__1/DSP_OUTPUT_INST/P[18]
                         net (fo=3, routed)           0.391     6.026    u_token_loop_axi_decoder_block_fixture/u_top_fsm_axi_decoder_block_fixture/u_layer_fsm_axi_decoder_block_fixture/u_decoder_block_axi_attention_mlp_fixture/u_residual_mlp_fixture/(null)[0].value_i0__1_n_87
    SLICE_X68Y126        LUT2 (Prop_A6LUT_SLICEL_I1_O)
                                                      0.149     6.175 r  u_token_loop_axi_decoder_block_fixture/u_top_fsm_axi_decoder_block_fixture/u_layer_fsm_axi_decoder_block_fixture/u_decoder_block_axi_attention_mlp_fixture/u_residual_mlp_fixture/(null)[0].value_i0__5_i_110/O
                         net (fo=1, routed)           0.009     6.184    u_token_loop_axi_decoder_block_fixture/u_top_fsm_axi_decoder_block_fixture/u_layer_fsm_axi_decoder_block_fixture/u_decoder_block_axi_attention_mlp_fixture/u_residual_mlp_fixture/(null)[0].value_i0__5_i_110_n_0
    SLICE_X68Y126        CARRY8 (Prop_CARRY8_SLICEL_S[0]_CO[7])
                                                      0.190     6.374 r  u_token_loop_axi_decoder_block_fixture/u_top_fsm_axi_decoder_block_fixture/u_layer_fsm_axi_decoder_block_fixture/u_decoder_block_axi_attention_mlp_fixture/u_residual_mlp_fixture/(null)[0].value_i0__5_i_73/CO[7]
                         net (fo=1, routed)           0.026     6.400    u_token_loop_axi_decoder_block_fixture/u_top_fsm_axi_decoder_block_fixture/u_layer_fsm_axi_decoder_block_fixture/u_decoder_block_axi_attention_mlp_fixture/u_residual_mlp_fixture/(null)[0].value_i0__5_i_73_n_0
    SLICE_X68Y127        CARRY8 (Prop_CARRY8_SLICEL_CI_CO[0])
                                                      0.052     6.452 r  u_token_loop_axi_decoder_block_fixture/u_top_fsm_axi_decoder_block_fixture/u_layer_fsm_axi_decoder_block_fixture/u_decoder_block_axi_attention_mlp_fixture/u_residual_mlp_fixture/(null)[0].value_i0__5_i_37/CO[0]
                         net (fo=16, routed)          0.585     7.038    u_token_loop_axi_decoder_block_fixture/u_top_fsm_axi_decoder_block_fixture/u_layer_fsm_axi_decoder_block_fixture/u_decoder_block_axi_attention_mlp_fixture/u_residual_mlp_fixture/(null)[0].value_i0__5_i_37_n_7
    SLICE_X73Y123        LUT3 (Prop_D6LUT_SLICEM_I1_O)
                                                      0.145     7.183 r  u_token_loop_axi_decoder_block_fixture/u_top_fsm_axi_decoder_block_fixture/u_layer_fsm_axi_decoder_block_fixture/u_decoder_block_axi_attention_mlp_fixture/u_residual_mlp_fixture/(null)[0].value_i0__5_i_17/O
                         net (fo=15, routed)          0.303     7.486    u_token_loop_axi_decoder_block_fixture/u_top_fsm_axi_decoder_block_fixture/u_layer_fsm_axi_decoder_block_fixture/u_decoder_block_axi_attention_mlp_fixture/u_residual_mlp_fixture/(null)[0].value_i0__5/A[25]
    DSP48E2_X8Y50        DSP_A_B_DATA                                 r  u_token_loop_axi_decoder_block_fixture/u_top_fsm_axi_decoder_block_fixture/u_layer_fsm_axi_decoder_block_fixture/u_decoder_block_axi_attention_mlp_fixture/u_residual_mlp_fixture/(null)[0].value_i0__5/DSP_A_B_DATA_INST/A[25]
  -------------------------------------------------------------------    -------------------

                         (clock aclk rise edge)       5.000     5.000 r  
    C3                                                0.000     5.000 r  aclk (IN)
                         net (fo=0)                   0.000     5.000    aclk_IBUF_inst/I
    C3                   INBUF (Prop_INBUF_HDIOB_M_PAD_O)
                                                      0.555     5.555 r  aclk_IBUF_inst/INBUF_INST/O
                         net (fo=1, routed)           0.000     5.555    aclk_IBUF_inst/OUT
    C3                   IBUFCTRL (Prop_IBUFCTRL_HDIOB_M_I_O)
                                                      0.000     5.555 r  aclk_IBUF_inst/IBUFCTRL_INST/O
                         net (fo=1, routed)           0.169     5.724    aclk_IBUF
    BUFGCE_HDIO_X2Y2     BUFGCE (Prop_BUFCE_BUFGCE_HDIO_I_O)
                                                      0.024     5.748 r  aclk_IBUF_BUFG_inst/O
    X1Y2 (CLOCK_ROOT)    net (fo=1032, routed)        2.416     8.164    u_token_loop_axi_decoder_block_fixture/u_top_fsm_axi_decoder_block_fixture/u_layer_fsm_axi_decoder_block_fixture/u_decoder_block_axi_attention_mlp_fixture/u_residual_mlp_fixture/(null)[0].value_i0__5/CLK
    DSP48E2_X8Y50        DSP_A_B_DATA                                 r  u_token_loop_axi_decoder_block_fixture/u_top_fsm_axi_decoder_block_fixture/u_layer_fsm_axi_decoder_block_fixture/u_decoder_block_axi_attention_mlp_fixture/u_residual_mlp_fixture/(null)[0].value_i0__5/DSP_A_B_DATA_INST/CLK
                         clock pessimism              0.745     8.909    
                         clock uncertainty           -0.035     8.874    
    DSP48E2_X8Y50        DSP_A_B_DATA (Setup_DSP_A_B_DATA_DSP48E2_CLK_A[25])
                                                     -0.299     8.575    u_token_loop_axi_decoder_block_fixture/u_top_fsm_axi_decoder_block_fixture/u_layer_fsm_axi_decoder_block_fixture/u_decoder_block_axi_attention_mlp_fixture/u_residual_mlp_fixture/(null)[0].value_i0__5/DSP_A_B_DATA_INST
  -------------------------------------------------------------------
                         required time                          8.575    
                         arrival time                          -7.486    
  -------------------------------------------------------------------
                         slack                                  1.089    





Min Delay Paths
--------------------------------------------------------------------------------------
Slack (MET) :             0.019ns  (arrival time - required time)
  Source:                 u_token_loop_axi_decoder_block_fixture/u_top_fsm_axi_decoder_block_fixture/u_layer_fsm_axi_decoder_block_fixture/u_decoder_block_axi_attention_mlp_fixture/captured_attention_r_reg[1]/C
                            (rising edge-triggered cell FDRE clocked by aclk  {rise@0.000ns fall@2.500ns period=5.000ns})
  Destination:            u_token_loop_axi_decoder_block_fixture/u_top_fsm_axi_decoder_block_fixture/u_layer_fsm_axi_decoder_block_fixture/u_decoder_block_axi_attention_mlp_fixture/u_residual_mlp_fixture/attention_r_reg[1]/D
                            (rising edge-triggered cell FDRE clocked by aclk  {rise@0.000ns fall@2.500ns period=5.000ns})
  Path Group:             aclk
  Path Type:              Hold (Min at Slow Process Corner)
  Requirement:            0.000ns  (aclk rise@0.000ns - aclk rise@0.000ns)
  Data Path Delay:        0.165ns  (logic 0.061ns (36.970%)  route 0.104ns (63.030%))
  Logic Levels:           0  
  Clock Path Skew:        0.084ns (DCD - SCD - CPR)
    Destination Clock Delay (DCD):    3.991ns
    Source Clock Delay      (SCD):    3.161ns
    Clock Pessimism Removal (CPR):    0.745ns
  Clock Net Delay (Source):      2.413ns (routing 1.410ns, distribution 1.003ns)
  Clock Net Delay (Destination): 2.696ns (routing 1.552ns, distribution 1.144ns)

    Location             Delay type                Incr(ns)  Path(ns)    Netlist Resource(s)
  -------------------------------------------------------------------    -------------------
                         (clock aclk rise edge)       0.000     0.000 r  
    C3                                                0.000     0.000 r  aclk (IN)
                         net (fo=0)                   0.000     0.000    aclk_IBUF_inst/I
    C3                   INBUF (Prop_INBUF_HDIOB_M_PAD_O)
                                                      0.555     0.555 r  aclk_IBUF_inst/INBUF_INST/O
                         net (fo=1, routed)           0.000     0.555    aclk_IBUF_inst/OUT
    C3                   IBUFCTRL (Prop_IBUFCTRL_HDIOB_M_I_O)
                                                      0.000     0.555 r  aclk_IBUF_inst/IBUFCTRL_INST/O
                         net (fo=1, routed)           0.169     0.724    aclk_IBUF
    BUFGCE_HDIO_X2Y2     BUFGCE (Prop_BUFCE_BUFGCE_HDIO_I_O)
                                                      0.024     0.748 r  aclk_IBUF_BUFG_inst/O
    X1Y2 (CLOCK_ROOT)    net (fo=1032, routed)        2.413     3.161    u_token_loop_axi_decoder_block_fixture/u_top_fsm_axi_decoder_block_fixture/u_layer_fsm_axi_decoder_block_fixture/u_decoder_block_axi_attention_mlp_fixture/CLK
    SLICE_X75Y122        FDRE                                         r  u_token_loop_axi_decoder_block_fixture/u_top_fsm_axi_decoder_block_fixture/u_layer_fsm_axi_decoder_block_fixture/u_decoder_block_axi_attention_mlp_fixture/captured_attention_r_reg[1]/C
  -------------------------------------------------------------------    -------------------
    SLICE_X75Y122        FDRE (Prop_DFF2_SLICEL_C_Q)
                                                      0.061     3.222 r  u_token_loop_axi_decoder_block_fixture/u_top_fsm_axi_decoder_block_fixture/u_layer_fsm_axi_decoder_block_fixture/u_decoder_block_axi_attention_mlp_fixture/captured_attention_r_reg[1]/Q
                         net (fo=1, routed)           0.104     3.326    u_token_loop_axi_decoder_block_fixture/u_top_fsm_axi_decoder_block_fixture/u_layer_fsm_axi_decoder_block_fixture/u_decoder_block_axi_attention_mlp_fixture/u_residual_mlp_fixture/attention_r_reg[50]_0[1]
    SLICE_X77Y124        FDRE                                         r  u_token_loop_axi_decoder_block_fixture/u_top_fsm_axi_decoder_block_fixture/u_layer_fsm_axi_decoder_block_fixture/u_decoder_block_axi_attention_mlp_fixture/u_residual_mlp_fixture/attention_r_reg[1]/D
  -------------------------------------------------------------------    -------------------

                         (clock aclk rise edge)       0.000     0.000 r  
    C3                                                0.000     0.000 r  aclk (IN)
                         net (fo=0)                   0.000     0.000    aclk_IBUF_inst/I
    C3                   INBUF (Prop_INBUF_HDIOB_M_PAD_O)
                                                      1.062     1.062 r  aclk_IBUF_inst/INBUF_INST/O
                         net (fo=1, routed)           0.000     1.062    aclk_IBUF_inst/OUT
    C3                   IBUFCTRL (Prop_IBUFCTRL_HDIOB_M_I_O)
                                                      0.000     1.062 r  aclk_IBUF_inst/IBUFCTRL_INST/O
                         net (fo=1, routed)           0.204     1.266    aclk_IBUF
    BUFGCE_HDIO_X2Y2     BUFGCE (Prop_BUFCE_BUFGCE_HDIO_I_O)
                                                      0.028     1.294 r  aclk_IBUF_BUFG_inst/O
    X1Y2 (CLOCK_ROOT)    net (fo=1032, routed)        2.696     3.991    u_token_loop_axi_decoder_block_fixture/u_top_fsm_axi_decoder_block_fixture/u_layer_fsm_axi_decoder_block_fixture/u_decoder_block_axi_attention_mlp_fixture/u_residual_mlp_fixture/CLK
    SLICE_X77Y124        FDRE                                         r  u_token_loop_axi_decoder_block_fixture/u_top_fsm_axi_decoder_block_fixture/u_layer_fsm_axi_decoder_block_fixture/u_decoder_block_axi_attention_mlp_fixture/u_residual_mlp_fixture/attention_r_reg[1]/C
                         clock pessimism             -0.745     3.245    
    SLICE_X77Y124        FDRE (Hold_HFF2_SLICEL_C_D)
                                                      0.062     3.307    u_token_loop_axi_decoder_block_fixture/u_top_fsm_axi_decoder_block_fixture/u_layer_fsm_axi_decoder_block_fixture/u_decoder_block_axi_attention_mlp_fixture/u_residual_mlp_fixture/attention_r_reg[1]
  -------------------------------------------------------------------
                         required time                         -3.307    
                         arrival time                           3.326    
  -------------------------------------------------------------------
                         slack                                  0.019    





Pulse Width Checks
--------------------------------------------------------------------------------------
Clock Name:         aclk
Waveform(ns):       { 0.000 2.500 }
Period(ns):         5.000
Sources:            { aclk }

Check Type        Corner  Lib Pin   Reference Pin  Required(ns)  Actual(ns)  Slack(ns)  Location          Pin
Min Period        n/a     BUFGCE/I  n/a            1.290         5.000       3.710      BUFGCE_HDIO_X2Y2  aclk_IBUF_BUFG_inst/I
Low Pulse Width   Slow    FDRE/C    n/a            0.275         2.500       2.225      SLICE_X69Y149     FSM_sequential_state_r_reg[0]/C
High Pulse Width  Slow    FDRE/C    n/a            0.275         2.500       2.225      SLICE_X69Y149     FSM_sequential_state_r_reg[0]/C



