Copyright 1986-2022 Xilinx, Inc. All Rights Reserved. Copyright 2022-2024 Advanced Micro Devices, Inc. All Rights Reserved.
--------------------------------------------------------------------------------------------------------------------------------------------------
| Tool Version      : Vivado v.2024.1 (lin64) Build 5076996 Wed May 22 18:36:09 MDT 2024
| Date              : Tue Jun 16 09:42:47 2026
| Host              : iamjames77-MS-7D76 running 64-bit Ubuntu 22.04.5 LTS
| Command           : report_timing_summary -file timing_summary.rpt
| Design            : decoder_block_attention_mlp_fixture
| Device            : xczu7ev-ffvc1156
| Speed File        : -2  PRODUCTION 1.30 05-15-2022
| Design State      : Routed
| Temperature Grade : E
--------------------------------------------------------------------------------------------------------------------------------------------------

Timing Summary Report

------------------------------------------------------------------------------------------------
| Timer Settings
| --------------
------------------------------------------------------------------------------------------------

  Enable Multi Corner Analysis               :  Yes
  Enable Pessimism Removal                   :  Yes
  Pessimism Removal Resolution               :  Nearest Common Node
  Enable Input Delay Default Clock           :  No
  Enable Preset / Clear Arcs                 :  No
  Disable Flight Delays                      :  No
  Ignore I/O Paths                           :  No
  Timing Early Launch at Borrowing Latches   :  No
  Borrow Time for Max Delay Exceptions       :  Yes
  Merge Timing Exceptions                    :  Yes
  Inter-SLR Compensation                     :  Conservative

  Corner  Analyze    Analyze    
  Name    Max Paths  Min Paths  
  ------  ---------  ---------  
  Slow    Yes        Yes        
  Fast    Yes        Yes        


------------------------------------------------------------------------------------------------
| Report Methodology
| ------------------
------------------------------------------------------------------------------------------------

No report available as report_methodology has not been run prior. Run report_methodology on the current design for the summary of methodology violations.



check_timing report

Table of Contents
-----------------
1. checking no_clock (0)
2. checking constant_clock (0)
3. checking pulse_width_clock (0)
4. checking unconstrained_internal_endpoints (0)
5. checking no_input_delay (2)
6. checking no_output_delay (117)
7. checking multiple_clock (0)
8. checking generated_clocks (0)
9. checking loops (0)
10. checking partial_input_delay (0)
11. checking partial_output_delay (0)
12. checking latch_loops (0)

1. checking no_clock (0)
------------------------
 There are 0 register/latch pins with no clock.


2. checking constant_clock (0)
------------------------------
 There are 0 register/latch pins with constant_clock.


3. checking pulse_width_clock (0)
---------------------------------
 There are 0 register/latch pins which need pulse_width check


4. checking unconstrained_internal_endpoints (0)
------------------------------------------------
 There are 0 pins that are not constrained for maximum delay.

 There are 0 pins that are not constrained for maximum delay due to constant clock.


5. checking no_input_delay (2)
------------------------------
 There are 2 input ports with no input delay specified. (HIGH)

 There are 0 input ports with no input delay but user has a false path constraint.


6. checking no_output_delay (117)
---------------------------------
 There are 117 ports with no output delay specified. (HIGH)

 There are 0 ports with no output delay but user has a false path constraint

 There are 0 ports with no output delay but with a timing clock defined on it or propagating through it


7. checking multiple_clock (0)
------------------------------
 There are 0 register/latch pins with multiple clocks.


8. checking generated_clocks (0)
--------------------------------
 There are 0 generated clocks that are not connected to a clock source.


9. checking loops (0)
---------------------
 There are 0 combinational loops in the design.


10. checking partial_input_delay (0)
------------------------------------
 There are 0 input ports with partial input delay specified.


11. checking partial_output_delay (0)
-------------------------------------
 There are 0 ports with partial output delay specified.


12. checking latch_loops (0)
----------------------------
 There are 0 combinational latch loops in the design through latch input



------------------------------------------------------------------------------------------------
| Design Timing Summary
| ---------------------
------------------------------------------------------------------------------------------------

    WNS(ns)      TNS(ns)  TNS Failing Endpoints  TNS Total Endpoints      WHS(ns)      THS(ns)  THS Failing Endpoints  THS Total Endpoints     WPWS(ns)     TPWS(ns)  TPWS Failing Endpoints  TPWS Total Endpoints  
    -------      -------  ---------------------  -------------------      -------      -------  ---------------------  -------------------     --------     --------  ----------------------  --------------------  
      1.057        0.000                      0                 1847        0.005        0.000                      0                 1847        2.225        0.000                       0                   744  


All user specified timing constraints are met.


------------------------------------------------------------------------------------------------
| Clock Summary
| -------------
------------------------------------------------------------------------------------------------

Clock  Waveform(ns)         Period(ns)      Frequency(MHz)
-----  ------------         ----------      --------------
aclk   {0.000 2.500}        5.000           200.000         


------------------------------------------------------------------------------------------------
| Intra Clock Table
| -----------------
------------------------------------------------------------------------------------------------

Clock             WNS(ns)      TNS(ns)  TNS Failing Endpoints  TNS Total Endpoints      WHS(ns)      THS(ns)  THS Failing Endpoints  THS Total Endpoints     WPWS(ns)     TPWS(ns)  TPWS Failing Endpoints  TPWS Total Endpoints  
-----             -------      -------  ---------------------  -------------------      -------      -------  ---------------------  -------------------     --------     --------  ----------------------  --------------------  
aclk                1.057        0.000                      0                 1847        0.005        0.000                      0                 1847        2.225        0.000                       0                   744  


------------------------------------------------------------------------------------------------
| Inter Clock Table
| -----------------
------------------------------------------------------------------------------------------------

From Clock    To Clock          WNS(ns)      TNS(ns)  TNS Failing Endpoints  TNS Total Endpoints      WHS(ns)      THS(ns)  THS Failing Endpoints  THS Total Endpoints  
----------    --------          -------      -------  ---------------------  -------------------      -------      -------  ---------------------  -------------------  


------------------------------------------------------------------------------------------------
| Other Path Groups Table
| -----------------------
------------------------------------------------------------------------------------------------

Path Group    From Clock    To Clock          WNS(ns)      TNS(ns)  TNS Failing Endpoints  TNS Total Endpoints      WHS(ns)      THS(ns)  THS Failing Endpoints  THS Total Endpoints  
----------    ----------    --------          -------      -------  ---------------------  -------------------      -------      -------  ---------------------  -------------------  


------------------------------------------------------------------------------------------------
| Timing Details
| --------------
------------------------------------------------------------------------------------------------


---------------------------------------------------------------------------------------------------
From Clock:  aclk
  To Clock:  aclk

Setup :            0  Failing Endpoints,  Worst Slack        1.057ns,  Total Violation        0.000ns
Hold  :            0  Failing Endpoints,  Worst Slack        0.005ns,  Total Violation        0.000ns
PW    :            0  Failing Endpoints,  Worst Slack        2.225ns,  Total Violation        0.000ns
---------------------------------------------------------------------------------------------------


Max Delay Paths
--------------------------------------------------------------------------------------
Slack (MET) :             1.057ns  (required time - arrival time)
  Source:                 u_residual_mlp_fixture/(null)[0].value_i0__0/DSP_A_B_DATA_INST/CLK
                            (rising edge-triggered cell DSP_A_B_DATA clocked by aclk  {rise@0.000ns fall@2.500ns period=5.000ns})
  Destination:            u_residual_mlp_fixture/(null)[0].value_i0__4/DSP_A_B_DATA_INST/A[10]
                            (rising edge-triggered cell DSP_A_B_DATA clocked by aclk  {rise@0.000ns fall@2.500ns period=5.000ns})
  Path Group:             aclk
  Path Type:              Setup (Max at Slow Process Corner)
  Requirement:            5.000ns  (aclk rise@5.000ns - aclk rise@0.000ns)
  Data Path Delay:        3.578ns  (logic 2.062ns (57.627%)  route 1.516ns (42.373%))
  Logic Levels:           9  (CARRY8=2 DSP_ALU=1 DSP_M_DATA=1 DSP_MULTIPLIER=1 DSP_OUTPUT=1 DSP_PREADD_DATA=1 LUT2=1 LUT3=1)
  Clock Path Skew:        -0.049ns (DCD - SCD + CPR)
    Destination Clock Delay (DCD):    2.546ns = ( 7.546 - 5.000 ) 
    Source Clock Delay      (SCD):    3.337ns
    Clock Pessimism Removal (CPR):    0.742ns
  Clock Uncertainty:      0.035ns  ((TSJ^2 + TIJ^2)^1/2 + DJ) / 2 + PE
    Total System Jitter     (TSJ):    0.071ns
    Total Input Jitter      (TIJ):    0.000ns
    Discrete Jitter          (DJ):    0.000ns
    Phase Error              (PE):    0.000ns
  Clock Net Delay (Source):      2.104ns (routing 1.134ns, distribution 0.970ns)
  Clock Net Delay (Destination): 1.859ns (routing 1.032ns, distribution 0.827ns)

    Location             Delay type                Incr(ns)  Path(ns)    Netlist Resource(s)
  -------------------------------------------------------------------    -------------------
                         (clock aclk rise edge)       0.000     0.000 r  
    L8                                                0.000     0.000 r  aclk (IN)
                         net (fo=0)                   0.000     0.000    aclk_IBUF_inst/I
    L8                   INBUF (Prop_INBUF_HDIOB_M_PAD_O)
                                                      1.001     1.001 r  aclk_IBUF_inst/INBUF_INST/O
                         net (fo=1, routed)           0.000     1.001    aclk_IBUF_inst/OUT
    L8                   IBUFCTRL (Prop_IBUFCTRL_HDIOB_M_I_O)
                                                      0.000     1.001 r  aclk_IBUF_inst/IBUFCTRL_INST/O
                         net (fo=1, routed)           0.204     1.205    aclk_IBUF
    BUFGCE_HDIO_X2Y0     BUFGCE (Prop_BUFCE_BUFGCE_HDIO_I_O)
                                                      0.028     1.233 r  aclk_IBUF_BUFG_inst/O
    X1Y3 (CLOCK_ROOT)    net (fo=791, routed)         2.104     3.337    u_residual_mlp_fixture/(null)[0].value_i0__0/CLK
    DSP48E2_X7Y91        DSP_A_B_DATA                                 r  u_residual_mlp_fixture/(null)[0].value_i0__0/DSP_A_B_DATA_INST/CLK
  -------------------------------------------------------------------    -------------------
    DSP48E2_X7Y91        DSP_A_B_DATA (Prop_DSP_A_B_DATA_DSP48E2_CLK_B2_DATA[17])
                                                      0.212     3.549 r  u_residual_mlp_fixture/(null)[0].value_i0__0/DSP_A_B_DATA_INST/B2_DATA[17]
                         net (fo=1, routed)           0.000     3.549    u_residual_mlp_fixture/(null)[0].value_i0__0/DSP_A_B_DATA.B2_DATA<17>
    DSP48E2_X7Y91        DSP_PREADD_DATA (Prop_DSP_PREADD_DATA_DSP48E2_B2_DATA[17]_B2B1[17])
                                                      0.073     3.622 r  u_residual_mlp_fixture/(null)[0].value_i0__0/DSP_PREADD_DATA_INST/B2B1[17]
                         net (fo=1, routed)           0.000     3.622    u_residual_mlp_fixture/(null)[0].value_i0__0/DSP_PREADD_DATA.B2B1<17>
    DSP48E2_X7Y91        DSP_MULTIPLIER (Prop_DSP_MULTIPLIER_DSP48E2_B2B1[17]_V[20])
                                                      0.609     4.231 f  u_residual_mlp_fixture/(null)[0].value_i0__0/DSP_MULTIPLIER_INST/V[20]
                         net (fo=1, routed)           0.000     4.231    u_residual_mlp_fixture/(null)[0].value_i0__0/DSP_MULTIPLIER.V<20>
    DSP48E2_X7Y91        DSP_M_DATA (Prop_DSP_M_DATA_DSP48E2_V[20]_V_DATA[20])
                                                      0.046     4.277 r  u_residual_mlp_fixture/(null)[0].value_i0__0/DSP_M_DATA_INST/V_DATA[20]
                         net (fo=1, routed)           0.000     4.277    u_residual_mlp_fixture/(null)[0].value_i0__0/DSP_M_DATA.V_DATA<20>
    DSP48E2_X7Y91        DSP_ALU (Prop_DSP_ALU_DSP48E2_V_DATA[20]_ALU_OUT[20])
                                                      0.571     4.848 r  u_residual_mlp_fixture/(null)[0].value_i0__0/DSP_ALU_INST/ALU_OUT[20]
                         net (fo=1, routed)           0.000     4.848    u_residual_mlp_fixture/(null)[0].value_i0__0/DSP_ALU.ALU_OUT<20>
    DSP48E2_X7Y91        DSP_OUTPUT (Prop_DSP_OUTPUT_DSP48E2_ALU_OUT[20]_P[20])
                                                      0.109     4.957 f  u_residual_mlp_fixture/(null)[0].value_i0__0/DSP_OUTPUT_INST/P[20]
                         net (fo=4, routed)           0.275     5.232    u_residual_mlp_fixture/(null)[0].value_i0__0_n_85
    SLICE_X70Y228        LUT2 (Prop_B6LUT_SLICEM_I0_O)
                                                      0.149     5.381 r  u_residual_mlp_fixture/(null)[0].value_i0__4_i_125/O
                         net (fo=1, routed)           0.016     5.397    u_residual_mlp_fixture/(null)[0].value_i0__4_i_125_n_0
    SLICE_X70Y228        CARRY8 (Prop_CARRY8_SLICEM_S[1]_CO[7])
                                                      0.190     5.587 r  u_residual_mlp_fixture/(null)[0].value_i0__4_i_75/CO[7]
                         net (fo=1, routed)           0.026     5.613    u_residual_mlp_fixture/(null)[0].value_i0__4_i_75_n_0
    SLICE_X70Y229        CARRY8 (Prop_CARRY8_SLICEM_CI_CO[0])
                                                      0.052     5.665 r  u_residual_mlp_fixture/(null)[0].value_i0__4_i_38/CO[0]
                         net (fo=16, routed)          0.693     6.357    u_residual_mlp_fixture/(null)[0].value_i0__4_i_38_n_7
    SLICE_X77Y230        LUT3 (Prop_H6LUT_SLICEL_I0_O)
                                                      0.051     6.408 r  u_residual_mlp_fixture/(null)[0].value_i0__4_i_22/O
                         net (fo=1, routed)           0.507     6.915    u_residual_mlp_fixture/(null)[0].value_i0__4/A[10]
    DSP48E2_X7Y93        DSP_A_B_DATA                                 r  u_residual_mlp_fixture/(null)[0].value_i0__4/DSP_A_B_DATA_INST/A[10]
  -------------------------------------------------------------------    -------------------

                         (clock aclk rise edge)       5.000     5.000 r  
    L8                                                0.000     5.000 r  aclk (IN)
                         net (fo=0)                   0.000     5.000    aclk_IBUF_inst/I
    L8                   INBUF (Prop_INBUF_HDIOB_M_PAD_O)
                                                      0.494     5.494 r  aclk_IBUF_inst/INBUF_INST/O
                         net (fo=1, routed)           0.000     5.494    aclk_IBUF_inst/OUT
    L8                   IBUFCTRL (Prop_IBUFCTRL_HDIOB_M_I_O)
                                                      0.000     5.494 r  aclk_IBUF_inst/IBUFCTRL_INST/O
                         net (fo=1, routed)           0.169     5.663    aclk_IBUF
    BUFGCE_HDIO_X2Y0     BUFGCE (Prop_BUFCE_BUFGCE_HDIO_I_O)
                                                      0.024     5.687 r  aclk_IBUF_BUFG_inst/O
    X1Y3 (CLOCK_ROOT)    net (fo=791, routed)         1.859     7.546    u_residual_mlp_fixture/(null)[0].value_i0__4/CLK
    DSP48E2_X7Y93        DSP_A_B_DATA                                 r  u_residual_mlp_fixture/(null)[0].value_i0__4/DSP_A_B_DATA_INST/CLK
                         clock pessimism              0.742     8.288    
                         clock uncertainty           -0.035     8.253    
    DSP48E2_X7Y93        DSP_A_B_DATA (Setup_DSP_A_B_DATA_DSP48E2_CLK_A[10])
                                                     -0.280     7.973    u_residual_mlp_fixture/(null)[0].value_i0__4/DSP_A_B_DATA_INST
  -------------------------------------------------------------------
                         required time                          7.973    
                         arrival time                          -6.915    
  -------------------------------------------------------------------
                         slack                                  1.057    





Min Delay Paths
--------------------------------------------------------------------------------------
Slack (MET) :             0.005ns  (arrival time - required time)
  Source:                 u_decoder_child_attention_datapath/FSM_sequential_state_r_reg[0]/C
                            (rising edge-triggered cell FDRE clocked by aclk  {rise@0.000ns fall@2.500ns period=5.000ns})
  Destination:            u_decoder_child_attention_datapath/trace_r_reg[0]/D
                            (rising edge-triggered cell FDRE clocked by aclk  {rise@0.000ns fall@2.500ns period=5.000ns})
  Path Group:             aclk
  Path Type:              Hold (Min at Slow Process Corner)
  Requirement:            0.000ns  (aclk rise@0.000ns - aclk rise@0.000ns)
  Data Path Delay:        0.249ns  (logic 0.125ns (50.248%)  route 0.124ns (49.752%))
  Logic Levels:           1  (LUT6=1)
  Clock Path Skew:        0.184ns (DCD - SCD - CPR)
    Destination Clock Delay (DCD):    3.344ns
    Source Clock Delay      (SCD):    2.513ns
    Clock Pessimism Removal (CPR):    0.648ns
  Clock Net Delay (Source):      1.826ns (routing 1.032ns, distribution 0.794ns)
  Clock Net Delay (Destination): 2.111ns (routing 1.134ns, distribution 0.977ns)

    Location             Delay type                Incr(ns)  Path(ns)    Netlist Resource(s)
  -------------------------------------------------------------------    -------------------
                         (clock aclk rise edge)       0.000     0.000 r  
    L8                                                0.000     0.000 r  aclk (IN)
                         net (fo=0)                   0.000     0.000    aclk_IBUF_inst/I
    L8                   INBUF (Prop_INBUF_HDIOB_M_PAD_O)
                                                      0.494     0.494 r  aclk_IBUF_inst/INBUF_INST/O
                         net (fo=1, routed)           0.000     0.494    aclk_IBUF_inst/OUT
    L8                   IBUFCTRL (Prop_IBUFCTRL_HDIOB_M_I_O)
                                                      0.000     0.494 r  aclk_IBUF_inst/IBUFCTRL_INST/O
                         net (fo=1, routed)           0.169     0.663    aclk_IBUF
    BUFGCE_HDIO_X2Y0     BUFGCE (Prop_BUFCE_BUFGCE_HDIO_I_O)
                                                      0.024     0.687 r  aclk_IBUF_BUFG_inst/O
    X1Y3 (CLOCK_ROOT)    net (fo=791, routed)         1.826     2.513    u_decoder_child_attention_datapath/aclk_IBUF_BUFG
    SLICE_X66Y239        FDRE                                         r  u_decoder_child_attention_datapath/FSM_sequential_state_r_reg[0]/C
  -------------------------------------------------------------------    -------------------
    SLICE_X66Y239        FDRE (Prop_HFF2_SLICEL_C_Q)
                                                      0.059     2.572 r  u_decoder_child_attention_datapath/FSM_sequential_state_r_reg[0]/Q
                         net (fo=19, routed)          0.100     2.672    u_decoder_child_attention_datapath/FSM_sequential_state_r_reg_n_0_[0]
    SLICE_X66Y240        LUT6 (Prop_H6LUT_SLICEL_I3_O)
                                                      0.066     2.738 r  u_decoder_child_attention_datapath/trace_r[0]_i_1/O
                         net (fo=1, routed)           0.024     2.762    u_decoder_child_attention_datapath/trace_r[0]_i_1_n_0
    SLICE_X66Y240        FDRE                                         r  u_decoder_child_attention_datapath/trace_r_reg[0]/D
  -------------------------------------------------------------------    -------------------

                         (clock aclk rise edge)       0.000     0.000 r  
    L8                                                0.000     0.000 r  aclk (IN)
                         net (fo=0)                   0.000     0.000    aclk_IBUF_inst/I
    L8                   INBUF (Prop_INBUF_HDIOB_M_PAD_O)
                                                      1.001     1.001 r  aclk_IBUF_inst/INBUF_INST/O
                         net (fo=1, routed)           0.000     1.001    aclk_IBUF_inst/OUT
    L8                   IBUFCTRL (Prop_IBUFCTRL_HDIOB_M_I_O)
                                                      0.000     1.001 r  aclk_IBUF_inst/IBUFCTRL_INST/O
                         net (fo=1, routed)           0.204     1.205    aclk_IBUF
    BUFGCE_HDIO_X2Y0     BUFGCE (Prop_BUFCE_BUFGCE_HDIO_I_O)
                                                      0.028     1.233 r  aclk_IBUF_BUFG_inst/O
    X1Y3 (CLOCK_ROOT)    net (fo=791, routed)         2.111     3.344    u_decoder_child_attention_datapath/aclk_IBUF_BUFG
    SLICE_X66Y240        FDRE                                         r  u_decoder_child_attention_datapath/trace_r_reg[0]/C
                         clock pessimism             -0.648     2.697    
    SLICE_X66Y240        FDRE (Hold_HFF_SLICEL_C_D)
                                                      0.060     2.757    u_decoder_child_attention_datapath/trace_r_reg[0]
  -------------------------------------------------------------------
                         required time                         -2.757    
                         arrival time                           2.762    
  -------------------------------------------------------------------
                         slack                                  0.005    





Pulse Width Checks
--------------------------------------------------------------------------------------
Clock Name:         aclk
Waveform(ns):       { 0.000 2.500 }
Period(ns):         5.000
Sources:            { aclk }

Check Type        Corner  Lib Pin   Reference Pin  Required(ns)  Actual(ns)  Slack(ns)  Location          Pin
Min Period        n/a     BUFGCE/I  n/a            1.290         5.000       3.710      BUFGCE_HDIO_X2Y0  aclk_IBUF_BUFG_inst/I
Low Pulse Width   Slow    FDRE/C    n/a            0.275         2.500       2.225      SLICE_X67Y233     FSM_sequential_state_r_reg[0]/C
High Pulse Width  Slow    FDRE/C    n/a            0.275         2.500       2.225      SLICE_X67Y233     FSM_sequential_state_r_reg[0]/C



