Copyright 1986-2022 Xilinx, Inc. All Rights Reserved. Copyright 2022-2024 Advanced Micro Devices, Inc. All Rights Reserved.
--------------------------------------------------------------------------------------------------------------------------------------------------
| Tool Version      : Vivado v.2024.1 (lin64) Build 5076996 Wed May 22 18:36:09 MDT 2024
| Date              : Tue Jun 16 09:55:23 2026
| Host              : iamjames77-MS-7D76 running 64-bit Ubuntu 22.04.5 LTS
| Command           : report_timing_summary -file timing_summary.rpt
| Design            : token_loop_axi_decoder_block_fixture
| Device            : xczu7ev-ffvc1156
| Speed File        : -2  PRODUCTION 1.30 05-15-2022
| Design State      : Routed
| Temperature Grade : E
--------------------------------------------------------------------------------------------------------------------------------------------------

Timing Summary Report

------------------------------------------------------------------------------------------------
| Timer Settings
| --------------
------------------------------------------------------------------------------------------------

  Enable Multi Corner Analysis               :  Yes
  Enable Pessimism Removal                   :  Yes
  Pessimism Removal Resolution               :  Nearest Common Node
  Enable Input Delay Default Clock           :  No
  Enable Preset / Clear Arcs                 :  No
  Disable Flight Delays                      :  No
  Ignore I/O Paths                           :  No
  Timing Early Launch at Borrowing Latches   :  No
  Borrow Time for Max Delay Exceptions       :  Yes
  Merge Timing Exceptions                    :  Yes
  Inter-SLR Compensation                     :  Conservative

  Corner  Analyze    Analyze    
  Name    Max Paths  Min Paths  
  ------  ---------  ---------  
  Slow    Yes        Yes        
  Fast    Yes        Yes        


------------------------------------------------------------------------------------------------
| Report Methodology
| ------------------
------------------------------------------------------------------------------------------------

No report available as report_methodology has not been run prior. Run report_methodology on the current design for the summary of methodology violations.



check_timing report

Table of Contents
-----------------
1. checking no_clock (0)
2. checking constant_clock (0)
3. checking pulse_width_clock (0)
4. checking unconstrained_internal_endpoints (0)
5. checking no_input_delay (2)
6. checking no_output_delay (94)
7. checking multiple_clock (0)
8. checking generated_clocks (0)
9. checking loops (0)
10. checking partial_input_delay (0)
11. checking partial_output_delay (0)
12. checking latch_loops (0)

1. checking no_clock (0)
------------------------
 There are 0 register/latch pins with no clock.


2. checking constant_clock (0)
------------------------------
 There are 0 register/latch pins with constant_clock.


3. checking pulse_width_clock (0)
---------------------------------
 There are 0 register/latch pins which need pulse_width check


4. checking unconstrained_internal_endpoints (0)
------------------------------------------------
 There are 0 pins that are not constrained for maximum delay.

 There are 0 pins that are not constrained for maximum delay due to constant clock.


5. checking no_input_delay (2)
------------------------------
 There are 2 input ports with no input delay specified. (HIGH)

 There are 0 input ports with no input delay but user has a false path constraint.


6. checking no_output_delay (94)
--------------------------------
 There are 94 ports with no output delay specified. (HIGH)

 There are 0 ports with no output delay but user has a false path constraint

 There are 0 ports with no output delay but with a timing clock defined on it or propagating through it


7. checking multiple_clock (0)
------------------------------
 There are 0 register/latch pins with multiple clocks.


8. checking generated_clocks (0)
--------------------------------
 There are 0 generated clocks that are not connected to a clock source.


9. checking loops (0)
---------------------
 There are 0 combinational loops in the design.


10. checking partial_input_delay (0)
------------------------------------
 There are 0 input ports with partial input delay specified.


11. checking partial_output_delay (0)
-------------------------------------
 There are 0 ports with partial output delay specified.


12. checking latch_loops (0)
----------------------------
 There are 0 combinational latch loops in the design through latch input



------------------------------------------------------------------------------------------------
| Design Timing Summary
| ---------------------
------------------------------------------------------------------------------------------------

    WNS(ns)      TNS(ns)  TNS Failing Endpoints  TNS Total Endpoints      WHS(ns)      THS(ns)  THS Failing Endpoints  THS Total Endpoints     WPWS(ns)     TPWS(ns)  TPWS Failing Endpoints  TPWS Total Endpoints  
    -------      -------  ---------------------  -------------------      -------      -------  ---------------------  -------------------     --------     --------  ----------------------  --------------------  
      1.348        0.000                      0                 2166        0.009        0.000                      0                 2166        2.225        0.000                       0                   907  


All user specified timing constraints are met.


------------------------------------------------------------------------------------------------
| Clock Summary
| -------------
------------------------------------------------------------------------------------------------

Clock  Waveform(ns)         Period(ns)      Frequency(MHz)
-----  ------------         ----------      --------------
aclk   {0.000 2.500}        5.000           200.000         


------------------------------------------------------------------------------------------------
| Intra Clock Table
| -----------------
------------------------------------------------------------------------------------------------

Clock             WNS(ns)      TNS(ns)  TNS Failing Endpoints  TNS Total Endpoints      WHS(ns)      THS(ns)  THS Failing Endpoints  THS Total Endpoints     WPWS(ns)     TPWS(ns)  TPWS Failing Endpoints  TPWS Total Endpoints  
-----             -------      -------  ---------------------  -------------------      -------      -------  ---------------------  -------------------     --------     --------  ----------------------  --------------------  
aclk                1.348        0.000                      0                 2166        0.009        0.000                      0                 2166        2.225        0.000                       0                   907  


------------------------------------------------------------------------------------------------
| Inter Clock Table
| -----------------
------------------------------------------------------------------------------------------------

From Clock    To Clock          WNS(ns)      TNS(ns)  TNS Failing Endpoints  TNS Total Endpoints      WHS(ns)      THS(ns)  THS Failing Endpoints  THS Total Endpoints  
----------    --------          -------      -------  ---------------------  -------------------      -------      -------  ---------------------  -------------------  


------------------------------------------------------------------------------------------------
| Other Path Groups Table
| -----------------------
------------------------------------------------------------------------------------------------

Path Group    From Clock    To Clock          WNS(ns)      TNS(ns)  TNS Failing Endpoints  TNS Total Endpoints      WHS(ns)      THS(ns)  THS Failing Endpoints  THS Total Endpoints  
----------    ----------    --------          -------      -------  ---------------------  -------------------      -------      -------  ---------------------  -------------------  


------------------------------------------------------------------------------------------------
| Timing Details
| --------------
------------------------------------------------------------------------------------------------


---------------------------------------------------------------------------------------------------
From Clock:  aclk
  To Clock:  aclk

Setup :            0  Failing Endpoints,  Worst Slack        1.348ns,  Total Violation        0.000ns
Hold  :            0  Failing Endpoints,  Worst Slack        0.009ns,  Total Violation        0.000ns
PW    :            0  Failing Endpoints,  Worst Slack        2.225ns,  Total Violation        0.000ns
---------------------------------------------------------------------------------------------------


Max Delay Paths
--------------------------------------------------------------------------------------
Slack (MET) :             1.348ns  (required time - arrival time)
  Source:                 u_top_fsm_axi_decoder_block_fixture/u_layer_fsm_axi_decoder_block_fixture/u_decoder_block_axi_attention_mlp_fixture/u_residual_mlp_fixture/(null)[0].value_i0__2/DSP_A_B_DATA_INST/CLK
                            (rising edge-triggered cell DSP_A_B_DATA clocked by aclk  {rise@0.000ns fall@2.500ns period=5.000ns})
  Destination:            u_top_fsm_axi_decoder_block_fixture/u_layer_fsm_axi_decoder_block_fixture/u_decoder_block_axi_attention_mlp_fixture/u_residual_mlp_fixture/(null)[0].value_i0__6/DSP_A_B_DATA_INST/A[19]
                            (rising edge-triggered cell DSP_A_B_DATA clocked by aclk  {rise@0.000ns fall@2.500ns period=5.000ns})
  Path Group:             aclk
  Path Type:              Setup (Max at Slow Process Corner)
  Requirement:            5.000ns  (aclk rise@5.000ns - aclk rise@0.000ns)
  Data Path Delay:        3.220ns  (logic 2.120ns (65.830%)  route 1.100ns (34.170%))
  Logic Levels:           9  (CARRY8=2 DSP_ALU=1 DSP_M_DATA=1 DSP_MULTIPLIER=1 DSP_OUTPUT=1 DSP_PREADD_DATA=1 LUT2=1 LUT3=1)
  Clock Path Skew:        -0.130ns (DCD - SCD + CPR)
    Destination Clock Delay (DCD):    2.980ns = ( 7.980 - 5.000 ) 
    Source Clock Delay      (SCD):    3.841ns
    Clock Pessimism Removal (CPR):    0.732ns
  Clock Uncertainty:      0.035ns  ((TSJ^2 + TIJ^2)^1/2 + DJ) / 2 + PE
    Total System Jitter     (TSJ):    0.071ns
    Total Input Jitter      (TIJ):    0.000ns
    Discrete Jitter          (DJ):    0.000ns
    Phase Error              (PE):    0.000ns
  Clock Net Delay (Source):      2.547ns (routing 1.552ns, distribution 0.995ns)
  Clock Net Delay (Destination): 2.232ns (routing 1.410ns, distribution 0.822ns)

    Location             Delay type                Incr(ns)  Path(ns)    Netlist Resource(s)
  -------------------------------------------------------------------    -------------------
                         (clock aclk rise edge)       0.000     0.000 r  
    C3                                                0.000     0.000 r  aclk (IN)
                         net (fo=0)                   0.000     0.000    aclk_IBUF_inst/I
    C3                   INBUF (Prop_INBUF_HDIOB_M_PAD_O)
                                                      1.062     1.062 r  aclk_IBUF_inst/INBUF_INST/O
                         net (fo=1, routed)           0.000     1.062    aclk_IBUF_inst/OUT
    C3                   IBUFCTRL (Prop_IBUFCTRL_HDIOB_M_I_O)
                                                      0.000     1.062 r  aclk_IBUF_inst/IBUFCTRL_INST/O
                         net (fo=1, routed)           0.204     1.266    aclk_IBUF
    BUFGCE_HDIO_X2Y2     BUFGCE (Prop_BUFCE_BUFGCE_HDIO_I_O)
                                                      0.028     1.294 r  aclk_IBUF_BUFG_inst/O
    X1Y2 (CLOCK_ROOT)    net (fo=954, routed)         2.547     3.841    u_top_fsm_axi_decoder_block_fixture/u_layer_fsm_axi_decoder_block_fixture/u_decoder_block_axi_attention_mlp_fixture/u_residual_mlp_fixture/(null)[0].value_i0__2/CLK
    DSP48E2_X9Y57        DSP_A_B_DATA                                 r  u_top_fsm_axi_decoder_block_fixture/u_layer_fsm_axi_decoder_block_fixture/u_decoder_block_axi_attention_mlp_fixture/u_residual_mlp_fixture/(null)[0].value_i0__2/DSP_A_B_DATA_INST/CLK
  -------------------------------------------------------------------    -------------------
    DSP48E2_X9Y57        DSP_A_B_DATA (Prop_DSP_A_B_DATA_DSP48E2_CLK_B2_DATA[17])
                                                      0.212     4.053 r  u_top_fsm_axi_decoder_block_fixture/u_layer_fsm_axi_decoder_block_fixture/u_decoder_block_axi_attention_mlp_fixture/u_residual_mlp_fixture/(null)[0].value_i0__2/DSP_A_B_DATA_INST/B2_DATA[17]
                         net (fo=1, routed)           0.000     4.053    u_top_fsm_axi_decoder_block_fixture/u_layer_fsm_axi_decoder_block_fixture/u_decoder_block_axi_attention_mlp_fixture/u_residual_mlp_fixture/(null)[0].value_i0__2/DSP_A_B_DATA.B2_DATA<17>
    DSP48E2_X9Y57        DSP_PREADD_DATA (Prop_DSP_PREADD_DATA_DSP48E2_B2_DATA[17]_B2B1[17])
                                                      0.073     4.126 r  u_top_fsm_axi_decoder_block_fixture/u_layer_fsm_axi_decoder_block_fixture/u_decoder_block_axi_attention_mlp_fixture/u_residual_mlp_fixture/(null)[0].value_i0__2/DSP_PREADD_DATA_INST/B2B1[17]
                         net (fo=1, routed)           0.000     4.126    u_top_fsm_axi_decoder_block_fixture/u_layer_fsm_axi_decoder_block_fixture/u_decoder_block_axi_attention_mlp_fixture/u_residual_mlp_fixture/(null)[0].value_i0__2/DSP_PREADD_DATA.B2B1<17>
    DSP48E2_X9Y57        DSP_MULTIPLIER (Prop_DSP_MULTIPLIER_DSP48E2_B2B1[17]_V[24])
                                                      0.609     4.735 f  u_top_fsm_axi_decoder_block_fixture/u_layer_fsm_axi_decoder_block_fixture/u_decoder_block_axi_attention_mlp_fixture/u_residual_mlp_fixture/(null)[0].value_i0__2/DSP_MULTIPLIER_INST/V[24]
                         net (fo=1, routed)           0.000     4.735    u_top_fsm_axi_decoder_block_fixture/u_layer_fsm_axi_decoder_block_fixture/u_decoder_block_axi_attention_mlp_fixture/u_residual_mlp_fixture/(null)[0].value_i0__2/DSP_MULTIPLIER.V<24>
    DSP48E2_X9Y57        DSP_M_DATA (Prop_DSP_M_DATA_DSP48E2_V[24]_V_DATA[24])
                                                      0.046     4.781 r  u_top_fsm_axi_decoder_block_fixture/u_layer_fsm_axi_decoder_block_fixture/u_decoder_block_axi_attention_mlp_fixture/u_residual_mlp_fixture/(null)[0].value_i0__2/DSP_M_DATA_INST/V_DATA[24]
                         net (fo=1, routed)           0.000     4.781    u_top_fsm_axi_decoder_block_fixture/u_layer_fsm_axi_decoder_block_fixture/u_decoder_block_axi_attention_mlp_fixture/u_residual_mlp_fixture/(null)[0].value_i0__2/DSP_M_DATA.V_DATA<24>
    DSP48E2_X9Y57        DSP_ALU (Prop_DSP_ALU_DSP48E2_V_DATA[24]_ALU_OUT[24])
                                                      0.571     5.352 r  u_top_fsm_axi_decoder_block_fixture/u_layer_fsm_axi_decoder_block_fixture/u_decoder_block_axi_attention_mlp_fixture/u_residual_mlp_fixture/(null)[0].value_i0__2/DSP_ALU_INST/ALU_OUT[24]
                         net (fo=1, routed)           0.000     5.352    u_top_fsm_axi_decoder_block_fixture/u_layer_fsm_axi_decoder_block_fixture/u_decoder_block_axi_attention_mlp_fixture/u_residual_mlp_fixture/(null)[0].value_i0__2/DSP_ALU.ALU_OUT<24>
    DSP48E2_X9Y57        DSP_OUTPUT (Prop_DSP_OUTPUT_DSP48E2_ALU_OUT[24]_P[24])
                                                      0.109     5.461 f  u_top_fsm_axi_decoder_block_fixture/u_layer_fsm_axi_decoder_block_fixture/u_decoder_block_axi_attention_mlp_fixture/u_residual_mlp_fixture/(null)[0].value_i0__2/DSP_OUTPUT_INST/P[24]
                         net (fo=4, routed)           0.309     5.770    u_top_fsm_axi_decoder_block_fixture/u_layer_fsm_axi_decoder_block_fixture/u_decoder_block_axi_attention_mlp_fixture/u_residual_mlp_fixture/(null)[0].value_i0__2_n_81
    SLICE_X77Y141        LUT2 (Prop_D6LUT_SLICEL_I0_O)
                                                      0.146     5.916 r  u_top_fsm_axi_decoder_block_fixture/u_layer_fsm_axi_decoder_block_fixture/u_decoder_block_axi_attention_mlp_fixture/u_residual_mlp_fixture/(null)[0].value_i0__6_i_130/O
                         net (fo=1, routed)           0.009     5.925    u_top_fsm_axi_decoder_block_fixture/u_layer_fsm_axi_decoder_block_fixture/u_decoder_block_axi_attention_mlp_fixture/u_residual_mlp_fixture/(null)[0].value_i0__6_i_130_n_0
    SLICE_X77Y141        CARRY8 (Prop_CARRY8_SLICEL_S[3]_CO[7])
                                                      0.154     6.079 f  u_top_fsm_axi_decoder_block_fixture/u_layer_fsm_axi_decoder_block_fixture/u_decoder_block_axi_attention_mlp_fixture/u_residual_mlp_fixture/(null)[0].value_i0__6_i_75/CO[7]
                         net (fo=1, routed)           0.026     6.105    u_top_fsm_axi_decoder_block_fixture/u_layer_fsm_axi_decoder_block_fixture/u_decoder_block_axi_attention_mlp_fixture/u_residual_mlp_fixture/(null)[0].value_i0__6_i_75_n_0
    SLICE_X77Y142        CARRY8 (Prop_CARRY8_SLICEL_CI_CO[0])
                                                      0.052     6.157 f  u_top_fsm_axi_decoder_block_fixture/u_layer_fsm_axi_decoder_block_fixture/u_decoder_block_axi_attention_mlp_fixture/u_residual_mlp_fixture/(null)[0].value_i0__6_i_39/CO[0]
                         net (fo=16, routed)          0.198     6.355    u_top_fsm_axi_decoder_block_fixture/u_layer_fsm_axi_decoder_block_fixture/u_decoder_block_axi_attention_mlp_fixture/u_residual_mlp_fixture/(null)[0].value_i0__6_i_39_n_7
    SLICE_X75Y142        LUT3 (Prop_B6LUT_SLICEL_I2_O)
                                                      0.148     6.503 r  u_top_fsm_axi_decoder_block_fixture/u_layer_fsm_axi_decoder_block_fixture/u_decoder_block_axi_attention_mlp_fixture/u_residual_mlp_fixture/(null)[0].value_i0__6_i_17/O
                         net (fo=15, routed)          0.559     7.062    u_top_fsm_axi_decoder_block_fixture/u_layer_fsm_axi_decoder_block_fixture/u_decoder_block_axi_attention_mlp_fixture/u_residual_mlp_fixture/(null)[0].value_i0__6/A[19]
    DSP48E2_X8Y59        DSP_A_B_DATA                                 r  u_top_fsm_axi_decoder_block_fixture/u_layer_fsm_axi_decoder_block_fixture/u_decoder_block_axi_attention_mlp_fixture/u_residual_mlp_fixture/(null)[0].value_i0__6/DSP_A_B_DATA_INST/A[19]
  -------------------------------------------------------------------    -------------------

                         (clock aclk rise edge)       5.000     5.000 r  
    C3                                                0.000     5.000 r  aclk (IN)
                         net (fo=0)                   0.000     5.000    aclk_IBUF_inst/I
    C3                   INBUF (Prop_INBUF_HDIOB_M_PAD_O)
                                                      0.555     5.555 r  aclk_IBUF_inst/INBUF_INST/O
                         net (fo=1, routed)           0.000     5.555    aclk_IBUF_inst/OUT
    C3                   IBUFCTRL (Prop_IBUFCTRL_HDIOB_M_I_O)
                                                      0.000     5.555 r  aclk_IBUF_inst/IBUFCTRL_INST/O
                         net (fo=1, routed)           0.169     5.724    aclk_IBUF
    BUFGCE_HDIO_X2Y2     BUFGCE (Prop_BUFCE_BUFGCE_HDIO_I_O)
                                                      0.024     5.748 r  aclk_IBUF_BUFG_inst/O
    X1Y2 (CLOCK_ROOT)    net (fo=954, routed)         2.232     7.980    u_top_fsm_axi_decoder_block_fixture/u_layer_fsm_axi_decoder_block_fixture/u_decoder_block_axi_attention_mlp_fixture/u_residual_mlp_fixture/(null)[0].value_i0__6/CLK
    DSP48E2_X8Y59        DSP_A_B_DATA                                 r  u_top_fsm_axi_decoder_block_fixture/u_layer_fsm_axi_decoder_block_fixture/u_decoder_block_axi_attention_mlp_fixture/u_residual_mlp_fixture/(null)[0].value_i0__6/DSP_A_B_DATA_INST/CLK
                         clock pessimism              0.732     8.711    
                         clock uncertainty           -0.035     8.676    
    DSP48E2_X8Y59        DSP_A_B_DATA (Setup_DSP_A_B_DATA_DSP48E2_CLK_A[19])
                                                     -0.266     8.410    u_top_fsm_axi_decoder_block_fixture/u_layer_fsm_axi_decoder_block_fixture/u_decoder_block_axi_attention_mlp_fixture/u_residual_mlp_fixture/(null)[0].value_i0__6/DSP_A_B_DATA_INST
  -------------------------------------------------------------------
                         required time                          8.410    
                         arrival time                          -7.062    
  -------------------------------------------------------------------
                         slack                                  1.348    





Min Delay Paths
--------------------------------------------------------------------------------------
Slack (MET) :             0.009ns  (arrival time - required time)
  Source:                 u_top_fsm_axi_decoder_block_fixture/u_layer_fsm_axi_decoder_block_fixture/u_decoder_block_axi_attention_mlp_fixture/u_decoder_child_axi_attention_datapath/u_attention_kv_cache_fixture/state_r_reg[2]/C
                            (rising edge-triggered cell FDRE clocked by aclk  {rise@0.000ns fall@2.500ns period=5.000ns})
  Destination:            u_top_fsm_axi_decoder_block_fixture/u_layer_fsm_axi_decoder_block_fixture/u_decoder_block_axi_attention_mlp_fixture/u_decoder_child_axi_attention_datapath/u_attention_kv_cache_fixture/state_r_reg[1]/D
                            (rising edge-triggered cell FDRE clocked by aclk  {rise@0.000ns fall@2.500ns period=5.000ns})
  Path Group:             aclk
  Path Type:              Hold (Min at Slow Process Corner)
  Requirement:            0.000ns  (aclk rise@0.000ns - aclk rise@0.000ns)
  Data Path Delay:        0.187ns  (logic 0.097ns (51.920%)  route 0.090ns (48.080%))
  Logic Levels:           1  (LUT5=1)
  Clock Path Skew:        0.116ns (DCD - SCD - CPR)
    Destination Clock Delay (DCD):    3.831ns
    Source Clock Delay      (SCD):    2.984ns
    Clock Pessimism Removal (CPR):    0.731ns
  Clock Net Delay (Source):      2.236ns (routing 1.410ns, distribution 0.826ns)
  Clock Net Delay (Destination): 2.537ns (routing 1.552ns, distribution 0.985ns)

    Location             Delay type                Incr(ns)  Path(ns)    Netlist Resource(s)
  -------------------------------------------------------------------    -------------------
                         (clock aclk rise edge)       0.000     0.000 r  
    C3                                                0.000     0.000 r  aclk (IN)
                         net (fo=0)                   0.000     0.000    aclk_IBUF_inst/I
    C3                   INBUF (Prop_INBUF_HDIOB_M_PAD_O)
                                                      0.555     0.555 r  aclk_IBUF_inst/INBUF_INST/O
                         net (fo=1, routed)           0.000     0.555    aclk_IBUF_inst/OUT
    C3                   IBUFCTRL (Prop_IBUFCTRL_HDIOB_M_I_O)
                                                      0.000     0.555 r  aclk_IBUF_inst/IBUFCTRL_INST/O
                         net (fo=1, routed)           0.169     0.724    aclk_IBUF
    BUFGCE_HDIO_X2Y2     BUFGCE (Prop_BUFCE_BUFGCE_HDIO_I_O)
                                                      0.024     0.748 r  aclk_IBUF_BUFG_inst/O
    X1Y2 (CLOCK_ROOT)    net (fo=954, routed)         2.236     2.984    u_top_fsm_axi_decoder_block_fixture/u_layer_fsm_axi_decoder_block_fixture/u_decoder_block_axi_attention_mlp_fixture/u_decoder_child_axi_attention_datapath/u_attention_kv_cache_fixture/CLK
    SLICE_X76Y135        FDRE                                         r  u_top_fsm_axi_decoder_block_fixture/u_layer_fsm_axi_decoder_block_fixture/u_decoder_block_axi_attention_mlp_fixture/u_decoder_child_axi_attention_datapath/u_attention_kv_cache_fixture/state_r_reg[2]/C
  -------------------------------------------------------------------    -------------------
    SLICE_X76Y135        FDRE (Prop_DFF_SLICEL_C_Q)
                                                      0.059     3.043 f  u_top_fsm_axi_decoder_block_fixture/u_layer_fsm_axi_decoder_block_fixture/u_decoder_block_axi_attention_mlp_fixture/u_decoder_child_axi_attention_datapath/u_attention_kv_cache_fixture/state_r_reg[2]/Q
                         net (fo=48, routed)          0.077     3.119    u_top_fsm_axi_decoder_block_fixture/u_layer_fsm_axi_decoder_block_fixture/u_decoder_block_axi_attention_mlp_fixture/u_decoder_child_axi_attention_datapath/u_attention_kv_cache_fixture/Q[2]
    SLICE_X74Y135        LUT5 (Prop_D5LUT_SLICEM_I1_O)
                                                      0.038     3.157 r  u_top_fsm_axi_decoder_block_fixture/u_layer_fsm_axi_decoder_block_fixture/u_decoder_block_axi_attention_mlp_fixture/u_decoder_child_axi_attention_datapath/u_attention_kv_cache_fixture/state_r[1]_i_1/O
                         net (fo=1, routed)           0.013     3.170    u_top_fsm_axi_decoder_block_fixture/u_layer_fsm_axi_decoder_block_fixture/u_decoder_block_axi_attention_mlp_fixture/u_decoder_child_axi_attention_datapath/u_attention_kv_cache_fixture/state_r[1]
    SLICE_X74Y135        FDRE                                         r  u_top_fsm_axi_decoder_block_fixture/u_layer_fsm_axi_decoder_block_fixture/u_decoder_block_axi_attention_mlp_fixture/u_decoder_child_axi_attention_datapath/u_attention_kv_cache_fixture/state_r_reg[1]/D
  -------------------------------------------------------------------    -------------------

                         (clock aclk rise edge)       0.000     0.000 r  
    C3                                                0.000     0.000 r  aclk (IN)
                         net (fo=0)                   0.000     0.000    aclk_IBUF_inst/I
    C3                   INBUF (Prop_INBUF_HDIOB_M_PAD_O)
                                                      1.062     1.062 r  aclk_IBUF_inst/INBUF_INST/O
                         net (fo=1, routed)           0.000     1.062    aclk_IBUF_inst/OUT
    C3                   IBUFCTRL (Prop_IBUFCTRL_HDIOB_M_I_O)
                                                      0.000     1.062 r  aclk_IBUF_inst/IBUFCTRL_INST/O
                         net (fo=1, routed)           0.204     1.266    aclk_IBUF
    BUFGCE_HDIO_X2Y2     BUFGCE (Prop_BUFCE_BUFGCE_HDIO_I_O)
                                                      0.028     1.294 r  aclk_IBUF_BUFG_inst/O
    X1Y2 (CLOCK_ROOT)    net (fo=954, routed)         2.537     3.831    u_top_fsm_axi_decoder_block_fixture/u_layer_fsm_axi_decoder_block_fixture/u_decoder_block_axi_attention_mlp_fixture/u_decoder_child_axi_attention_datapath/u_attention_kv_cache_fixture/CLK
    SLICE_X74Y135        FDRE                                         r  u_top_fsm_axi_decoder_block_fixture/u_layer_fsm_axi_decoder_block_fixture/u_decoder_block_axi_attention_mlp_fixture/u_decoder_child_axi_attention_datapath/u_attention_kv_cache_fixture/state_r_reg[1]/C
                         clock pessimism             -0.731     3.100    
    SLICE_X74Y135        FDRE (Hold_DFF2_SLICEM_C_D)
                                                      0.061     3.161    u_top_fsm_axi_decoder_block_fixture/u_layer_fsm_axi_decoder_block_fixture/u_decoder_block_axi_attention_mlp_fixture/u_decoder_child_axi_attention_datapath/u_attention_kv_cache_fixture/state_r_reg[1]
  -------------------------------------------------------------------
                         required time                         -3.161    
                         arrival time                           3.170    
  -------------------------------------------------------------------
                         slack                                  0.009    





Pulse Width Checks
--------------------------------------------------------------------------------------
Clock Name:         aclk
Waveform(ns):       { 0.000 2.500 }
Period(ns):         5.000
Sources:            { aclk }

Check Type        Corner  Lib Pin   Reference Pin  Required(ns)  Actual(ns)  Slack(ns)  Location          Pin
Min Period        n/a     BUFGCE/I  n/a            1.290         5.000       3.710      BUFGCE_HDIO_X2Y2  aclk_IBUF_BUFG_inst/I
Low Pulse Width   Slow    FDRE/C    n/a            0.275         2.500       2.225      SLICE_X71Y162     FSM_sequential_state_r_reg[0]/C
High Pulse Width  Slow    FDRE/C    n/a            0.275         2.500       2.225      SLICE_X71Y162     FSM_sequential_state_r_reg[0]/C



