Copyright 1986-2022 Xilinx, Inc. All Rights Reserved. Copyright 2022-2024 Advanced Micro Devices, Inc. All Rights Reserved.
--------------------------------------------------------------------------------------------------------------------------------------------------
| Tool Version      : Vivado v.2024.1 (lin64) Build 5076996 Wed May 22 18:36:09 MDT 2024
| Date              : Tue Jun 16 09:53:38 2026
| Host              : iamjames77-MS-7D76 running 64-bit Ubuntu 22.04.5 LTS
| Command           : report_timing_summary -file timing_summary.rpt
| Design            : layer_fsm_axi_decoder_block_fixture
| Device            : xczu7ev-ffvc1156
| Speed File        : -2  PRODUCTION 1.30 05-15-2022
| Design State      : Routed
| Temperature Grade : E
--------------------------------------------------------------------------------------------------------------------------------------------------

Timing Summary Report

------------------------------------------------------------------------------------------------
| Timer Settings
| --------------
------------------------------------------------------------------------------------------------

  Enable Multi Corner Analysis               :  Yes
  Enable Pessimism Removal                   :  Yes
  Pessimism Removal Resolution               :  Nearest Common Node
  Enable Input Delay Default Clock           :  No
  Enable Preset / Clear Arcs                 :  No
  Disable Flight Delays                      :  No
  Ignore I/O Paths                           :  No
  Timing Early Launch at Borrowing Latches   :  No
  Borrow Time for Max Delay Exceptions       :  Yes
  Merge Timing Exceptions                    :  Yes
  Inter-SLR Compensation                     :  Conservative

  Corner  Analyze    Analyze    
  Name    Max Paths  Min Paths  
  ------  ---------  ---------  
  Slow    Yes        Yes        
  Fast    Yes        Yes        


------------------------------------------------------------------------------------------------
| Report Methodology
| ------------------
------------------------------------------------------------------------------------------------

No report available as report_methodology has not been run prior. Run report_methodology on the current design for the summary of methodology violations.



check_timing report

Table of Contents
-----------------
1. checking no_clock (0)
2. checking constant_clock (0)
3. checking pulse_width_clock (0)
4. checking unconstrained_internal_endpoints (0)
5. checking no_input_delay (2)
6. checking no_output_delay (91)
7. checking multiple_clock (0)
8. checking generated_clocks (0)
9. checking loops (0)
10. checking partial_input_delay (0)
11. checking partial_output_delay (0)
12. checking latch_loops (0)

1. checking no_clock (0)
------------------------
 There are 0 register/latch pins with no clock.


2. checking constant_clock (0)
------------------------------
 There are 0 register/latch pins with constant_clock.


3. checking pulse_width_clock (0)
---------------------------------
 There are 0 register/latch pins which need pulse_width check


4. checking unconstrained_internal_endpoints (0)
------------------------------------------------
 There are 0 pins that are not constrained for maximum delay.

 There are 0 pins that are not constrained for maximum delay due to constant clock.


5. checking no_input_delay (2)
------------------------------
 There are 2 input ports with no input delay specified. (HIGH)

 There are 0 input ports with no input delay but user has a false path constraint.


6. checking no_output_delay (91)
--------------------------------
 There are 91 ports with no output delay specified. (HIGH)

 There are 0 ports with no output delay but user has a false path constraint

 There are 0 ports with no output delay but with a timing clock defined on it or propagating through it


7. checking multiple_clock (0)
------------------------------
 There are 0 register/latch pins with multiple clocks.


8. checking generated_clocks (0)
--------------------------------
 There are 0 generated clocks that are not connected to a clock source.


9. checking loops (0)
---------------------
 There are 0 combinational loops in the design.


10. checking partial_input_delay (0)
------------------------------------
 There are 0 input ports with partial input delay specified.


11. checking partial_output_delay (0)
-------------------------------------
 There are 0 ports with partial output delay specified.


12. checking latch_loops (0)
----------------------------
 There are 0 combinational latch loops in the design through latch input



------------------------------------------------------------------------------------------------
| Design Timing Summary
| ---------------------
------------------------------------------------------------------------------------------------

    WNS(ns)      TNS(ns)  TNS Failing Endpoints  TNS Total Endpoints      WHS(ns)      THS(ns)  THS Failing Endpoints  THS Total Endpoints     WPWS(ns)     TPWS(ns)  TPWS Failing Endpoints  TPWS Total Endpoints  
    -------      -------  ---------------------  -------------------      -------      -------  ---------------------  -------------------     --------     --------  ----------------------  --------------------  
      1.160        0.000                      0                 1882        0.012        0.000                      0                 1882        2.225        0.000                       0                   763  


All user specified timing constraints are met.


------------------------------------------------------------------------------------------------
| Clock Summary
| -------------
------------------------------------------------------------------------------------------------

Clock  Waveform(ns)         Period(ns)      Frequency(MHz)
-----  ------------         ----------      --------------
aclk   {0.000 2.500}        5.000           200.000         


------------------------------------------------------------------------------------------------
| Intra Clock Table
| -----------------
------------------------------------------------------------------------------------------------

Clock             WNS(ns)      TNS(ns)  TNS Failing Endpoints  TNS Total Endpoints      WHS(ns)      THS(ns)  THS Failing Endpoints  THS Total Endpoints     WPWS(ns)     TPWS(ns)  TPWS Failing Endpoints  TPWS Total Endpoints  
-----             -------      -------  ---------------------  -------------------      -------      -------  ---------------------  -------------------     --------     --------  ----------------------  --------------------  
aclk                1.160        0.000                      0                 1882        0.012        0.000                      0                 1882        2.225        0.000                       0                   763  


------------------------------------------------------------------------------------------------
| Inter Clock Table
| -----------------
------------------------------------------------------------------------------------------------

From Clock    To Clock          WNS(ns)      TNS(ns)  TNS Failing Endpoints  TNS Total Endpoints      WHS(ns)      THS(ns)  THS Failing Endpoints  THS Total Endpoints  
----------    --------          -------      -------  ---------------------  -------------------      -------      -------  ---------------------  -------------------  


------------------------------------------------------------------------------------------------
| Other Path Groups Table
| -----------------------
------------------------------------------------------------------------------------------------

Path Group    From Clock    To Clock          WNS(ns)      TNS(ns)  TNS Failing Endpoints  TNS Total Endpoints      WHS(ns)      THS(ns)  THS Failing Endpoints  THS Total Endpoints  
----------    ----------    --------          -------      -------  ---------------------  -------------------      -------      -------  ---------------------  -------------------  


------------------------------------------------------------------------------------------------
| Timing Details
| --------------
------------------------------------------------------------------------------------------------


---------------------------------------------------------------------------------------------------
From Clock:  aclk
  To Clock:  aclk

Setup :            0  Failing Endpoints,  Worst Slack        1.160ns,  Total Violation        0.000ns
Hold  :            0  Failing Endpoints,  Worst Slack        0.012ns,  Total Violation        0.000ns
PW    :            0  Failing Endpoints,  Worst Slack        2.225ns,  Total Violation        0.000ns
---------------------------------------------------------------------------------------------------


Max Delay Paths
--------------------------------------------------------------------------------------
Slack (MET) :             1.160ns  (required time - arrival time)
  Source:                 u_decoder_block_axi_attention_mlp_fixture/u_residual_mlp_fixture/(null)[0].value_i0__0/DSP_A_B_DATA_INST/CLK
                            (rising edge-triggered cell DSP_A_B_DATA clocked by aclk  {rise@0.000ns fall@2.500ns period=5.000ns})
  Destination:            u_decoder_block_axi_attention_mlp_fixture/u_residual_mlp_fixture/(null)[0].value_i0__4/DSP_A_B_DATA_INST/A[8]
                            (rising edge-triggered cell DSP_A_B_DATA clocked by aclk  {rise@0.000ns fall@2.500ns period=5.000ns})
  Path Group:             aclk
  Path Type:              Setup (Max at Slow Process Corner)
  Requirement:            5.000ns  (aclk rise@5.000ns - aclk rise@0.000ns)
  Data Path Delay:        3.417ns  (logic 2.086ns (61.048%)  route 1.331ns (38.952%))
  Logic Levels:           9  (CARRY8=2 DSP_ALU=1 DSP_M_DATA=1 DSP_MULTIPLIER=1 DSP_OUTPUT=1 DSP_PREADD_DATA=1 LUT2=1 LUT3=1)
  Clock Path Skew:        -0.122ns (DCD - SCD + CPR)
    Destination Clock Delay (DCD):    3.156ns = ( 8.156 - 5.000 ) 
    Source Clock Delay      (SCD):    4.023ns
    Clock Pessimism Removal (CPR):    0.745ns
  Clock Uncertainty:      0.035ns  ((TSJ^2 + TIJ^2)^1/2 + DJ) / 2 + PE
    Total System Jitter     (TSJ):    0.071ns
    Total Input Jitter      (TIJ):    0.000ns
    Discrete Jitter          (DJ):    0.000ns
    Phase Error              (PE):    0.000ns
  Clock Net Delay (Source):      2.729ns (routing 1.552ns, distribution 1.177ns)
  Clock Net Delay (Destination): 2.408ns (routing 1.410ns, distribution 0.998ns)

    Location             Delay type                Incr(ns)  Path(ns)    Netlist Resource(s)
  -------------------------------------------------------------------    -------------------
                         (clock aclk rise edge)       0.000     0.000 r  
    C3                                                0.000     0.000 r  aclk (IN)
                         net (fo=0)                   0.000     0.000    aclk_IBUF_inst/I
    C3                   INBUF (Prop_INBUF_HDIOB_M_PAD_O)
                                                      1.062     1.062 r  aclk_IBUF_inst/INBUF_INST/O
                         net (fo=1, routed)           0.000     1.062    aclk_IBUF_inst/OUT
    C3                   IBUFCTRL (Prop_IBUFCTRL_HDIOB_M_I_O)
                                                      0.000     1.062 r  aclk_IBUF_inst/IBUFCTRL_INST/O
                         net (fo=1, routed)           0.204     1.266    aclk_IBUF
    BUFGCE_HDIO_X2Y2     BUFGCE (Prop_BUFCE_BUFGCE_HDIO_I_O)
                                                      0.028     1.294 r  aclk_IBUF_BUFG_inst/O
    X1Y2 (CLOCK_ROOT)    net (fo=810, routed)         2.729     4.023    u_decoder_block_axi_attention_mlp_fixture/u_residual_mlp_fixture/(null)[0].value_i0__0/CLK
    DSP48E2_X8Y51        DSP_A_B_DATA                                 r  u_decoder_block_axi_attention_mlp_fixture/u_residual_mlp_fixture/(null)[0].value_i0__0/DSP_A_B_DATA_INST/CLK
  -------------------------------------------------------------------    -------------------
    DSP48E2_X8Y51        DSP_A_B_DATA (Prop_DSP_A_B_DATA_DSP48E2_CLK_B2_DATA[17])
                                                      0.212     4.235 r  u_decoder_block_axi_attention_mlp_fixture/u_residual_mlp_fixture/(null)[0].value_i0__0/DSP_A_B_DATA_INST/B2_DATA[17]
                         net (fo=1, routed)           0.000     4.235    u_decoder_block_axi_attention_mlp_fixture/u_residual_mlp_fixture/(null)[0].value_i0__0/DSP_A_B_DATA.B2_DATA<17>
    DSP48E2_X8Y51        DSP_PREADD_DATA (Prop_DSP_PREADD_DATA_DSP48E2_B2_DATA[17]_B2B1[17])
                                                      0.073     4.308 r  u_decoder_block_axi_attention_mlp_fixture/u_residual_mlp_fixture/(null)[0].value_i0__0/DSP_PREADD_DATA_INST/B2B1[17]
                         net (fo=1, routed)           0.000     4.308    u_decoder_block_axi_attention_mlp_fixture/u_residual_mlp_fixture/(null)[0].value_i0__0/DSP_PREADD_DATA.B2B1<17>
    DSP48E2_X8Y51        DSP_MULTIPLIER (Prop_DSP_MULTIPLIER_DSP48E2_B2B1[17]_V[18])
                                                      0.609     4.917 f  u_decoder_block_axi_attention_mlp_fixture/u_residual_mlp_fixture/(null)[0].value_i0__0/DSP_MULTIPLIER_INST/V[18]
                         net (fo=1, routed)           0.000     4.917    u_decoder_block_axi_attention_mlp_fixture/u_residual_mlp_fixture/(null)[0].value_i0__0/DSP_MULTIPLIER.V<18>
    DSP48E2_X8Y51        DSP_M_DATA (Prop_DSP_M_DATA_DSP48E2_V[18]_V_DATA[18])
                                                      0.046     4.963 r  u_decoder_block_axi_attention_mlp_fixture/u_residual_mlp_fixture/(null)[0].value_i0__0/DSP_M_DATA_INST/V_DATA[18]
                         net (fo=1, routed)           0.000     4.963    u_decoder_block_axi_attention_mlp_fixture/u_residual_mlp_fixture/(null)[0].value_i0__0/DSP_M_DATA.V_DATA<18>
    DSP48E2_X8Y51        DSP_ALU (Prop_DSP_ALU_DSP48E2_V_DATA[18]_ALU_OUT[18])
                                                      0.571     5.534 r  u_decoder_block_axi_attention_mlp_fixture/u_residual_mlp_fixture/(null)[0].value_i0__0/DSP_ALU_INST/ALU_OUT[18]
                         net (fo=1, routed)           0.000     5.534    u_decoder_block_axi_attention_mlp_fixture/u_residual_mlp_fixture/(null)[0].value_i0__0/DSP_ALU.ALU_OUT<18>
    DSP48E2_X8Y51        DSP_OUTPUT (Prop_DSP_OUTPUT_DSP48E2_ALU_OUT[18]_P[18])
                                                      0.109     5.643 f  u_decoder_block_axi_attention_mlp_fixture/u_residual_mlp_fixture/(null)[0].value_i0__0/DSP_OUTPUT_INST/P[18]
                         net (fo=3, routed)           0.380     6.024    u_decoder_block_axi_attention_mlp_fixture/u_residual_mlp_fixture/(null)[0].value_i0__0_n_87
    SLICE_X73Y124        LUT2 (Prop_A6LUT_SLICEM_I1_O)
                                                      0.100     6.124 r  u_decoder_block_axi_attention_mlp_fixture/u_residual_mlp_fixture/(null)[0].value_i0__4_i_112/O
                         net (fo=1, routed)           0.013     6.137    u_decoder_block_axi_attention_mlp_fixture/u_residual_mlp_fixture/(null)[0].value_i0__4_i_112_n_0
    SLICE_X73Y124        CARRY8 (Prop_CARRY8_SLICEM_S[0]_CO[7])
                                                      0.192     6.329 f  u_decoder_block_axi_attention_mlp_fixture/u_residual_mlp_fixture/(null)[0].value_i0__4_i_74/CO[7]
                         net (fo=1, routed)           0.026     6.355    u_decoder_block_axi_attention_mlp_fixture/u_residual_mlp_fixture/(null)[0].value_i0__4_i_74_n_0
    SLICE_X73Y125        CARRY8 (Prop_CARRY8_SLICEM_CI_CO[0])
                                                      0.052     6.407 f  u_decoder_block_axi_attention_mlp_fixture/u_residual_mlp_fixture/(null)[0].value_i0__4_i_37/CO[0]
                         net (fo=16, routed)          0.330     6.736    u_decoder_block_axi_attention_mlp_fixture/u_residual_mlp_fixture/(null)[0].value_i0__4_i_37_n_7
    SLICE_X78Y126        LUT3 (Prop_D6LUT_SLICEM_I1_O)
                                                      0.122     6.858 r  u_decoder_block_axi_attention_mlp_fixture/u_residual_mlp_fixture/(null)[0].value_i0__4_i_24/O
                         net (fo=1, routed)           0.582     7.440    u_decoder_block_axi_attention_mlp_fixture/u_residual_mlp_fixture/(null)[0].value_i0__4/A[8]
    DSP48E2_X7Y50        DSP_A_B_DATA                                 r  u_decoder_block_axi_attention_mlp_fixture/u_residual_mlp_fixture/(null)[0].value_i0__4/DSP_A_B_DATA_INST/A[8]
  -------------------------------------------------------------------    -------------------

                         (clock aclk rise edge)       5.000     5.000 r  
    C3                                                0.000     5.000 r  aclk (IN)
                         net (fo=0)                   0.000     5.000    aclk_IBUF_inst/I
    C3                   INBUF (Prop_INBUF_HDIOB_M_PAD_O)
                                                      0.555     5.555 r  aclk_IBUF_inst/INBUF_INST/O
                         net (fo=1, routed)           0.000     5.555    aclk_IBUF_inst/OUT
    C3                   IBUFCTRL (Prop_IBUFCTRL_HDIOB_M_I_O)
                                                      0.000     5.555 r  aclk_IBUF_inst/IBUFCTRL_INST/O
                         net (fo=1, routed)           0.169     5.724    aclk_IBUF
    BUFGCE_HDIO_X2Y2     BUFGCE (Prop_BUFCE_BUFGCE_HDIO_I_O)
                                                      0.024     5.748 r  aclk_IBUF_BUFG_inst/O
    X1Y2 (CLOCK_ROOT)    net (fo=810, routed)         2.408     8.156    u_decoder_block_axi_attention_mlp_fixture/u_residual_mlp_fixture/(null)[0].value_i0__4/CLK
    DSP48E2_X7Y50        DSP_A_B_DATA                                 r  u_decoder_block_axi_attention_mlp_fixture/u_residual_mlp_fixture/(null)[0].value_i0__4/DSP_A_B_DATA_INST/CLK
                         clock pessimism              0.745     8.901    
                         clock uncertainty           -0.035     8.866    
    DSP48E2_X7Y50        DSP_A_B_DATA (Setup_DSP_A_B_DATA_DSP48E2_CLK_A[8])
                                                     -0.266     8.600    u_decoder_block_axi_attention_mlp_fixture/u_residual_mlp_fixture/(null)[0].value_i0__4/DSP_A_B_DATA_INST
  -------------------------------------------------------------------
                         required time                          8.600    
                         arrival time                          -7.440    
  -------------------------------------------------------------------
                         slack                                  1.160    





Min Delay Paths
--------------------------------------------------------------------------------------
Slack (MET) :             0.012ns  (arrival time - required time)
  Source:                 u_decoder_block_axi_attention_mlp_fixture/captured_attention_r_reg[33]/C
                            (rising edge-triggered cell FDRE clocked by aclk  {rise@0.000ns fall@2.500ns period=5.000ns})
  Destination:            u_decoder_block_axi_attention_mlp_fixture/u_residual_mlp_fixture/attention_r_reg[33]/D
                            (rising edge-triggered cell FDRE clocked by aclk  {rise@0.000ns fall@2.500ns period=5.000ns})
  Path Group:             aclk
  Path Type:              Hold (Min at Slow Process Corner)
  Requirement:            0.000ns  (aclk rise@0.000ns - aclk rise@0.000ns)
  Data Path Delay:        0.200ns  (logic 0.058ns (29.000%)  route 0.142ns (71.000%))
  Logic Levels:           0  
  Clock Path Skew:        0.126ns (DCD - SCD - CPR)
    Destination Clock Delay (DCD):    3.981ns
    Source Clock Delay      (SCD):    3.163ns
    Clock Pessimism Removal (CPR):    0.692ns
  Clock Net Delay (Source):      2.415ns (routing 1.410ns, distribution 1.005ns)
  Clock Net Delay (Destination): 2.686ns (routing 1.552ns, distribution 1.134ns)

    Location             Delay type                Incr(ns)  Path(ns)    Netlist Resource(s)
  -------------------------------------------------------------------    -------------------
                         (clock aclk rise edge)       0.000     0.000 r  
    C3                                                0.000     0.000 r  aclk (IN)
                         net (fo=0)                   0.000     0.000    aclk_IBUF_inst/I
    C3                   INBUF (Prop_INBUF_HDIOB_M_PAD_O)
                                                      0.555     0.555 r  aclk_IBUF_inst/INBUF_INST/O
                         net (fo=1, routed)           0.000     0.555    aclk_IBUF_inst/OUT
    C3                   IBUFCTRL (Prop_IBUFCTRL_HDIOB_M_I_O)
                                                      0.000     0.555 r  aclk_IBUF_inst/IBUFCTRL_INST/O
                         net (fo=1, routed)           0.169     0.724    aclk_IBUF
    BUFGCE_HDIO_X2Y2     BUFGCE (Prop_BUFCE_BUFGCE_HDIO_I_O)
                                                      0.024     0.748 r  aclk_IBUF_BUFG_inst/O
    X1Y2 (CLOCK_ROOT)    net (fo=810, routed)         2.415     3.163    u_decoder_block_axi_attention_mlp_fixture/CLK
    SLICE_X73Y118        FDRE                                         r  u_decoder_block_axi_attention_mlp_fixture/captured_attention_r_reg[33]/C
  -------------------------------------------------------------------    -------------------
    SLICE_X73Y118        FDRE (Prop_HFF_SLICEM_C_Q)
                                                      0.058     3.221 r  u_decoder_block_axi_attention_mlp_fixture/captured_attention_r_reg[33]/Q
                         net (fo=1, routed)           0.142     3.363    u_decoder_block_axi_attention_mlp_fixture/u_residual_mlp_fixture/attention_r_reg[50]_0[29]
    SLICE_X72Y120        FDRE                                         r  u_decoder_block_axi_attention_mlp_fixture/u_residual_mlp_fixture/attention_r_reg[33]/D
  -------------------------------------------------------------------    -------------------

                         (clock aclk rise edge)       0.000     0.000 r  
    C3                                                0.000     0.000 r  aclk (IN)
                         net (fo=0)                   0.000     0.000    aclk_IBUF_inst/I
    C3                   INBUF (Prop_INBUF_HDIOB_M_PAD_O)
                                                      1.062     1.062 r  aclk_IBUF_inst/INBUF_INST/O
                         net (fo=1, routed)           0.000     1.062    aclk_IBUF_inst/OUT
    C3                   IBUFCTRL (Prop_IBUFCTRL_HDIOB_M_I_O)
                                                      0.000     1.062 r  aclk_IBUF_inst/IBUFCTRL_INST/O
                         net (fo=1, routed)           0.204     1.266    aclk_IBUF
    BUFGCE_HDIO_X2Y2     BUFGCE (Prop_BUFCE_BUFGCE_HDIO_I_O)
                                                      0.028     1.294 r  aclk_IBUF_BUFG_inst/O
    X1Y2 (CLOCK_ROOT)    net (fo=810, routed)         2.686     3.981    u_decoder_block_axi_attention_mlp_fixture/u_residual_mlp_fixture/CLK
    SLICE_X72Y120        FDRE                                         r  u_decoder_block_axi_attention_mlp_fixture/u_residual_mlp_fixture/attention_r_reg[33]/C
                         clock pessimism             -0.692     3.288    
    SLICE_X72Y120        FDRE (Hold_HFF2_SLICEL_C_D)
                                                      0.062     3.350    u_decoder_block_axi_attention_mlp_fixture/u_residual_mlp_fixture/attention_r_reg[33]
  -------------------------------------------------------------------
                         required time                         -3.350    
                         arrival time                           3.363    
  -------------------------------------------------------------------
                         slack                                  0.012    





Pulse Width Checks
--------------------------------------------------------------------------------------
Clock Name:         aclk
Waveform(ns):       { 0.000 2.500 }
Period(ns):         5.000
Sources:            { aclk }

Check Type        Corner  Lib Pin   Reference Pin  Required(ns)  Actual(ns)  Slack(ns)  Location          Pin
Min Period        n/a     BUFGCE/I  n/a            1.290         5.000       3.710      BUFGCE_HDIO_X2Y2  aclk_IBUF_BUFG_inst/I
Low Pulse Width   Slow    FDRE/C    n/a            0.275         2.500       2.225      SLICE_X76Y150     FSM_sequential_state_r_reg[0]/C
High Pulse Width  Slow    FDRE/C    n/a            0.275         2.500       2.225      SLICE_X76Y150     FSM_sequential_state_r_reg[0]/C



