Copyright 1986-2022 Xilinx, Inc. All Rights Reserved. Copyright 2022-2024 Advanced Micro Devices, Inc. All Rights Reserved.
--------------------------------------------------------------------------------------------------------------------------------------------------
| Tool Version      : Vivado v.2024.1 (lin64) Build 5076996 Wed May 22 18:36:09 MDT 2024
| Date              : Tue Jun 16 09:43:40 2026
| Host              : iamjames77-MS-7D76 running 64-bit Ubuntu 22.04.5 LTS
| Command           : report_timing_summary -file timing_summary.rpt
| Design            : layer_fsm_decoder_block_fixture
| Device            : xczu7ev-ffvc1156
| Speed File        : -2  PRODUCTION 1.30 05-15-2022
| Design State      : Routed
| Temperature Grade : E
--------------------------------------------------------------------------------------------------------------------------------------------------

Timing Summary Report

------------------------------------------------------------------------------------------------
| Timer Settings
| --------------
------------------------------------------------------------------------------------------------

  Enable Multi Corner Analysis               :  Yes
  Enable Pessimism Removal                   :  Yes
  Pessimism Removal Resolution               :  Nearest Common Node
  Enable Input Delay Default Clock           :  No
  Enable Preset / Clear Arcs                 :  No
  Disable Flight Delays                      :  No
  Ignore I/O Paths                           :  No
  Timing Early Launch at Borrowing Latches   :  No
  Borrow Time for Max Delay Exceptions       :  Yes
  Merge Timing Exceptions                    :  Yes
  Inter-SLR Compensation                     :  Conservative

  Corner  Analyze    Analyze    
  Name    Max Paths  Min Paths  
  ------  ---------  ---------  
  Slow    Yes        Yes        
  Fast    Yes        Yes        


------------------------------------------------------------------------------------------------
| Report Methodology
| ------------------
------------------------------------------------------------------------------------------------

No report available as report_methodology has not been run prior. Run report_methodology on the current design for the summary of methodology violations.



check_timing report

Table of Contents
-----------------
1. checking no_clock (0)
2. checking constant_clock (0)
3. checking pulse_width_clock (0)
4. checking unconstrained_internal_endpoints (0)
5. checking no_input_delay (2)
6. checking no_output_delay (87)
7. checking multiple_clock (0)
8. checking generated_clocks (0)
9. checking loops (0)
10. checking partial_input_delay (0)
11. checking partial_output_delay (0)
12. checking latch_loops (0)

1. checking no_clock (0)
------------------------
 There are 0 register/latch pins with no clock.


2. checking constant_clock (0)
------------------------------
 There are 0 register/latch pins with constant_clock.


3. checking pulse_width_clock (0)
---------------------------------
 There are 0 register/latch pins which need pulse_width check


4. checking unconstrained_internal_endpoints (0)
------------------------------------------------
 There are 0 pins that are not constrained for maximum delay.

 There are 0 pins that are not constrained for maximum delay due to constant clock.


5. checking no_input_delay (2)
------------------------------
 There are 2 input ports with no input delay specified. (HIGH)

 There are 0 input ports with no input delay but user has a false path constraint.


6. checking no_output_delay (87)
--------------------------------
 There are 87 ports with no output delay specified. (HIGH)

 There are 0 ports with no output delay but user has a false path constraint

 There are 0 ports with no output delay but with a timing clock defined on it or propagating through it


7. checking multiple_clock (0)
------------------------------
 There are 0 register/latch pins with multiple clocks.


8. checking generated_clocks (0)
--------------------------------
 There are 0 generated clocks that are not connected to a clock source.


9. checking loops (0)
---------------------
 There are 0 combinational loops in the design.


10. checking partial_input_delay (0)
------------------------------------
 There are 0 input ports with partial input delay specified.


11. checking partial_output_delay (0)
-------------------------------------
 There are 0 ports with partial output delay specified.


12. checking latch_loops (0)
----------------------------
 There are 0 combinational latch loops in the design through latch input



------------------------------------------------------------------------------------------------
| Design Timing Summary
| ---------------------
------------------------------------------------------------------------------------------------

    WNS(ns)      TNS(ns)  TNS Failing Endpoints  TNS Total Endpoints      WHS(ns)      THS(ns)  THS Failing Endpoints  THS Total Endpoints     WPWS(ns)     TPWS(ns)  TPWS Failing Endpoints  TPWS Total Endpoints  
    -------      -------  ---------------------  -------------------      -------      -------  ---------------------  -------------------     --------     --------  ----------------------  --------------------  
      1.048        0.000                      0                 1897        0.021        0.000                      0                 1897        2.225        0.000                       0                   765  


All user specified timing constraints are met.


------------------------------------------------------------------------------------------------
| Clock Summary
| -------------
------------------------------------------------------------------------------------------------

Clock  Waveform(ns)         Period(ns)      Frequency(MHz)
-----  ------------         ----------      --------------
aclk   {0.000 2.500}        5.000           200.000         


------------------------------------------------------------------------------------------------
| Intra Clock Table
| -----------------
------------------------------------------------------------------------------------------------

Clock             WNS(ns)      TNS(ns)  TNS Failing Endpoints  TNS Total Endpoints      WHS(ns)      THS(ns)  THS Failing Endpoints  THS Total Endpoints     WPWS(ns)     TPWS(ns)  TPWS Failing Endpoints  TPWS Total Endpoints  
-----             -------      -------  ---------------------  -------------------      -------      -------  ---------------------  -------------------     --------     --------  ----------------------  --------------------  
aclk                1.048        0.000                      0                 1897        0.021        0.000                      0                 1897        2.225        0.000                       0                   765  


------------------------------------------------------------------------------------------------
| Inter Clock Table
| -----------------
------------------------------------------------------------------------------------------------

From Clock    To Clock          WNS(ns)      TNS(ns)  TNS Failing Endpoints  TNS Total Endpoints      WHS(ns)      THS(ns)  THS Failing Endpoints  THS Total Endpoints  
----------    --------          -------      -------  ---------------------  -------------------      -------      -------  ---------------------  -------------------  


------------------------------------------------------------------------------------------------
| Other Path Groups Table
| -----------------------
------------------------------------------------------------------------------------------------

Path Group    From Clock    To Clock          WNS(ns)      TNS(ns)  TNS Failing Endpoints  TNS Total Endpoints      WHS(ns)      THS(ns)  THS Failing Endpoints  THS Total Endpoints  
----------    ----------    --------          -------      -------  ---------------------  -------------------      -------      -------  ---------------------  -------------------  


------------------------------------------------------------------------------------------------
| Timing Details
| --------------
------------------------------------------------------------------------------------------------


---------------------------------------------------------------------------------------------------
From Clock:  aclk
  To Clock:  aclk

Setup :            0  Failing Endpoints,  Worst Slack        1.048ns,  Total Violation        0.000ns
Hold  :            0  Failing Endpoints,  Worst Slack        0.021ns,  Total Violation        0.000ns
PW    :            0  Failing Endpoints,  Worst Slack        2.225ns,  Total Violation        0.000ns
---------------------------------------------------------------------------------------------------


Max Delay Paths
--------------------------------------------------------------------------------------
Slack (MET) :             1.048ns  (required time - arrival time)
  Source:                 u_decoder_block_attention_mlp_fixture/u_residual_mlp_fixture/(null)[0].value_i0__2/DSP_A_B_DATA_INST/CLK
                            (rising edge-triggered cell DSP_A_B_DATA clocked by aclk  {rise@0.000ns fall@2.500ns period=5.000ns})
  Destination:            u_decoder_block_attention_mlp_fixture/u_residual_mlp_fixture/(null)[0].value_i0__6/DSP_A_B_DATA_INST/A[13]
                            (rising edge-triggered cell DSP_A_B_DATA clocked by aclk  {rise@0.000ns fall@2.500ns period=5.000ns})
  Path Group:             aclk
  Path Type:              Setup (Max at Slow Process Corner)
  Requirement:            5.000ns  (aclk rise@5.000ns - aclk rise@0.000ns)
  Data Path Delay:        3.639ns  (logic 2.126ns (58.421%)  route 1.513ns (41.579%))
  Logic Levels:           9  (CARRY8=2 DSP_ALU=1 DSP_M_DATA=1 DSP_MULTIPLIER=1 DSP_OUTPUT=1 DSP_PREADD_DATA=1 LUT2=1 LUT3=1)
  Clock Path Skew:        -0.006ns (DCD - SCD + CPR)
    Destination Clock Delay (DCD):    2.981ns = ( 7.981 - 5.000 ) 
    Source Clock Delay      (SCD):    3.713ns
    Clock Pessimism Removal (CPR):    0.727ns
  Clock Uncertainty:      0.035ns  ((TSJ^2 + TIJ^2)^1/2 + DJ) / 2 + PE
    Total System Jitter     (TSJ):    0.071ns
    Total Input Jitter      (TIJ):    0.000ns
    Discrete Jitter          (DJ):    0.000ns
    Phase Error              (PE):    0.000ns
  Clock Net Delay (Source):      2.419ns (routing 1.552ns, distribution 0.867ns)
  Clock Net Delay (Destination): 2.233ns (routing 1.410ns, distribution 0.823ns)

    Location             Delay type                Incr(ns)  Path(ns)    Netlist Resource(s)
  -------------------------------------------------------------------    -------------------
                         (clock aclk rise edge)       0.000     0.000 r  
    C3                                                0.000     0.000 r  aclk (IN)
                         net (fo=0)                   0.000     0.000    aclk_IBUF_inst/I
    C3                   INBUF (Prop_INBUF_HDIOB_M_PAD_O)
                                                      1.062     1.062 r  aclk_IBUF_inst/INBUF_INST/O
                         net (fo=1, routed)           0.000     1.062    aclk_IBUF_inst/OUT
    C3                   IBUFCTRL (Prop_IBUFCTRL_HDIOB_M_I_O)
                                                      0.000     1.062 r  aclk_IBUF_inst/IBUFCTRL_INST/O
                         net (fo=1, routed)           0.204     1.266    aclk_IBUF
    BUFGCE_HDIO_X2Y2     BUFGCE (Prop_BUFCE_BUFGCE_HDIO_I_O)
                                                      0.028     1.294 r  aclk_IBUF_BUFG_inst/O
    X1Y2 (CLOCK_ROOT)    net (fo=812, routed)         2.419     3.713    u_decoder_block_attention_mlp_fixture/u_residual_mlp_fixture/(null)[0].value_i0__2/CLK
    DSP48E2_X6Y54        DSP_A_B_DATA                                 r  u_decoder_block_attention_mlp_fixture/u_residual_mlp_fixture/(null)[0].value_i0__2/DSP_A_B_DATA_INST/CLK
  -------------------------------------------------------------------    -------------------
    DSP48E2_X6Y54        DSP_A_B_DATA (Prop_DSP_A_B_DATA_DSP48E2_CLK_B2_DATA[17])
                                                      0.212     3.925 r  u_decoder_block_attention_mlp_fixture/u_residual_mlp_fixture/(null)[0].value_i0__2/DSP_A_B_DATA_INST/B2_DATA[17]
                         net (fo=1, routed)           0.000     3.925    u_decoder_block_attention_mlp_fixture/u_residual_mlp_fixture/(null)[0].value_i0__2/DSP_A_B_DATA.B2_DATA<17>
    DSP48E2_X6Y54        DSP_PREADD_DATA (Prop_DSP_PREADD_DATA_DSP48E2_B2_DATA[17]_B2B1[17])
                                                      0.073     3.998 r  u_decoder_block_attention_mlp_fixture/u_residual_mlp_fixture/(null)[0].value_i0__2/DSP_PREADD_DATA_INST/B2B1[17]
                         net (fo=1, routed)           0.000     3.998    u_decoder_block_attention_mlp_fixture/u_residual_mlp_fixture/(null)[0].value_i0__2/DSP_PREADD_DATA.B2B1<17>
    DSP48E2_X6Y54        DSP_MULTIPLIER (Prop_DSP_MULTIPLIER_DSP48E2_B2B1[17]_V[21])
                                                      0.609     4.607 f  u_decoder_block_attention_mlp_fixture/u_residual_mlp_fixture/(null)[0].value_i0__2/DSP_MULTIPLIER_INST/V[21]
                         net (fo=1, routed)           0.000     4.607    u_decoder_block_attention_mlp_fixture/u_residual_mlp_fixture/(null)[0].value_i0__2/DSP_MULTIPLIER.V<21>
    DSP48E2_X6Y54        DSP_M_DATA (Prop_DSP_M_DATA_DSP48E2_V[21]_V_DATA[21])
                                                      0.046     4.653 r  u_decoder_block_attention_mlp_fixture/u_residual_mlp_fixture/(null)[0].value_i0__2/DSP_M_DATA_INST/V_DATA[21]
                         net (fo=1, routed)           0.000     4.653    u_decoder_block_attention_mlp_fixture/u_residual_mlp_fixture/(null)[0].value_i0__2/DSP_M_DATA.V_DATA<21>
    DSP48E2_X6Y54        DSP_ALU (Prop_DSP_ALU_DSP48E2_V_DATA[21]_ALU_OUT[21])
                                                      0.571     5.224 r  u_decoder_block_attention_mlp_fixture/u_residual_mlp_fixture/(null)[0].value_i0__2/DSP_ALU_INST/ALU_OUT[21]
                         net (fo=1, routed)           0.000     5.224    u_decoder_block_attention_mlp_fixture/u_residual_mlp_fixture/(null)[0].value_i0__2/DSP_ALU.ALU_OUT<21>
    DSP48E2_X6Y54        DSP_OUTPUT (Prop_DSP_OUTPUT_DSP48E2_ALU_OUT[21]_P[21])
                                                      0.109     5.333 f  u_decoder_block_attention_mlp_fixture/u_residual_mlp_fixture/(null)[0].value_i0__2/DSP_OUTPUT_INST/P[21]
                         net (fo=4, routed)           0.311     5.645    u_decoder_block_attention_mlp_fixture/u_residual_mlp_fixture/(null)[0].value_i0__2_n_84
    SLICE_X64Y138        LUT2 (Prop_B6LUT_SLICEM_I1_O)
                                                      0.125     5.770 r  u_decoder_block_attention_mlp_fixture/u_residual_mlp_fixture/(null)[0].value_i0__6_i_132/O
                         net (fo=1, routed)           0.016     5.786    u_decoder_block_attention_mlp_fixture/u_residual_mlp_fixture/(null)[0].value_i0__6_i_132_n_0
    SLICE_X64Y138        CARRY8 (Prop_CARRY8_SLICEM_S[1]_CO[7])
                                                      0.190     5.976 r  u_decoder_block_attention_mlp_fixture/u_residual_mlp_fixture/(null)[0].value_i0__6_i_75/CO[7]
                         net (fo=1, routed)           0.026     6.002    u_decoder_block_attention_mlp_fixture/u_residual_mlp_fixture/(null)[0].value_i0__6_i_75_n_0
    SLICE_X64Y139        CARRY8 (Prop_CARRY8_SLICEM_CI_CO[0])
                                                      0.052     6.054 r  u_decoder_block_attention_mlp_fixture/u_residual_mlp_fixture/(null)[0].value_i0__6_i_39/CO[0]
                         net (fo=16, routed)          0.916     6.969    u_decoder_block_attention_mlp_fixture/u_residual_mlp_fixture/(null)[0].value_i0__6_i_39_n_7
    SLICE_X74Y141        LUT3 (Prop_A5LUT_SLICEM_I0_O)
                                                      0.139     7.108 r  u_decoder_block_attention_mlp_fixture/u_residual_mlp_fixture/(null)[0].value_i0__6_i_19/O
                         net (fo=1, routed)           0.244     7.352    u_decoder_block_attention_mlp_fixture/u_residual_mlp_fixture/(null)[0].value_i0__6/A[13]
    DSP48E2_X7Y56        DSP_A_B_DATA                                 r  u_decoder_block_attention_mlp_fixture/u_residual_mlp_fixture/(null)[0].value_i0__6/DSP_A_B_DATA_INST/A[13]
  -------------------------------------------------------------------    -------------------

                         (clock aclk rise edge)       5.000     5.000 r  
    C3                                                0.000     5.000 r  aclk (IN)
                         net (fo=0)                   0.000     5.000    aclk_IBUF_inst/I
    C3                   INBUF (Prop_INBUF_HDIOB_M_PAD_O)
                                                      0.555     5.555 r  aclk_IBUF_inst/INBUF_INST/O
                         net (fo=1, routed)           0.000     5.555    aclk_IBUF_inst/OUT
    C3                   IBUFCTRL (Prop_IBUFCTRL_HDIOB_M_I_O)
                                                      0.000     5.555 r  aclk_IBUF_inst/IBUFCTRL_INST/O
                         net (fo=1, routed)           0.169     5.724    aclk_IBUF
    BUFGCE_HDIO_X2Y2     BUFGCE (Prop_BUFCE_BUFGCE_HDIO_I_O)
                                                      0.024     5.748 r  aclk_IBUF_BUFG_inst/O
    X1Y2 (CLOCK_ROOT)    net (fo=812, routed)         2.233     7.981    u_decoder_block_attention_mlp_fixture/u_residual_mlp_fixture/(null)[0].value_i0__6/CLK
    DSP48E2_X7Y56        DSP_A_B_DATA                                 r  u_decoder_block_attention_mlp_fixture/u_residual_mlp_fixture/(null)[0].value_i0__6/DSP_A_B_DATA_INST/CLK
                         clock pessimism              0.727     8.708    
                         clock uncertainty           -0.035     8.672    
    DSP48E2_X7Y56        DSP_A_B_DATA (Setup_DSP_A_B_DATA_DSP48E2_CLK_A[13])
                                                     -0.272     8.400    u_decoder_block_attention_mlp_fixture/u_residual_mlp_fixture/(null)[0].value_i0__6/DSP_A_B_DATA_INST
  -------------------------------------------------------------------
                         required time                          8.400    
                         arrival time                          -7.352    
  -------------------------------------------------------------------
                         slack                                  1.048    





Min Delay Paths
--------------------------------------------------------------------------------------
Slack (MET) :             0.021ns  (arrival time - required time)
  Source:                 u_decoder_block_attention_mlp_fixture/u_decoder_child_attention_datapath/u_attention_kv_cache_fixture/state_r_reg[2]/C
                            (rising edge-triggered cell FDRE clocked by aclk  {rise@0.000ns fall@2.500ns period=5.000ns})
  Destination:            u_decoder_block_attention_mlp_fixture/u_decoder_child_attention_datapath/u_attention_kv_cache_fixture/weighted_value_at_return0__5/D
                            (rising edge-triggered cell FDRE clocked by aclk  {rise@0.000ns fall@2.500ns period=5.000ns})
  Path Group:             aclk
  Path Type:              Hold (Min at Fast Process Corner)
  Requirement:            0.000ns  (aclk rise@0.000ns - aclk rise@0.000ns)
  Data Path Delay:        0.085ns  (logic 0.038ns (44.506%)  route 0.047ns (55.494%))
  Logic Levels:           0  
  Clock Path Skew:        0.017ns (DCD - SCD - CPR)
    Destination Clock Delay (DCD):    2.381ns
    Source Clock Delay      (SCD):    1.895ns
    Clock Pessimism Removal (CPR):    0.468ns
  Clock Net Delay (Source):      1.392ns (routing 0.852ns, distribution 0.540ns)
  Clock Net Delay (Destination): 1.564ns (routing 0.951ns, distribution 0.613ns)

    Location             Delay type                Incr(ns)  Path(ns)    Netlist Resource(s)
  -------------------------------------------------------------------    -------------------
                         (clock aclk rise edge)       0.000     0.000 r  
    C3                                                0.000     0.000 r  aclk (IN)
                         net (fo=0)                   0.000     0.000    aclk_IBUF_inst/I
    C3                   INBUF (Prop_INBUF_HDIOB_M_PAD_O)
                                                      0.396     0.396 r  aclk_IBUF_inst/INBUF_INST/O
                         net (fo=1, routed)           0.000     0.396    aclk_IBUF_inst/OUT
    C3                   IBUFCTRL (Prop_IBUFCTRL_HDIOB_M_I_O)
                                                      0.000     0.396 r  aclk_IBUF_inst/IBUFCTRL_INST/O
                         net (fo=1, routed)           0.091     0.487    aclk_IBUF
    BUFGCE_HDIO_X2Y2     BUFGCE (Prop_BUFCE_BUFGCE_HDIO_I_O)
                                                      0.017     0.504 r  aclk_IBUF_BUFG_inst/O
    X1Y2 (CLOCK_ROOT)    net (fo=812, routed)         1.392     1.895    u_decoder_block_attention_mlp_fixture/u_decoder_child_attention_datapath/u_attention_kv_cache_fixture/aclk_IBUF_BUFG
    SLICE_X74Y137        FDRE                                         r  u_decoder_block_attention_mlp_fixture/u_decoder_child_attention_datapath/u_attention_kv_cache_fixture/state_r_reg[2]/C
  -------------------------------------------------------------------    -------------------
    SLICE_X74Y137        FDRE (Prop_CFF_SLICEM_C_Q)
                                                      0.038     1.933 r  u_decoder_block_attention_mlp_fixture/u_decoder_child_attention_datapath/u_attention_kv_cache_fixture/state_r_reg[2]/Q
                         net (fo=48, routed)          0.047     1.981    u_decoder_block_attention_mlp_fixture/u_decoder_child_attention_datapath/u_attention_kv_cache_fixture/Q[2]
    SLICE_X74Y136        FDRE                                         r  u_decoder_block_attention_mlp_fixture/u_decoder_child_attention_datapath/u_attention_kv_cache_fixture/weighted_value_at_return0__5/D
  -------------------------------------------------------------------    -------------------

                         (clock aclk rise edge)       0.000     0.000 r  
    C3                                                0.000     0.000 r  aclk (IN)
                         net (fo=0)                   0.000     0.000    aclk_IBUF_inst/I
    C3                   INBUF (Prop_INBUF_HDIOB_M_PAD_O)
                                                      0.684     0.684 r  aclk_IBUF_inst/INBUF_INST/O
                         net (fo=1, routed)           0.000     0.684    aclk_IBUF_inst/OUT
    C3                   IBUFCTRL (Prop_IBUFCTRL_HDIOB_M_I_O)
                                                      0.000     0.684 r  aclk_IBUF_inst/IBUFCTRL_INST/O
                         net (fo=1, routed)           0.113     0.797    aclk_IBUF
    BUFGCE_HDIO_X2Y2     BUFGCE (Prop_BUFCE_BUFGCE_HDIO_I_O)
                                                      0.019     0.816 r  aclk_IBUF_BUFG_inst/O
    X1Y2 (CLOCK_ROOT)    net (fo=812, routed)         1.564     2.381    u_decoder_block_attention_mlp_fixture/u_decoder_child_attention_datapath/u_attention_kv_cache_fixture/aclk_IBUF_BUFG
    SLICE_X74Y136        FDRE                                         r  u_decoder_block_attention_mlp_fixture/u_decoder_child_attention_datapath/u_attention_kv_cache_fixture/weighted_value_at_return0__5/C
                         clock pessimism             -0.468     1.913    
    SLICE_X74Y136        FDRE (Hold_HFF2_SLICEM_C_D)
                                                      0.047     1.960    u_decoder_block_attention_mlp_fixture/u_decoder_child_attention_datapath/u_attention_kv_cache_fixture/weighted_value_at_return0__5
  -------------------------------------------------------------------
                         required time                         -1.960    
                         arrival time                           1.981    
  -------------------------------------------------------------------
                         slack                                  0.021    





Pulse Width Checks
--------------------------------------------------------------------------------------
Clock Name:         aclk
Waveform(ns):       { 0.000 2.500 }
Period(ns):         5.000
Sources:            { aclk }

Check Type        Corner  Lib Pin   Reference Pin  Required(ns)  Actual(ns)  Slack(ns)  Location          Pin
Min Period        n/a     BUFGCE/I  n/a            1.290         5.000       3.710      BUFGCE_HDIO_X2Y2  aclk_IBUF_BUFG_inst/I
Low Pulse Width   Slow    FDRE/C    n/a            0.275         2.500       2.225      SLICE_X75Y169     FSM_sequential_state_r_reg[0]/C
High Pulse Width  Slow    FDRE/C    n/a            0.275         2.500       2.225      SLICE_X75Y169     FSM_sequential_state_r_reg[0]/C



