Copyright 1986-2022 Xilinx, Inc. All Rights Reserved. Copyright 2022-2024 Advanced Micro Devices, Inc. All Rights Reserved.
--------------------------------------------------------------------------------------------------------------------------------------------------
| Tool Version      : Vivado v.2024.1 (lin64) Build 5076996 Wed May 22 18:36:09 MDT 2024
| Date              : Tue Jun 16 09:48:39 2026
| Host              : iamjames77-MS-7D76 running 64-bit Ubuntu 22.04.5 LTS
| Command           : report_timing_summary -file timing_summary.rpt
| Design            : projection_axi_stream_integration
| Device            : xczu7ev-ffvc1156
| Speed File        : -2  PRODUCTION 1.30 05-15-2022
| Design State      : Routed
| Temperature Grade : E
--------------------------------------------------------------------------------------------------------------------------------------------------

Timing Summary Report

------------------------------------------------------------------------------------------------
| Timer Settings
| --------------
------------------------------------------------------------------------------------------------

  Enable Multi Corner Analysis               :  Yes
  Enable Pessimism Removal                   :  Yes
  Pessimism Removal Resolution               :  Nearest Common Node
  Enable Input Delay Default Clock           :  No
  Enable Preset / Clear Arcs                 :  No
  Disable Flight Delays                      :  No
  Ignore I/O Paths                           :  No
  Timing Early Launch at Borrowing Latches   :  No
  Borrow Time for Max Delay Exceptions       :  Yes
  Merge Timing Exceptions                    :  Yes
  Inter-SLR Compensation                     :  Conservative

  Corner  Analyze    Analyze    
  Name    Max Paths  Min Paths  
  ------  ---------  ---------  
  Slow    Yes        Yes        
  Fast    Yes        Yes        


------------------------------------------------------------------------------------------------
| Report Methodology
| ------------------
------------------------------------------------------------------------------------------------

No report available as report_methodology has not been run prior. Run report_methodology on the current design for the summary of methodology violations.



check_timing report

Table of Contents
-----------------
1. checking no_clock (0)
2. checking constant_clock (0)
3. checking pulse_width_clock (0)
4. checking unconstrained_internal_endpoints (0)
5. checking no_input_delay (2)
6. checking no_output_delay (93)
7. checking multiple_clock (0)
8. checking generated_clocks (0)
9. checking loops (0)
10. checking partial_input_delay (0)
11. checking partial_output_delay (0)
12. checking latch_loops (0)

1. checking no_clock (0)
------------------------
 There are 0 register/latch pins with no clock.


2. checking constant_clock (0)
------------------------------
 There are 0 register/latch pins with constant_clock.


3. checking pulse_width_clock (0)
---------------------------------
 There are 0 register/latch pins which need pulse_width check


4. checking unconstrained_internal_endpoints (0)
------------------------------------------------
 There are 0 pins that are not constrained for maximum delay.

 There are 0 pins that are not constrained for maximum delay due to constant clock.


5. checking no_input_delay (2)
------------------------------
 There are 2 input ports with no input delay specified. (HIGH)

 There are 0 input ports with no input delay but user has a false path constraint.


6. checking no_output_delay (93)
--------------------------------
 There are 93 ports with no output delay specified. (HIGH)

 There are 0 ports with no output delay but user has a false path constraint

 There are 0 ports with no output delay but with a timing clock defined on it or propagating through it


7. checking multiple_clock (0)
------------------------------
 There are 0 register/latch pins with multiple clocks.


8. checking generated_clocks (0)
--------------------------------
 There are 0 generated clocks that are not connected to a clock source.


9. checking loops (0)
---------------------
 There are 0 combinational loops in the design.


10. checking partial_input_delay (0)
------------------------------------
 There are 0 input ports with partial input delay specified.


11. checking partial_output_delay (0)
-------------------------------------
 There are 0 ports with partial output delay specified.


12. checking latch_loops (0)
----------------------------
 There are 0 combinational latch loops in the design through latch input



------------------------------------------------------------------------------------------------
| Design Timing Summary
| ---------------------
------------------------------------------------------------------------------------------------

    WNS(ns)      TNS(ns)  TNS Failing Endpoints  TNS Total Endpoints      WHS(ns)      THS(ns)  THS Failing Endpoints  THS Total Endpoints     WPWS(ns)     TPWS(ns)  TPWS Failing Endpoints  TPWS Total Endpoints  
    -------      -------  ---------------------  -------------------      -------      -------  ---------------------  -------------------     --------     --------  ----------------------  --------------------  
      2.273        0.000                      0                  438        0.026        0.000                      0                  438        2.225        0.000                       0                   176  


All user specified timing constraints are met.


------------------------------------------------------------------------------------------------
| Clock Summary
| -------------
------------------------------------------------------------------------------------------------

Clock  Waveform(ns)         Period(ns)      Frequency(MHz)
-----  ------------         ----------      --------------
aclk   {0.000 2.500}        5.000           200.000         


------------------------------------------------------------------------------------------------
| Intra Clock Table
| -----------------
------------------------------------------------------------------------------------------------

Clock             WNS(ns)      TNS(ns)  TNS Failing Endpoints  TNS Total Endpoints      WHS(ns)      THS(ns)  THS Failing Endpoints  THS Total Endpoints     WPWS(ns)     TPWS(ns)  TPWS Failing Endpoints  TPWS Total Endpoints  
-----             -------      -------  ---------------------  -------------------      -------      -------  ---------------------  -------------------     --------     --------  ----------------------  --------------------  
aclk                2.273        0.000                      0                  438        0.026        0.000                      0                  438        2.225        0.000                       0                   176  


------------------------------------------------------------------------------------------------
| Inter Clock Table
| -----------------
------------------------------------------------------------------------------------------------

From Clock    To Clock          WNS(ns)      TNS(ns)  TNS Failing Endpoints  TNS Total Endpoints      WHS(ns)      THS(ns)  THS Failing Endpoints  THS Total Endpoints  
----------    --------          -------      -------  ---------------------  -------------------      -------      -------  ---------------------  -------------------  


------------------------------------------------------------------------------------------------
| Other Path Groups Table
| -----------------------
------------------------------------------------------------------------------------------------

Path Group    From Clock    To Clock          WNS(ns)      TNS(ns)  TNS Failing Endpoints  TNS Total Endpoints      WHS(ns)      THS(ns)  THS Failing Endpoints  THS Total Endpoints  
----------    ----------    --------          -------      -------  ---------------------  -------------------      -------      -------  ---------------------  -------------------  


------------------------------------------------------------------------------------------------
| Timing Details
| --------------
------------------------------------------------------------------------------------------------


---------------------------------------------------------------------------------------------------
From Clock:  aclk
  To Clock:  aclk

Setup :            0  Failing Endpoints,  Worst Slack        2.273ns,  Total Violation        0.000ns
Hold  :            0  Failing Endpoints,  Worst Slack        0.026ns,  Total Violation        0.000ns
PW    :            0  Failing Endpoints,  Worst Slack        2.225ns,  Total Violation        0.000ns
---------------------------------------------------------------------------------------------------


Max Delay Paths
--------------------------------------------------------------------------------------
Slack (MET) :             2.273ns  (required time - arrival time)
  Source:                 compute_dequant_r0/DSP_A_B_DATA_INST/CLK
                            (rising edge-triggered cell DSP_A_B_DATA clocked by aclk  {rise@0.000ns fall@2.500ns period=5.000ns})
  Destination:            compute_product_r0/DSP_A_B_DATA_INST/A[6]
                            (rising edge-triggered cell DSP_A_B_DATA clocked by aclk  {rise@0.000ns fall@2.500ns period=5.000ns})
  Path Group:             aclk
  Path Type:              Setup (Max at Slow Process Corner)
  Requirement:            5.000ns  (aclk rise@5.000ns - aclk rise@0.000ns)
  Data Path Delay:        2.364ns  (logic 1.736ns (73.435%)  route 0.628ns (26.565%))
  Logic Levels:           6  (DSP_ALU=1 DSP_M_DATA=1 DSP_MULTIPLIER=1 DSP_OUTPUT=1 DSP_PREADD_DATA=1 LUT2=1)
  Clock Path Skew:        -0.056ns (DCD - SCD + CPR)
    Destination Clock Delay (DCD):    2.298ns = ( 7.298 - 5.000 ) 
    Source Clock Delay      (SCD):    3.077ns
    Clock Pessimism Removal (CPR):    0.723ns
  Clock Uncertainty:      0.035ns  ((TSJ^2 + TIJ^2)^1/2 + DJ) / 2 + PE
    Total System Jitter     (TSJ):    0.071ns
    Total Input Jitter      (TIJ):    0.000ns
    Discrete Jitter          (DJ):    0.000ns
    Phase Error              (PE):    0.000ns
  Clock Net Delay (Source):      1.848ns (routing 0.979ns, distribution 0.869ns)
  Clock Net Delay (Destination): 1.615ns (routing 0.888ns, distribution 0.727ns)

    Location             Delay type                Incr(ns)  Path(ns)    Netlist Resource(s)
  -------------------------------------------------------------------    -------------------
                         (clock aclk rise edge)       0.000     0.000 r  
    M9                                                0.000     0.000 r  aclk (IN)
                         net (fo=0)                   0.000     0.000    aclk_IBUF_inst/I
    M9                   INBUF (Prop_INBUF_HDIOB_M_PAD_O)
                                                      0.997     0.997 r  aclk_IBUF_inst/INBUF_INST/O
                         net (fo=1, routed)           0.000     0.997    aclk_IBUF_inst/OUT
    M9                   IBUFCTRL (Prop_IBUFCTRL_HDIOB_M_I_O)
                                                      0.000     0.997 r  aclk_IBUF_inst/IBUFCTRL_INST/O
                         net (fo=1, routed)           0.204     1.201    aclk_IBUF
    BUFGCE_HDIO_X2Y0     BUFGCE (Prop_BUFCE_BUFGCE_HDIO_I_O)
                                                      0.028     1.229 r  aclk_IBUF_BUFG_inst/O
    X2Y2 (CLOCK_ROOT)    net (fo=187, routed)         1.848     3.077    compute_dequant_r0/CLK
    DSP48E2_X7Y62        DSP_A_B_DATA                                 r  compute_dequant_r0/DSP_A_B_DATA_INST/CLK
  -------------------------------------------------------------------    -------------------
    DSP48E2_X7Y62        DSP_A_B_DATA (Prop_DSP_A_B_DATA_DSP48E2_CLK_B2_DATA[7])
                                                      0.212     3.289 r  compute_dequant_r0/DSP_A_B_DATA_INST/B2_DATA[7]
                         net (fo=1, routed)           0.000     3.289    compute_dequant_r0/DSP_A_B_DATA.B2_DATA<7>
    DSP48E2_X7Y62        DSP_PREADD_DATA (Prop_DSP_PREADD_DATA_DSP48E2_B2_DATA[7]_B2B1[7])
                                                      0.073     3.362 r  compute_dequant_r0/DSP_PREADD_DATA_INST/B2B1[7]
                         net (fo=1, routed)           0.000     3.362    compute_dequant_r0/DSP_PREADD_DATA.B2B1<7>
    DSP48E2_X7Y62        DSP_MULTIPLIER (Prop_DSP_MULTIPLIER_DSP48E2_B2B1[7]_V[6])
                                                      0.609     3.971 f  compute_dequant_r0/DSP_MULTIPLIER_INST/V[6]
                         net (fo=1, routed)           0.000     3.971    compute_dequant_r0/DSP_MULTIPLIER.V<6>
    DSP48E2_X7Y62        DSP_M_DATA (Prop_DSP_M_DATA_DSP48E2_V[6]_V_DATA[6])
                                                      0.046     4.017 r  compute_dequant_r0/DSP_M_DATA_INST/V_DATA[6]
                         net (fo=1, routed)           0.000     4.017    compute_dequant_r0/DSP_M_DATA.V_DATA<6>
    DSP48E2_X7Y62        DSP_ALU (Prop_DSP_ALU_DSP48E2_V_DATA[6]_ALU_OUT[6])
                                                      0.571     4.588 f  compute_dequant_r0/DSP_ALU_INST/ALU_OUT[6]
                         net (fo=1, routed)           0.000     4.588    compute_dequant_r0/DSP_ALU.ALU_OUT<6>
    DSP48E2_X7Y62        DSP_OUTPUT (Prop_DSP_OUTPUT_DSP48E2_ALU_OUT[6]_P[6])
                                                      0.109     4.697 r  compute_dequant_r0/DSP_OUTPUT_INST/P[6]
                         net (fo=1, routed)           0.291     4.988    compute_dequant_r0_n_99
    SLICE_X70Y152        LUT2 (Prop_B5LUT_SLICEM_I1_O)
                                                      0.116     5.104 r  compute_product_r0_i_24/O
                         net (fo=1, routed)           0.337     5.441    compute_product_r0/A[6]
    DSP48E2_X7Y60        DSP_A_B_DATA                                 r  compute_product_r0/DSP_A_B_DATA_INST/A[6]
  -------------------------------------------------------------------    -------------------

                         (clock aclk rise edge)       5.000     5.000 r  
    M9                                                0.000     5.000 r  aclk (IN)
                         net (fo=0)                   0.000     5.000    aclk_IBUF_inst/I
    M9                   INBUF (Prop_INBUF_HDIOB_M_PAD_O)
                                                      0.490     5.490 r  aclk_IBUF_inst/INBUF_INST/O
                         net (fo=1, routed)           0.000     5.490    aclk_IBUF_inst/OUT
    M9                   IBUFCTRL (Prop_IBUFCTRL_HDIOB_M_I_O)
                                                      0.000     5.490 r  aclk_IBUF_inst/IBUFCTRL_INST/O
                         net (fo=1, routed)           0.169     5.659    aclk_IBUF
    BUFGCE_HDIO_X2Y0     BUFGCE (Prop_BUFCE_BUFGCE_HDIO_I_O)
                                                      0.024     5.683 r  aclk_IBUF_BUFG_inst/O
    X2Y2 (CLOCK_ROOT)    net (fo=187, routed)         1.615     7.298    compute_product_r0/CLK
    DSP48E2_X7Y60        DSP_A_B_DATA                                 r  compute_product_r0/DSP_A_B_DATA_INST/CLK
                         clock pessimism              0.723     8.022    
                         clock uncertainty           -0.035     7.986    
    DSP48E2_X7Y60        DSP_A_B_DATA (Setup_DSP_A_B_DATA_DSP48E2_CLK_A[6])
                                                     -0.272     7.714    compute_product_r0/DSP_A_B_DATA_INST
  -------------------------------------------------------------------
                         required time                          7.714    
                         arrival time                          -5.441    
  -------------------------------------------------------------------
                         slack                                  2.273    





Min Delay Paths
--------------------------------------------------------------------------------------
Slack (MET) :             0.026ns  (arrival time - required time)
  Source:                 payload_consume_count_r_reg[1]/C
                            (rising edge-triggered cell FDRE clocked by aclk  {rise@0.000ns fall@2.500ns period=5.000ns})
  Destination:            packed_weight_r_reg[99]/D
                            (rising edge-triggered cell FDRE clocked by aclk  {rise@0.000ns fall@2.500ns period=5.000ns})
  Path Group:             aclk
  Path Type:              Hold (Min at Slow Process Corner)
  Requirement:            0.000ns  (aclk rise@0.000ns - aclk rise@0.000ns)
  Data Path Delay:        0.202ns  (logic 0.095ns (47.046%)  route 0.107ns (52.954%))
  Logic Levels:           1  (LUT5=1)
  Clock Path Skew:        0.114ns (DCD - SCD - CPR)
    Destination Clock Delay (DCD):    3.089ns
    Source Clock Delay      (SCD):    2.303ns
    Clock Pessimism Removal (CPR):    0.672ns
  Clock Net Delay (Source):      1.620ns (routing 0.888ns, distribution 0.732ns)
  Clock Net Delay (Destination): 1.860ns (routing 0.979ns, distribution 0.881ns)

    Location             Delay type                Incr(ns)  Path(ns)    Netlist Resource(s)
  -------------------------------------------------------------------    -------------------
                         (clock aclk rise edge)       0.000     0.000 r  
    M9                                                0.000     0.000 r  aclk (IN)
                         net (fo=0)                   0.000     0.000    aclk_IBUF_inst/I
    M9                   INBUF (Prop_INBUF_HDIOB_M_PAD_O)
                                                      0.490     0.490 r  aclk_IBUF_inst/INBUF_INST/O
                         net (fo=1, routed)           0.000     0.490    aclk_IBUF_inst/OUT
    M9                   IBUFCTRL (Prop_IBUFCTRL_HDIOB_M_I_O)
                                                      0.000     0.490 r  aclk_IBUF_inst/IBUFCTRL_INST/O
                         net (fo=1, routed)           0.169     0.659    aclk_IBUF
    BUFGCE_HDIO_X2Y0     BUFGCE (Prop_BUFCE_BUFGCE_HDIO_I_O)
                                                      0.024     0.683 r  aclk_IBUF_BUFG_inst/O
    X2Y2 (CLOCK_ROOT)    net (fo=187, routed)         1.620     2.303    aclk_IBUF_BUFG
    SLICE_X66Y164        FDRE                                         r  payload_consume_count_r_reg[1]/C
  -------------------------------------------------------------------    -------------------
    SLICE_X66Y164        FDRE (Prop_DFF2_SLICEL_C_Q)
                                                      0.061     2.364 r  payload_consume_count_r_reg[1]/Q
                         net (fo=40, routed)          0.098     2.462    integration_status_o_OBUF[17]
    SLICE_X67Y163        LUT5 (Prop_H5LUT_SLICEM_I0_O)
                                                      0.034     2.496 r  packed_weight_r[99]_i_1/O
                         net (fo=1, routed)           0.009     2.505    packed_weight_r[99]_i_1_n_0
    SLICE_X67Y163        FDRE                                         r  packed_weight_r_reg[99]/D
  -------------------------------------------------------------------    -------------------

                         (clock aclk rise edge)       0.000     0.000 r  
    M9                                                0.000     0.000 r  aclk (IN)
                         net (fo=0)                   0.000     0.000    aclk_IBUF_inst/I
    M9                   INBUF (Prop_INBUF_HDIOB_M_PAD_O)
                                                      0.997     0.997 r  aclk_IBUF_inst/INBUF_INST/O
                         net (fo=1, routed)           0.000     0.997    aclk_IBUF_inst/OUT
    M9                   IBUFCTRL (Prop_IBUFCTRL_HDIOB_M_I_O)
                                                      0.000     0.997 r  aclk_IBUF_inst/IBUFCTRL_INST/O
                         net (fo=1, routed)           0.204     1.201    aclk_IBUF
    BUFGCE_HDIO_X2Y0     BUFGCE (Prop_BUFCE_BUFGCE_HDIO_I_O)
                                                      0.028     1.229 r  aclk_IBUF_BUFG_inst/O
    X2Y2 (CLOCK_ROOT)    net (fo=187, routed)         1.860     3.089    aclk_IBUF_BUFG
    SLICE_X67Y163        FDRE                                         r  packed_weight_r_reg[99]/C
                         clock pessimism             -0.672     2.417    
    SLICE_X67Y163        FDRE (Hold_HFF2_SLICEM_C_D)
                                                      0.062     2.479    packed_weight_r_reg[99]
  -------------------------------------------------------------------
                         required time                         -2.479    
                         arrival time                           2.505    
  -------------------------------------------------------------------
                         slack                                  0.026    





Pulse Width Checks
--------------------------------------------------------------------------------------
Clock Name:         aclk
Waveform(ns):       { 0.000 2.500 }
Period(ns):         5.000
Sources:            { aclk }

Check Type        Corner  Lib Pin   Reference Pin  Required(ns)  Actual(ns)  Slack(ns)  Location          Pin
Min Period        n/a     BUFGCE/I  n/a            1.290         5.000       3.710      BUFGCE_HDIO_X2Y0  aclk_IBUF_BUFG_inst/I
Low Pulse Width   Slow    FDRE/C    n/a            0.275         2.500       2.225      SLICE_X66Y169     accepted_beat_trace_r_reg[0]/C
High Pulse Width  Slow    FDRE/C    n/a            0.275         2.500       2.225      SLICE_X66Y169     accepted_beat_trace_r_reg[0]/C



